Start testing: Oct 06 15:17 CEST
----------------------------------------------------------
1/10 Testing: test_cijfer_calculator
1/10 Test: test_cijfer_calculator
Command: "/usr/bin/python3" "-u" "/opt/ros/jazzy/share/ament_cmake_test/cmake/run_test.py" "/home/broodjesemih/ass_ros2_ws/build/g1_ass1_pkg/test_results/g1_ass1_pkg/test_cijfer_calculator.gtest.xml" "--package-name" "g1_ass1_pkg" "--output-file" "/home/broodjesemih/ass_ros2_ws/build/g1_ass1_pkg/ament_cmake_gtest/test_cijfer_calculator.txt" "--command" "/home/broodjesemih/ass_ros2_ws/build/g1_ass1_pkg/test_cijfer_calculator" "--gtest_output=xml:/home/broodjesemih/ass_ros2_ws/build/g1_ass1_pkg/test_results/g1_ass1_pkg/test_cijfer_calculator.gtest.xml"
Directory: /home/broodjesemih/ass_ros2_ws/build/g1_ass1_pkg
"test_cijfer_calculator" start time: Oct 06 15:17 CEST
Output:
----------------------------------------------------------
-- run_test.py: invoking following command in '/home/broodjesemih/ass_ros2_ws/build/g1_ass1_pkg':
 - /home/broodjesemih/ass_ros2_ws/build/g1_ass1_pkg/test_cijfer_calculator --gtest_output=xml:/home/broodjesemih/ass_ros2_ws/build/g1_ass1_pkg/test_results/g1_ass1_pkg/test_cijfer_calculator.gtest.xml
[==========] Running 1 test from 1 test suite.
[----------] Global test environment set-up.
[----------] 1 test from TestSuite
[ RUN      ] TestSuite.test_example
[       OK ] TestSuite.test_example (0 ms)
[----------] 1 test from TestSuite (0 ms total)

[----------] Global test environment tear-down
[==========] 1 test from 1 test suite ran. (0 ms total)
[  PASSED  ] 1 test.
-- run_test.py: return code 0
-- run_test.py: inject classname prefix into gtest result file '/home/broodjesemih/ass_ros2_ws/build/g1_ass1_pkg/test_results/g1_ass1_pkg/test_cijfer_calculator.gtest.xml'
-- run_test.py: verify result file '/home/broodjesemih/ass_ros2_ws/build/g1_ass1_pkg/test_results/g1_ass1_pkg/test_cijfer_calculator.gtest.xml'
<end of output>
Test time =   0.05 sec
----------------------------------------------------------
Test Passed.
"test_cijfer_calculator" end time: Oct 06 15:17 CEST
"test_cijfer_calculator" time elapsed: 00:00:00
----------------------------------------------------------

2/10 Testing: test_cijfer_service
2/10 Test: test_cijfer_service
Command: "/usr/bin/python3" "-u" "/opt/ros/jazzy/share/ament_cmake_test/cmake/run_test.py" "/home/broodjesemih/ass_ros2_ws/build/g1_ass1_pkg/test_results/g1_ass1_pkg/test_cijfer_service.gtest.xml" "--package-name" "g1_ass1_pkg" "--output-file" "/home/broodjesemih/ass_ros2_ws/build/g1_ass1_pkg/ament_cmake_gtest/test_cijfer_service.txt" "--command" "/home/broodjesemih/ass_ros2_ws/build/g1_ass1_pkg/test_cijfer_service" "--gtest_output=xml:/home/broodjesemih/ass_ros2_ws/build/g1_ass1_pkg/test_results/g1_ass1_pkg/test_cijfer_service.gtest.xml"
Directory: /home/broodjesemih/ass_ros2_ws/build/g1_ass1_pkg
"test_cijfer_service" start time: Oct 06 15:17 CEST
Output:
----------------------------------------------------------
-- run_test.py: invoking following command in '/home/broodjesemih/ass_ros2_ws/build/g1_ass1_pkg':
 - /home/broodjesemih/ass_ros2_ws/build/g1_ass1_pkg/test_cijfer_service --gtest_output=xml:/home/broodjesemih/ass_ros2_ws/build/g1_ass1_pkg/test_results/g1_ass1_pkg/test_cijfer_service.gtest.xml
[==========] Running 5 tests from 1 test suite.
[----------] Global test environment set-up.
[----------] 5 tests from TestCijferService
[ RUN      ] TestCijferService.test_average_calculation
[       OK ] TestCijferService.test_average_calculation (199 ms)
[ RUN      ] TestCijferService.test_wessel_bonus
[       OK ] TestCijferService.test_wessel_bonus (197 ms)
[ RUN      ] TestCijferService.test_max_clamp
[       OK ] TestCijferService.test_max_clamp (196 ms)
[ RUN      ] TestCijferService.test_min_clamp
[       OK ] TestCijferService.test_min_clamp (196 ms)
[ RUN      ] TestCijferService.test_empty_cijfers
[       OK ] TestCijferService.test_empty_cijfers (188 ms)
[----------] 5 tests from TestCijferService (978 ms total)

[----------] Global test environment tear-down
[==========] 5 tests from 1 test suite ran. (982 ms total)
[  PASSED  ] 5 tests.
-- run_test.py: return code 0
-- run_test.py: inject classname prefix into gtest result file '/home/broodjesemih/ass_ros2_ws/build/g1_ass1_pkg/test_results/g1_ass1_pkg/test_cijfer_service.gtest.xml'
-- run_test.py: verify result file '/home/broodjesemih/ass_ros2_ws/build/g1_ass1_pkg/test_results/g1_ass1_pkg/test_cijfer_service.gtest.xml'
<end of output>
Test time =   1.14 sec
----------------------------------------------------------
Test Passed.
"test_cijfer_service" end time: Oct 06 15:17 CEST
"test_cijfer_service" time elapsed: 00:00:01
----------------------------------------------------------

3/10 Testing: test_tentamen_publisher
3/10 Test: test_tentamen_publisher
Command: "/usr/bin/python3" "-u" "/opt/ros/jazzy/share/ament_cmake_test/cmake/run_test.py" "/home/broodjesemih/ass_ros2_ws/build/g1_ass1_pkg/test_results/g1_ass1_pkg/test_tentamen_publisher.gtest.xml" "--package-name" "g1_ass1_pkg" "--output-file" "/home/broodjesemih/ass_ros2_ws/build/g1_ass1_pkg/ament_cmake_gtest/test_tentamen_publisher.txt" "--command" "/home/broodjesemih/ass_ros2_ws/build/g1_ass1_pkg/test_tentamen_publisher" "--gtest_output=xml:/home/broodjesemih/ass_ros2_ws/build/g1_ass1_pkg/test_results/g1_ass1_pkg/test_tentamen_publisher.gtest.xml"
Directory: /home/broodjesemih/ass_ros2_ws/build/g1_ass1_pkg
"test_tentamen_publisher" start time: Oct 06 15:17 CEST
Output:
----------------------------------------------------------
-- run_test.py: invoking following command in '/home/broodjesemih/ass_ros2_ws/build/g1_ass1_pkg':
 - /home/broodjesemih/ass_ros2_ws/build/g1_ass1_pkg/test_tentamen_publisher --gtest_output=xml:/home/broodjesemih/ass_ros2_ws/build/g1_ass1_pkg/test_results/g1_ass1_pkg/test_tentamen_publisher.gtest.xml
[==========] Running 2 tests from 1 test suite.
[----------] Global test environment set-up.
[----------] 2 tests from TestTentamenPublisher
[ RUN      ] TestTentamenPublisher.test_tentamen_published
[       OK ] TestTentamenPublisher.test_tentamen_published (913 ms)
[ RUN      ] TestTentamenPublisher.test_multiple_messages
[       OK ] TestTentamenPublisher.test_multiple_messages (5024 ms)
[----------] 2 tests from TestTentamenPublisher (5938 ms total)

[----------] Global test environment tear-down
[==========] 2 tests from 1 test suite ran. (5943 ms total)
[  PASSED  ] 2 tests.
-- run_test.py: return code 0
-- run_test.py: inject classname prefix into gtest result file '/home/broodjesemih/ass_ros2_ws/build/g1_ass1_pkg/test_results/g1_ass1_pkg/test_tentamen_publisher.gtest.xml'
-- run_test.py: verify result file '/home/broodjesemih/ass_ros2_ws/build/g1_ass1_pkg/test_results/g1_ass1_pkg/test_tentamen_publisher.gtest.xml'
<end of output>
Test time =   6.10 sec
----------------------------------------------------------
Test Passed.
"test_tentamen_publisher" end time: Oct 06 15:17 CEST
"test_tentamen_publisher" time elapsed: 00:00:06
----------------------------------------------------------

4/10 Testing: test_final_cijfer_determinator
4/10 Test: test_final_cijfer_determinator
Command: "/usr/bin/python3" "-u" "/opt/ros/jazzy/share/ament_cmake_test/cmake/run_test.py" "/home/broodjesemih/ass_ros2_ws/build/g1_ass1_pkg/test_results/g1_ass1_pkg/test_final_cijfer_determinator.gtest.xml" "--package-name" "g1_ass1_pkg" "--output-file" "/home/broodjesemih/ass_ros2_ws/build/g1_ass1_pkg/ament_cmake_gtest/test_final_cijfer_determinator.txt" "--command" "/home/broodjesemih/ass_ros2_ws/build/g1_ass1_pkg/test_final_cijfer_determinator" "--gtest_output=xml:/home/broodjesemih/ass_ros2_ws/build/g1_ass1_pkg/test_results/g1_ass1_pkg/test_final_cijfer_determinator.gtest.xml"
Directory: /home/broodjesemih/ass_ros2_ws/build/g1_ass1_pkg
"test_final_cijfer_determinator" start time: Oct 06 15:17 CEST
Output:
----------------------------------------------------------
-- run_test.py: invoking following command in '/home/broodjesemih/ass_ros2_ws/build/g1_ass1_pkg':
 - /home/broodjesemih/ass_ros2_ws/build/g1_ass1_pkg/test_final_cijfer_determinator --gtest_output=xml:/home/broodjesemih/ass_ros2_ws/build/g1_ass1_pkg/test_results/g1_ass1_pkg/test_final_cijfer_determinator.gtest.xml
[==========] Running 3 tests from 1 test suite.
[----------] Global test environment set-up.
[----------] 3 tests from TestFinalCijferDeterminator
[ RUN      ] TestFinalCijferDeterminator.test_subscription_active
/home/broodjesemih/ass_ros2_ws/src/g1_ass1_pkg/test/test_final_cijfer_determinator.cpp:27: Failure
Expected: (publisher->get_subscription_count()) >= (1), actual: 0 vs 1
final_cijfer_determinator should be subscribed

[  FAILED  ] TestFinalCijferDeterminator.test_subscription_active (511 ms)
[ RUN      ] TestFinalCijferDeterminator.test_tentamen_reception
/home/broodjesemih/ass_ros2_ws/src/g1_ass1_pkg/test/test_final_cijfer_determinator.cpp:66: Failure
Value of: found
  Actual: false
Expected: true
Database should contain entry for TestStudent/TestCourse

[  FAILED  ] TestFinalCijferDeterminator.test_tentamen_reception (2608 ms)
[ RUN      ] TestFinalCijferDeterminator.test_three_tentamen_threshold
[       OK ] TestFinalCijferDeterminator.test_three_tentamen_threshold (1709 ms)
[----------] 3 tests from TestFinalCijferDeterminator (4829 ms total)

[----------] Global test environment tear-down
[==========] 3 tests from 1 test suite ran. (4834 ms total)
[  PASSED  ] 1 test.
[  FAILED  ] 2 tests, listed below:
[  FAILED  ] TestFinalCijferDeterminator.test_subscription_active
[  FAILED  ] TestFinalCijferDeterminator.test_tentamen_reception

 2 FAILED TESTS
-- run_test.py: return code 1
-- run_test.py: inject classname prefix into gtest result file '/home/broodjesemih/ass_ros2_ws/build/g1_ass1_pkg/test_results/g1_ass1_pkg/test_final_cijfer_determinator.gtest.xml'
-- run_test.py: verify result file '/home/broodjesemih/ass_ros2_ws/build/g1_ass1_pkg/test_results/g1_ass1_pkg/test_final_cijfer_determinator.gtest.xml'
<end of output>
Test time =   5.00 sec
----------------------------------------------------------
Test Failed.
"test_final_cijfer_determinator" end time: Oct 06 15:17 CEST
"test_final_cijfer_determinator" time elapsed: 00:00:04
----------------------------------------------------------

5/10 Testing: cppcheck
5/10 Test: cppcheck
Command: "/usr/bin/python3" "-u" "/opt/ros/jazzy/share/ament_cmake_test/cmake/run_test.py" "/home/broodjesemih/ass_ros2_ws/build/g1_ass1_pkg/test_results/g1_ass1_pkg/cppcheck.xunit.xml" "--package-name" "g1_ass1_pkg" "--output-file" "/home/broodjesemih/ass_ros2_ws/build/g1_ass1_pkg/ament_cppcheck/cppcheck.txt" "--command" "/opt/ros/jazzy/bin/ament_cppcheck" "--xunit-file" "/home/broodjesemih/ass_ros2_ws/build/g1_ass1_pkg/test_results/g1_ass1_pkg/cppcheck.xunit.xml"
Directory: /home/broodjesemih/ass_ros2_ws/src/g1_ass1_pkg
"cppcheck" start time: Oct 06 15:17 CEST
Output:
----------------------------------------------------------
-- run_test.py: invoking following command in '/home/broodjesemih/ass_ros2_ws/src/g1_ass1_pkg':
 - /opt/ros/jazzy/bin/ament_cppcheck --xunit-file /home/broodjesemih/ass_ros2_ws/build/g1_ass1_pkg/test_results/g1_ass1_pkg/cppcheck.xunit.xml
cppcheck 2.13.0 has known performance issues and therefore will not be used, set the AMENT_CPPCHECK_ALLOW_SLOW_VERSIONS environment variable to override this.
-- run_test.py: return code 0
-- run_test.py: verify result file '/home/broodjesemih/ass_ros2_ws/build/g1_ass1_pkg/test_results/g1_ass1_pkg/cppcheck.xunit.xml'
<end of output>
Test time =   0.11 sec
----------------------------------------------------------
Test Passed.
"cppcheck" end time: Oct 06 15:17 CEST
"cppcheck" time elapsed: 00:00:00
----------------------------------------------------------

6/10 Testing: flake8
6/10 Test: flake8
Command: "/usr/bin/python3" "-u" "/opt/ros/jazzy/share/ament_cmake_test/cmake/run_test.py" "/home/broodjesemih/ass_ros2_ws/build/g1_ass1_pkg/test_results/g1_ass1_pkg/flake8.xunit.xml" "--package-name" "g1_ass1_pkg" "--output-file" "/home/broodjesemih/ass_ros2_ws/build/g1_ass1_pkg/ament_flake8/flake8.txt" "--command" "/opt/ros/jazzy/bin/ament_flake8" "--xunit-file" "/home/broodjesemih/ass_ros2_ws/build/g1_ass1_pkg/test_results/g1_ass1_pkg/flake8.xunit.xml"
Directory: /home/broodjesemih/ass_ros2_ws/src/g1_ass1_pkg
"flake8" start time: Oct 06 15:17 CEST
Output:
----------------------------------------------------------
-- run_test.py: invoking following command in '/home/broodjesemih/ass_ros2_ws/src/g1_ass1_pkg':
 - /opt/ros/jazzy/bin/ament_flake8 --xunit-file /home/broodjesemih/ass_ros2_ws/build/g1_ass1_pkg/test_results/g1_ass1_pkg/flake8.xunit.xml

2 files checked
No problems found

Checked files:

* ./install/_local_setup_util_sh.py
* ./install/_local_setup_util_ps1.py
-- run_test.py: return code 0
-- run_test.py: verify result file '/home/broodjesemih/ass_ros2_ws/build/g1_ass1_pkg/test_results/g1_ass1_pkg/flake8.xunit.xml'
<end of output>
Test time =   0.26 sec
----------------------------------------------------------
Test Passed.
"flake8" end time: Oct 06 15:17 CEST
"flake8" time elapsed: 00:00:00
----------------------------------------------------------

7/10 Testing: lint_cmake
7/10 Test: lint_cmake
Command: "/usr/bin/python3" "-u" "/opt/ros/jazzy/share/ament_cmake_test/cmake/run_test.py" "/home/broodjesemih/ass_ros2_ws/build/g1_ass1_pkg/test_results/g1_ass1_pkg/lint_cmake.xunit.xml" "--package-name" "g1_ass1_pkg" "--output-file" "/home/broodjesemih/ass_ros2_ws/build/g1_ass1_pkg/ament_lint_cmake/lint_cmake.txt" "--command" "/opt/ros/jazzy/bin/ament_lint_cmake" "--xunit-file" "/home/broodjesemih/ass_ros2_ws/build/g1_ass1_pkg/test_results/g1_ass1_pkg/lint_cmake.xunit.xml"
Directory: /home/broodjesemih/ass_ros2_ws/src/g1_ass1_pkg
"lint_cmake" start time: Oct 06 15:17 CEST
Output:
----------------------------------------------------------
-- run_test.py: invoking following command in '/home/broodjesemih/ass_ros2_ws/src/g1_ass1_pkg':
 - /opt/ros/jazzy/bin/ament_lint_cmake --xunit-file /home/broodjesemih/ass_ros2_ws/build/g1_ass1_pkg/test_results/g1_ass1_pkg/lint_cmake.xunit.xml
CMakeLists.txt:12: Line ends in whitespace [whitespace/eol]
CMakeLists.txt:45: Line ends in whitespace [whitespace/eol]
CMakeLists.txt:58: Line ends in whitespace [whitespace/eol]


3 errors
-- run_test.py: return code 1
-- run_test.py: verify result file '/home/broodjesemih/ass_ros2_ws/build/g1_ass1_pkg/test_results/g1_ass1_pkg/lint_cmake.xunit.xml'
<end of output>
Test time =   0.10 sec
----------------------------------------------------------
Test Failed.
"lint_cmake" end time: Oct 06 15:17 CEST
"lint_cmake" time elapsed: 00:00:00
----------------------------------------------------------

8/10 Testing: pep257
8/10 Test: pep257
Command: "/usr/bin/python3" "-u" "/opt/ros/jazzy/share/ament_cmake_test/cmake/run_test.py" "/home/broodjesemih/ass_ros2_ws/build/g1_ass1_pkg/test_results/g1_ass1_pkg/pep257.xunit.xml" "--package-name" "g1_ass1_pkg" "--output-file" "/home/broodjesemih/ass_ros2_ws/build/g1_ass1_pkg/ament_pep257/pep257.txt" "--command" "/opt/ros/jazzy/bin/ament_pep257" "--xunit-file" "/home/broodjesemih/ass_ros2_ws/build/g1_ass1_pkg/test_results/g1_ass1_pkg/pep257.xunit.xml"
Directory: /home/broodjesemih/ass_ros2_ws/src/g1_ass1_pkg
"pep257" start time: Oct 06 15:17 CEST
Output:
----------------------------------------------------------
-- run_test.py: invoking following command in '/home/broodjesemih/ass_ros2_ws/src/g1_ass1_pkg':
 - /opt/ros/jazzy/bin/ament_pep257 --xunit-file /home/broodjesemih/ass_ros2_ws/build/g1_ass1_pkg/test_results/g1_ass1_pkg/pep257.xunit.xml
checking ./install/_local_setup_util_ps1.py
checking ./install/_local_setup_util_sh.py
No problems found
-- run_test.py: return code 0
-- run_test.py: verify result file '/home/broodjesemih/ass_ros2_ws/build/g1_ass1_pkg/test_results/g1_ass1_pkg/pep257.xunit.xml'
<end of output>
Test time =   0.16 sec
----------------------------------------------------------
Test Passed.
"pep257" end time: Oct 06 15:17 CEST
"pep257" time elapsed: 00:00:00
----------------------------------------------------------

9/10 Testing: uncrustify
9/10 Test: uncrustify
Command: "/usr/bin/python3" "-u" "/opt/ros/jazzy/share/ament_cmake_test/cmake/run_test.py" "/home/broodjesemih/ass_ros2_ws/build/g1_ass1_pkg/test_results/g1_ass1_pkg/uncrustify.xunit.xml" "--package-name" "g1_ass1_pkg" "--output-file" "/home/broodjesemih/ass_ros2_ws/build/g1_ass1_pkg/ament_uncrustify/uncrustify.txt" "--command" "/opt/ros/jazzy/bin/ament_uncrustify" "--xunit-file" "/home/broodjesemih/ass_ros2_ws/build/g1_ass1_pkg/test_results/g1_ass1_pkg/uncrustify.xunit.xml"
Directory: /home/broodjesemih/ass_ros2_ws/src/g1_ass1_pkg
"uncrustify" start time: Oct 06 15:17 CEST
Output:
----------------------------------------------------------
-- run_test.py: invoking following command in '/home/broodjesemih/ass_ros2_ws/src/g1_ass1_pkg':
 - /opt/ros/jazzy/bin/ament_uncrustify --xunit-file /home/broodjesemih/ass_ros2_ws/build/g1_ass1_pkg/test_results/g1_ass1_pkg/uncrustify.xunit.xml
Code style divergence in file 'src/cijfer_calculator.cpp':

--- src/cijfer_calculator.cpp
+++ src/cijfer_calculator.cpp.uncrustify
@@ -6,2 +6,4 @@
-    CijferCalculatorNode() : Node("cijfer_calculator_node") {
-        service_ = this->create_service<g1_interface_pkg::srv::Tentamens>(
+  CijferCalculatorNode()
+  : Node("cijfer_calculator_node")
+  {
+    service_ = this->create_service<g1_interface_pkg::srv::Tentamens>(
@@ -9,2 +11,3 @@
-            std::bind(&CijferCalculatorNode::handle_request, this, std::placeholders::_1, std::placeholders::_2));
-    }
+            std::bind(&CijferCalculatorNode::handle_request, this, std::placeholders::_1,
+      std::placeholders::_2));
+  }
@@ -13,5 +16,7 @@
-    void handle_request(const std::shared_ptr<g1_interface_pkg::srv::Tentamens::Request> request,
-                        std::shared_ptr<g1_interface_pkg::srv::Tentamens::Response> response) {
-        double sum = 0.0;
-        for (int cijfer : request->tentamen_cijfers) sum += cijfer;
-        double avg = request->tentamen_cijfers.empty() ? 0.0 : sum / request->tentamen_cijfers.size();
+  void handle_request(
+    const std::shared_ptr<g1_interface_pkg::srv::Tentamens::Request> request,
+    std::shared_ptr<g1_interface_pkg::srv::Tentamens::Response> response)
+  {
+    double sum = 0.0;
+    for (int cijfer : request->tentamen_cijfers) {sum += cijfer;}
+    double avg = request->tentamen_cijfers.empty() ? 0.0 : sum / request->tentamen_cijfers.size();
@@ -19,2 +24,2 @@
-        if (request->student_name == "Wessel") avg += 10.0;
-        avg = std::max(10.0, std::min(100.0, avg));
+    if (request->student_name == "Wessel") {avg += 10.0;}
+    avg = std::max(10.0, std::min(100.0, avg));
@@ -22,4 +27,5 @@
-        response->final_cijfer = static_cast<int>(avg);
-        response->message = "Cijfer berekend";
-        RCLCPP_INFO(this->get_logger(), "Calculated final cijfer for %s/%s: %d", request->student_name.c_str(), request->course_name.c_str(), response->final_cijfer);
-    }
+    response->final_cijfer = static_cast<int>(avg);
+    response->message = "Cijfer berekend";
+    RCLCPP_INFO(this->get_logger(), "Calculated final cijfer for %s/%s: %d",
+      request->student_name.c_str(), request->course_name.c_str(), response->final_cijfer);
+  }
@@ -27 +33 @@
-    rclcpp::Service<g1_interface_pkg::srv::Tentamens>::SharedPtr service_;
+  rclcpp::Service<g1_interface_pkg::srv::Tentamens>::SharedPtr service_;
@@ -30,6 +36,7 @@
-int main(int argc, char **argv) {
-    rclcpp::init(argc, argv);
-    rclcpp::spin(std::make_shared<CijferCalculatorNode>());
-    rclcpp::shutdown();
-    return 0;
-}
+int main(int argc, char **argv)
+{
+  rclcpp::init(argc, argv);
+  rclcpp::spin(std::make_shared<CijferCalculatorNode>());
+  rclcpp::shutdown();
+  return 0;
+}

Code style divergence in file 'src/final_cijfer_determinator.cpp':

--- src/final_cijfer_determinator.cpp
+++ src/final_cijfer_determinator.cpp.uncrustify
@@ -12,6 +12,6 @@
-    std::string student;
-    std::string course;
-    bool operator==(const StudentCourseKey &other) const
-    {
-        return student == other.student && course == other.course;
-    }
+  std::string student;
+  std::string course;
+  bool operator==(const StudentCourseKey & other) const
+  {
+    return student == other.student && course == other.course;
+  }
@@ -21,8 +21,8 @@
-    template <>
-    struct hash<StudentCourseKey>
-    {
-        std::size_t operator()(const StudentCourseKey &k) const
-        {
-            return std::hash<std::string>()(k.student) ^ std::hash<std::string>()(k.course);
-        }
-    };
+template<>
+struct hash<StudentCourseKey>
+{
+  std::size_t operator()(const StudentCourseKey & k) const
+  {
+    return std::hash<std::string>()(k.student) ^ std::hash<std::string>()(k.course);
+  }
+};
@@ -34,7 +34,10 @@
-    FinalCijferDeterminator() : Node("final_cijfer_determinator")
-    {
-        RCLCPP_INFO(this->get_logger(), "final_cijfer_determinator gestart!");
-        tentamen_sub_ = this->create_subscription<g1_interface_pkg::msg::Tentamen>(
-            "tentamen_results", 10, std::bind(&FinalCijferDeterminator::tentamen_callback, this, std::placeholders::_1));
-        cijfer_client_ = this->create_client<g1_interface_pkg::srv::Tentamens>("calculate_final_cijfer");
-    }
+  FinalCijferDeterminator()
+  : Node("final_cijfer_determinator")
+  {
+    RCLCPP_INFO(this->get_logger(), "final_cijfer_determinator gestart!");
+    tentamen_sub_ = this->create_subscription<g1_interface_pkg::msg::Tentamen>(
+            "tentamen_results", 10,
+      std::bind(&FinalCijferDeterminator::tentamen_callback, this, std::placeholders::_1));
+    cijfer_client_ =
+      this->create_client<g1_interface_pkg::srv::Tentamens>("calculate_final_cijfer");
+  }
@@ -43,3 +46,3 @@
-    std::unordered_map<StudentCourseKey, std::vector<int>> tentamen_map_;
-    rclcpp::Subscription<g1_interface_pkg::msg::Tentamen>::SharedPtr tentamen_sub_;
-    rclcpp::Client<g1_interface_pkg::srv::Tentamens>::SharedPtr cijfer_client_;
+  std::unordered_map<StudentCourseKey, std::vector<int>> tentamen_map_;
+  rclcpp::Subscription<g1_interface_pkg::msg::Tentamen>::SharedPtr tentamen_sub_;
+  rclcpp::Client<g1_interface_pkg::srv::Tentamens>::SharedPtr cijfer_client_;
@@ -47,4 +50,4 @@
-    void tentamen_callback(const g1_interface_pkg::msg::Tentamen::SharedPtr msg)
-    {
-        StudentCourseKey key{msg->student_name, msg->course_name};
-        tentamen_map_[key].push_back(msg->tentamen_cijfer);
+  void tentamen_callback(const g1_interface_pkg::msg::Tentamen::SharedPtr msg)
+  {
+    StudentCourseKey key{msg->student_name, msg->course_name};
+    tentamen_map_[key].push_back(msg->tentamen_cijfer);
@@ -52 +55,2 @@
-        RCLCPP_INFO(this->get_logger(), "Ontvangen tentamen: %s/%s %d", msg->student_name.c_str(), msg->course_name.c_str(), msg->tentamen_cijfer);
+    RCLCPP_INFO(this->get_logger(), "Ontvangen tentamen: %s/%s %d", msg->student_name.c_str(),
+      msg->course_name.c_str(), msg->tentamen_cijfer);
@@ -55,6 +59,5 @@
-        if (tentamen_map_[key].size() >= 3)
-        {
-            auto request = std::make_shared<g1_interface_pkg::srv::Tentamens::Request>();
-            request->student_name = key.student;
-            request->course_name = key.course;
-            request->tentamen_cijfers = tentamen_map_[key];
+    if (tentamen_map_[key].size() >= 3) {
+      auto request = std::make_shared<g1_interface_pkg::srv::Tentamens::Request>();
+      request->student_name = key.student;
+      request->course_name = key.course;
+      request->tentamen_cijfers = tentamen_map_[key];
@@ -63,3 +66,4 @@
-            auto response_callback = [this, key](rclcpp::Client<g1_interface_pkg::srv::Tentamens>::SharedFuture result_future)
-            {
-                auto response = result_future.get();
+      auto response_callback = [this,
+          key](rclcpp::Client<g1_interface_pkg::srv::Tentamens>::SharedFuture result_future)
+        {
+          auto response = result_future.get();
@@ -67 +71 @@
-                RCLCPP_INFO(this->get_logger(), "Schrijf naar database: %s,%s,%ld,%d,%s",
+          RCLCPP_INFO(this->get_logger(), "Schrijf naar database: %s,%s,%ld,%d,%s",
@@ -74,3 +78,4 @@
-                std::ofstream db("/home/broodjesemih/ass_ros2_ws/database.csv", std::ios::app);
-                db << key.student << "," << key.course << "," << tentamen_map_[key].size() << "," << response->final_cijfer << "," << std::to_string(this->now().seconds()) << "\n";
-                db.close();
+          std::ofstream db("/home/broodjesemih/ass_ros2_ws/database.csv", std::ios::app);
+          db << key.student << "," << key.course << "," << tentamen_map_[key].size() << "," <<
+            response->final_cijfer << "," << std::to_string(this->now().seconds()) << "\n";
+          db.close();
@@ -78 +83,2 @@
-                RCLCPP_INFO(this->get_logger(), "Final cijfer for %s/%s: %d", key.student.c_str(), key.course.c_str(), response->final_cijfer);
+          RCLCPP_INFO(this->get_logger(), "Final cijfer for %s/%s: %d", key.student.c_str(),
+          key.course.c_str(), response->final_cijfer);
@@ -80,2 +86,2 @@
-                tentamen_map_.erase(key);
-            };
+          tentamen_map_.erase(key);
+        };
@@ -83,2 +89 @@
-            cijfer_client_->async_send_request(request, response_callback);
-        }
+      cijfer_client_->async_send_request(request, response_callback);
@@ -85,0 +91 @@
+  }
@@ -90,5 +96,5 @@
-    rclcpp::init(argc, argv);
-    rclcpp::spin(std::make_shared<FinalCijferDeterminator>());
-    rclcpp::shutdown();
-    return 0;
-}
+  rclcpp::init(argc, argv);
+  rclcpp::spin(std::make_shared<FinalCijferDeterminator>());
+  rclcpp::shutdown();
+  return 0;
+}

Code style divergence in file 'src/herkansing_cijfer_determinator.cpp':

--- src/herkansing_cijfer_determinator.cpp
+++ src/herkansing_cijfer_determinator.cpp.uncrustify
@@ -11,6 +11,8 @@
-struct StudentCourseKey {
-    std::string student;
-    std::string course;
-    bool operator==(const StudentCourseKey& other) const {
-        return student == other.student && course == other.course;
-    }
+struct StudentCourseKey
+{
+  std::string student;
+  std::string course;
+  bool operator==(const StudentCourseKey & other) const
+  {
+    return student == other.student && course == other.course;
+  }
@@ -18,7 +20,10 @@
-namespace std {
-    template <>
-    struct hash<StudentCourseKey> {
-        std::size_t operator()(const StudentCourseKey& k) const {
-            return std::hash<std::string>()(k.student) ^ std::hash<std::string>()(k.course);
-        }
-    };
+namespace std
+{
+template<>
+struct hash<StudentCourseKey>
+{
+  std::size_t operator()(const StudentCourseKey & k) const
+  {
+    return std::hash<std::string>()(k.student) ^ std::hash<std::string>()(k.course);
+  }
+};
@@ -29,3 +34,5 @@
-    using Herkanser = g1_interface_pkg::action::Herkanser;
-    HerkansingCijferDeterminator() : Node("herkansing_cijfer_determinator") {
-        action_server_ = rclcpp_action::create_server<Herkanser>(
+  using Herkanser = g1_interface_pkg::action::Herkanser;
+  HerkansingCijferDeterminator()
+  : Node("herkansing_cijfer_determinator")
+  {
+    action_server_ = rclcpp_action::create_server<Herkanser>(
@@ -33 +40,2 @@
-            std::bind(&HerkansingCijferDeterminator::handle_goal, this, std::placeholders::_1, std::placeholders::_2),
+            std::bind(&HerkansingCijferDeterminator::handle_goal, this, std::placeholders::_1,
+      std::placeholders::_2),
@@ -36 +44,43 @@
-        cijfer_client_ = this->create_client<g1_interface_pkg::srv::Tentamens>("calculate_final_cijfer");
+    cijfer_client_ =
+      this->create_client<g1_interface_pkg::srv::Tentamens>("calculate_final_cijfer");
+  }
+
+private:
+  rclcpp_action::Server<Herkanser>::SharedPtr action_server_;
+  rclcpp::Client<g1_interface_pkg::srv::Tentamens>::SharedPtr cijfer_client_;
+
+  rclcpp_action::GoalResponse handle_goal(
+    const rclcpp_action::GoalUUID &,
+    std::shared_ptr<const Herkanser::Goal> goal)
+  {
+    RCLCPP_INFO(this->get_logger(), "Received herkansing goal for %s/%s",
+      goal->student_name.c_str(), goal->course_name.c_str());
+    return rclcpp_action::GoalResponse::ACCEPT_AND_EXECUTE;
+  }
+
+  rclcpp_action::CancelResponse handle_cancel(
+    const std::shared_ptr<rclcpp_action::ServerGoalHandle<Herkanser>>)
+  {
+    return rclcpp_action::CancelResponse::ACCEPT;
+  }
+
+  void handle_accepted(
+    const std::shared_ptr<rclcpp_action::ServerGoalHandle<Herkanser>> goal_handle)
+  {
+    std::thread{std::bind(&HerkansingCijferDeterminator::execute, this, goal_handle)}.detach();
+  }
+
+  void execute(const std::shared_ptr<rclcpp_action::ServerGoalHandle<Herkanser>> goal_handle)
+  {
+    auto goal = goal_handle->get_goal();
+    StudentCourseKey key{goal->student_name, goal->course_name};
+
+        // Simulate receiving new tentamen results (here: random generation)
+    std::vector<int> cijfers;
+    for (int i = 0; i < 3; ++i) {
+      cijfers.push_back(10 + (rand() % 91));
+      auto feedback = std::make_shared<Herkanser::Feedback>();
+      feedback->progress = (i + 1) / 3.0f;
+      feedback->status = "Collecting tentamen results";
+      goal_handle->publish_feedback(feedback);
+      std::this_thread::sleep_for(std::chrono::seconds(1));
@@ -39,3 +89,5 @@
-private:
-    rclcpp_action::Server<Herkanser>::SharedPtr action_server_;
-    rclcpp::Client<g1_interface_pkg::srv::Tentamens>::SharedPtr cijfer_client_;
+        // Calculate new final cijfer
+    auto request = std::make_shared<g1_interface_pkg::srv::Tentamens::Request>();
+    request->student_name = key.student;
+    request->course_name = key.course;
+    request->tentamen_cijfers = cijfers;
@@ -43,37 +95,3 @@
-    rclcpp_action::GoalResponse handle_goal(const rclcpp_action::GoalUUID &, std::shared_ptr<const Herkanser::Goal> goal) {
-        RCLCPP_INFO(this->get_logger(), "Received herkansing goal for %s/%s", goal->student_name.c_str(), goal->course_name.c_str());
-        return rclcpp_action::GoalResponse::ACCEPT_AND_EXECUTE;
-    }
-
-    rclcpp_action::CancelResponse handle_cancel(const std::shared_ptr<rclcpp_action::ServerGoalHandle<Herkanser>>) {
-        return rclcpp_action::CancelResponse::ACCEPT;
-    }
-
-    void handle_accepted(const std::shared_ptr<rclcpp_action::ServerGoalHandle<Herkanser>> goal_handle) {
-        std::thread{std::bind(&HerkansingCijferDeterminator::execute, this, goal_handle)}.detach();
-    }
-
-    void execute(const std::shared_ptr<rclcpp_action::ServerGoalHandle<Herkanser>> goal_handle) {
-        auto goal = goal_handle->get_goal();
-        StudentCourseKey key{goal->student_name, goal->course_name};
-
-        // Simulate receiving new tentamen results (here: random generation)
-        std::vector<int> cijfers;
-        for (int i = 0; i < 3; ++i) {
-            cijfers.push_back(10 + (rand() % 91));
-            auto feedback = std::make_shared<Herkanser::Feedback>();
-            feedback->progress = (i + 1) / 3.0f;
-            feedback->status = "Collecting tentamen results";
-            goal_handle->publish_feedback(feedback);
-            std::this_thread::sleep_for(std::chrono::seconds(1));
-        }
-
-        // Calculate new final cijfer
-        auto request = std::make_shared<g1_interface_pkg::srv::Tentamens::Request>();
-        request->student_name = key.student;
-        request->course_name = key.course;
-        request->tentamen_cijfers = cijfers;
-
-        auto future = cijfer_client_->async_send_request(request);
-        future.wait();
-        auto response = future.get();
+    auto future = cijfer_client_->async_send_request(request);
+    future.wait();
+    auto response = future.get();
@@ -82,3 +100,4 @@
-        std::ofstream db("/home/broodjesemih/ass_ros2_ws/database.csv", std::ios::app);
-        db << key.student << "," << key.course << "," << cijfers.size() << "," << response->final_cijfer << "," << std::to_string(this->now().seconds()) << "\n";
-        db.close();
+    std::ofstream db("/home/broodjesemih/ass_ros2_ws/database.csv", std::ios::app);
+    db << key.student << "," << key.course << "," << cijfers.size() << "," <<
+      response->final_cijfer << "," << std::to_string(this->now().seconds()) << "\n";
+    db.close();
@@ -86,5 +105,5 @@
-        auto result = std::make_shared<Herkanser::Result>();
-        result->final_cijfer = response->final_cijfer;
-        result->message = "Nieuwe herkansing cijfer toegevoegd";
-        goal_handle->succeed(result);
-    }
+    auto result = std::make_shared<Herkanser::Result>();
+    result->final_cijfer = response->final_cijfer;
+    result->message = "Nieuwe herkansing cijfer toegevoegd";
+    goal_handle->succeed(result);
+  }
@@ -93,6 +112,7 @@
-int main(int argc, char **argv) {
-    rclcpp::init(argc, argv);
-    rclcpp::spin(std::make_shared<HerkansingCijferDeterminator>());
-    rclcpp::shutdown();
-    return 0;
-}
+int main(int argc, char **argv)
+{
+  rclcpp::init(argc, argv);
+  rclcpp::spin(std::make_shared<HerkansingCijferDeterminator>());
+  rclcpp::shutdown();
+  return 0;
+}

Code style divergence in file 'src/herkansing_scheduler.cpp':

--- src/herkansing_scheduler.cpp
+++ src/herkansing_scheduler.cpp.uncrustify
@@ -10,4 +10,6 @@
-    using Herkanser = g1_interface_pkg::action::Herkanser;
-    HerkansingSchedulerNode() : Node("herkansing_scheduler") {
-        action_client_ = rclcpp_action::create_client<Herkanser>(this, "herkanser");
-        timer_ = this->create_wall_timer(
+  using Herkanser = g1_interface_pkg::action::Herkanser;
+  HerkansingSchedulerNode()
+  : Node("herkansing_scheduler")
+  {
+    action_client_ = rclcpp_action::create_client<Herkanser>(this, "herkanser");
+    timer_ = this->create_wall_timer(
@@ -16 +18 @@
-    }
+  }
@@ -19,2 +21,2 @@
-    rclcpp_action::Client<Herkanser>::SharedPtr action_client_;
-    rclcpp::TimerBase::SharedPtr timer_;
+  rclcpp_action::Client<Herkanser>::SharedPtr action_client_;
+  rclcpp::TimerBase::SharedPtr timer_;
@@ -22,11 +24,12 @@
-    void check_failed_students() {
-        std::ifstream db("/home/broodjesemih/ass_ros2_ws/database.csv");
-        std::string line;
-        while (std::getline(db, line)) {
-            std::istringstream iss(line);
-            std::string student, course, exams, final_result, timestamp;
-            std::getline(iss, student, ',');
-            std::getline(iss, course, ',');
-            std::getline(iss, exams, ',');
-            std::getline(iss, final_result, ',');
-            std::getline(iss, timestamp, ',');
+  void check_failed_students()
+  {
+    std::ifstream db("/home/broodjesemih/ass_ros2_ws/database.csv");
+    std::string line;
+    while (std::getline(db, line)) {
+      std::istringstream iss(line);
+      std::string student, course, exams, final_result, timestamp;
+      std::getline(iss, student, ',');
+      std::getline(iss, course, ',');
+      std::getline(iss, exams, ',');
+      std::getline(iss, final_result, ',');
+      std::getline(iss, timestamp, ',');
@@ -34,9 +37,9 @@
-            int cijfer = final_result.empty() ? 0 : std::stoi(final_result);
-            if (cijfer >= 10 && cijfer <= 54) {
-                auto goal_msg = Herkanser::Goal();
-                goal_msg.student_name = student;
-                goal_msg.course_name = course;
-                action_client_->async_send_goal(goal_msg);
-                RCLCPP_INFO(this->get_logger(), "Requested herkansing for %s/%s", student.c_str(), course.c_str());
-            }
-        }
+      int cijfer = final_result.empty() ? 0 : std::stoi(final_result);
+      if (cijfer >= 10 && cijfer <= 54) {
+        auto goal_msg = Herkanser::Goal();
+        goal_msg.student_name = student;
+        goal_msg.course_name = course;
+        action_client_->async_send_goal(goal_msg);
+        RCLCPP_INFO(this->get_logger(), "Requested herkansing for %s/%s", student.c_str(),
+          course.c_str());
+      }
@@ -43,0 +47 @@
+  }
@@ -46,6 +50,7 @@
-int main(int argc, char **argv) {
-    rclcpp::init(argc, argv);
-    rclcpp::spin(std::make_shared<HerkansingSchedulerNode>());
-    rclcpp::shutdown();
-    return 0;
-}
+int main(int argc, char **argv)
+{
+  rclcpp::init(argc, argv);
+  rclcpp::spin(std::make_shared<HerkansingSchedulerNode>());
+  rclcpp::shutdown();
+  return 0;
+}

Code style divergence in file 'src/tentamen_result_generator.cpp':

--- src/tentamen_result_generator.cpp
+++ src/tentamen_result_generator.cpp.uncrustify
@@ -9,6 +9,8 @@
-struct StudentCourseKey {
-    std::string student;
-    std::string course;
-    bool operator==(const StudentCourseKey& other) const {
-        return student == other.student && course == other.course;
-    }
+struct StudentCourseKey
+{
+  std::string student;
+  std::string course;
+  bool operator==(const StudentCourseKey & other) const
+  {
+    return student == other.student && course == other.course;
+  }
@@ -16,7 +18,10 @@
-namespace std {
-    template <>
-    struct hash<StudentCourseKey> {
-        std::size_t operator()(const StudentCourseKey& k) const {
-            return std::hash<std::string>()(k.student) ^ std::hash<std::string>()(k.course);
-        }
-    };
+namespace std
+{
+template<>
+struct hash<StudentCourseKey>
+{
+  std::size_t operator()(const StudentCourseKey & k) const
+  {
+    return std::hash<std::string>()(k.student) ^ std::hash<std::string>()(k.course);
+  }
+};
@@ -27,3 +32,5 @@
-    TentamenResultGenerator() : Node("tentamen_result_generator") {
-        publisher_ = this->create_publisher<g1_interface_pkg::msg::Tentamen>("tentamen_results", 10);
-        timer_ = this->create_wall_timer(
+  TentamenResultGenerator()
+  : Node("tentamen_result_generator")
+  {
+    publisher_ = this->create_publisher<g1_interface_pkg::msg::Tentamen>("tentamen_results", 10);
+    timer_ = this->create_wall_timer(
@@ -32,2 +39,2 @@
-        load_student_course_combinations();
-    }
+    load_student_course_combinations();
+  }
@@ -38,3 +45,3 @@
-    std::unordered_set<StudentCourseKey> active_combinations_;
-    rclcpp::Publisher<g1_interface_pkg::msg::Tentamen>::SharedPtr publisher_;
-    rclcpp::TimerBase::SharedPtr timer_;
+  std::unordered_set<StudentCourseKey> active_combinations_;
+  rclcpp::Publisher<g1_interface_pkg::msg::Tentamen>::SharedPtr publisher_;
+  rclcpp::TimerBase::SharedPtr timer_;
@@ -42,15 +49,15 @@
-    void load_student_course_combinations() {
-        std::ifstream db("/home/broodjesemih/ass_ros2_ws/database.csv");
-        std::string line;
-        while (std::getline(db, line)) {
-            std::istringstream iss(line);
-            std::string student, course, exams, final_result, timestamp;
-            std::getline(iss, student, ',');
-            std::getline(iss, course, ',');
-            std::getline(iss, exams, ',');
-            std::getline(iss, final_result, ',');
-            std::getline(iss, timestamp, ',');
-            if (final_result.empty()) { // Only add if no final result
-                active_combinations_.insert({student, course});
-            }
-        }
+  void load_student_course_combinations()
+  {
+    std::ifstream db("/home/broodjesemih/ass_ros2_ws/database.csv");
+    std::string line;
+    while (std::getline(db, line)) {
+      std::istringstream iss(line);
+      std::string student, course, exams, final_result, timestamp;
+      std::getline(iss, student, ',');
+      std::getline(iss, course, ',');
+      std::getline(iss, exams, ',');
+      std::getline(iss, final_result, ',');
+      std::getline(iss, timestamp, ',');
+      if (final_result.empty()) {       // Only add if no final result
+        active_combinations_.insert({student, course});
+      }
@@ -57,0 +65 @@
+  }
@@ -59,5 +67,6 @@
-    void publish_random_result() {
-        if (active_combinations_.empty()) return;
-        auto it = active_combinations_.begin();
-        std::advance(it, rand() % active_combinations_.size());
-        auto key = *it;
+  void publish_random_result()
+  {
+    if (active_combinations_.empty()) {return;}
+    auto it = active_combinations_.begin();
+    std::advance(it, rand() % active_combinations_.size());
+    auto key = *it;
@@ -65,5 +74,5 @@
-        g1_interface_pkg::msg::Tentamen msg;
-        msg.stamp = this->now();
-        msg.student_name = key.student;
-        msg.course_name = key.course;
-        msg.tentamen_cijfer = 10 + (rand() % 91); // 10-100
+    g1_interface_pkg::msg::Tentamen msg;
+    msg.stamp = this->now();
+    msg.student_name = key.student;
+    msg.course_name = key.course;
+    msg.tentamen_cijfer = 10 + (rand() % 91);     // 10-100
@@ -71,3 +80,4 @@
-        publisher_->publish(msg);
-        RCLCPP_INFO(this->get_logger(), "Published tentamen for %s/%s: %d", key.student.c_str(), key.course.c_str(), msg.tentamen_cijfer);
-    }
+    publisher_->publish(msg);
+    RCLCPP_INFO(this->get_logger(), "Published tentamen for %s/%s: %d", key.student.c_str(),
+      key.course.c_str(), msg.tentamen_cijfer);
+  }
@@ -76,6 +86,7 @@
-int main(int argc, char **argv) {
-    rclcpp::init(argc, argv);
-    rclcpp::spin(std::make_shared<TentamenResultGenerator>());
-    rclcpp::shutdown();
-    return 0;
-}
+int main(int argc, char **argv)
+{
+  rclcpp::init(argc, argv);
+  rclcpp::spin(std::make_shared<TentamenResultGenerator>());
+  rclcpp::shutdown();
+  return 0;
+}

Code style divergence in file 'test/test_cijfer_calculator.cpp':

--- test/test_cijfer_calculator.cpp
+++ test/test_cijfer_calculator.cpp.uncrustify
@@ -8 +8,2 @@
-int main(int argc, char** argv) {
+int main(int argc, char ** argv)
+{
@@ -11 +12 @@
-}
+}

Code style divergence in file 'test/test_cijfer_service.cpp':

--- test/test_cijfer_service.cpp
+++ test/test_cijfer_service.cpp.uncrustify
@@ -10 +10,2 @@
-  static void SetUpTestSuite() {
+  static void SetUpTestSuite()
+  {
@@ -14 +15,2 @@
-  static void TearDownTestSuite() {
+  static void TearDownTestSuite()
+  {
@@ -22 +24 @@
-  
+
@@ -24 +26 @@
-  
+
@@ -29 +31 @@
-  
+
@@ -32 +34 @@
-  
+
@@ -35 +37 @@
-  
+
@@ -44 +46 @@
-  
+
@@ -46 +48 @@
-  
+
@@ -51 +53 @@
-  
+
@@ -54 +56 @@
-  
+
@@ -57 +59 @@
-  
+
@@ -65 +67 @@
-  
+
@@ -67 +69 @@
-  
+
@@ -72 +74 @@
-  
+
@@ -75 +77 @@
-  
+
@@ -78 +80 @@
-  
+
@@ -86 +88 @@
-  
+
@@ -88 +90 @@
-  
+
@@ -93 +95 @@
-  
+
@@ -96 +98 @@
-  
+
@@ -99 +101 @@
-  
+
@@ -107 +109 @@
-  
+
@@ -109 +111 @@
-  
+
@@ -114 +116 @@
-  
+
@@ -117 +119 @@
-  
+
@@ -120 +122 @@
-  
+
@@ -125 +127,2 @@
-int main(int argc, char **argv) {
+int main(int argc, char **argv)
+{

Code style divergence in file 'test/test_final_cijfer_determinator.cpp':

--- test/test_final_cijfer_determinator.cpp
+++ test/test_final_cijfer_determinator.cpp.uncrustify
@@ -11 +11,2 @@
-  static void SetUpTestSuite() {
+  static void SetUpTestSuite()
+  {
@@ -15 +16,2 @@
-  static void TearDownTestSuite() {
+  static void TearDownTestSuite()
+  {
@@ -23 +25 @@
-  
+
@@ -26,2 +28,3 @@
-  
-  EXPECT_GE(publisher->get_subscription_count(), 1) << "final_cijfer_determinator should be subscribed";
+
+  EXPECT_GE(publisher->get_subscription_count(),
+    1) << "final_cijfer_determinator should be subscribed";
@@ -33 +36 @@
-  
+
@@ -36 +39 @@
-  
+
@@ -44 +47 @@
-    
+
@@ -49 +52 @@
-  
+
@@ -52 +55 @@
-  
+
@@ -57 +60 @@
-  
+
@@ -59,2 +62,3 @@
-    if (line.find("TestStudent") != std::string::npos && 
-        line.find("TestCourse") != std::string::npos) {
+    if (line.find("TestStudent") != std::string::npos &&
+      line.find("TestCourse") != std::string::npos)
+    {
@@ -65 +69 @@
-  
+
@@ -72 +76 @@
-  
+
@@ -74 +78 @@
-  
+
@@ -77 +81 @@
-  int count_before = std::count(std::istreambuf_iterator<char>(db_before), 
+  int count_before = std::count(std::istreambuf_iterator<char>(db_before),
@@ -80 +84 @@
-  
+
@@ -88 +92 @@
-    
+
@@ -93 +97 @@
-  
+
@@ -95 +99 @@
-  
+
@@ -98 +102 @@
-  int count_after = std::count(std::istreambuf_iterator<char>(db_after), 
+  int count_after = std::count(std::istreambuf_iterator<char>(db_after),
@@ -101 +105 @@
-  
+
@@ -106 +110,2 @@
-int main(int argc, char **argv) {
+int main(int argc, char **argv)
+{

Code style divergence in file 'test/test_tentamen_publisher.cpp':

--- test/test_tentamen_publisher.cpp
+++ test/test_tentamen_publisher.cpp.uncrustify
@@ -10 +10,2 @@
-  static void SetUpTestSuite() {
+  static void SetUpTestSuite()
+  {
@@ -14 +15,2 @@
-  static void TearDownTestSuite() {
+  static void TearDownTestSuite()
+  {
@@ -21 +23 @@
-  
+
@@ -24 +26 @@
-  
+
@@ -31 +33 @@
-  
+
@@ -38 +40 @@
-  
+
@@ -48 +50 @@
-  
+
@@ -50 +52 @@
-  
+
@@ -56 +58 @@
-  
+
@@ -63 +65 @@
-  
+
@@ -67 +69,2 @@
-int main(int argc, char **argv) {
+int main(int argc, char **argv)
+{

9 files with code style divergence
-- run_test.py: return code 1
-- run_test.py: verify result file '/home/broodjesemih/ass_ros2_ws/build/g1_ass1_pkg/test_results/g1_ass1_pkg/uncrustify.xunit.xml'
<end of output>
Test time =   0.15 sec
----------------------------------------------------------
Test Failed.
"uncrustify" end time: Oct 06 15:17 CEST
"uncrustify" time elapsed: 00:00:00
----------------------------------------------------------

10/10 Testing: xmllint
10/10 Test: xmllint
Command: "/usr/bin/python3" "-u" "/opt/ros/jazzy/share/ament_cmake_test/cmake/run_test.py" "/home/broodjesemih/ass_ros2_ws/build/g1_ass1_pkg/test_results/g1_ass1_pkg/xmllint.xunit.xml" "--package-name" "g1_ass1_pkg" "--output-file" "/home/broodjesemih/ass_ros2_ws/build/g1_ass1_pkg/ament_xmllint/xmllint.txt" "--command" "/opt/ros/jazzy/bin/ament_xmllint" "--xunit-file" "/home/broodjesemih/ass_ros2_ws/build/g1_ass1_pkg/test_results/g1_ass1_pkg/xmllint.xunit.xml"
Directory: /home/broodjesemih/ass_ros2_ws/src/g1_ass1_pkg
"xmllint" start time: Oct 06 15:17 CEST
Output:
----------------------------------------------------------
-- run_test.py: invoking following command in '/home/broodjesemih/ass_ros2_ws/src/g1_ass1_pkg':
 - /opt/ros/jazzy/bin/ament_xmllint --xunit-file /home/broodjesemih/ass_ros2_ws/build/g1_ass1_pkg/test_results/g1_ass1_pkg/xmllint.xunit.xml
File 'package.xml' is valid

File 'install/g1_ass1_pkg/share/g1_ass1_pkg/package.xml' is valid

No problems found
-- run_test.py: return code 0
-- run_test.py: verify result file '/home/broodjesemih/ass_ros2_ws/build/g1_ass1_pkg/test_results/g1_ass1_pkg/xmllint.xunit.xml'
<end of output>
Test time =   0.11 sec
----------------------------------------------------------
Test Passed.
"xmllint" end time: Oct 06 15:17 CEST
"xmllint" time elapsed: 00:00:00
----------------------------------------------------------

End testing: Oct 06 15:17 CEST

cppcheck =   0.11 sec*proc

flake8 =   0.26 sec*proc

gtest =  12.29 sec*proc

lint_cmake =   0.10 sec*proc

linter =   0.88 sec*proc

pep257 =   0.16 sec*proc

uncrustify =   0.15 sec*proc

xmllint =   0.11 sec*proc

