Start testing: Oct 06 15:31 CEST
----------------------------------------------------------
1/10 Testing: test_cijfer_calculator
1/10 Test: test_cijfer_calculator
Command: "/usr/bin/python3" "-u" "/opt/ros/jazzy/share/ament_cmake_test/cmake/run_test.py" "/home/broodjesemih/ass_ros2_ws/build/g1_ass1_pkg/test_results/g1_ass1_pkg/test_cijfer_calculator.gtest.xml" "--package-name" "g1_ass1_pkg" "--output-file" "/home/broodjesemih/ass_ros2_ws/build/g1_ass1_pkg/ament_cmake_gtest/test_cijfer_calculator.txt" "--command" "/home/broodjesemih/ass_ros2_ws/build/g1_ass1_pkg/test_cijfer_calculator" "--gtest_output=xml:/home/broodjesemih/ass_ros2_ws/build/g1_ass1_pkg/test_results/g1_ass1_pkg/test_cijfer_calculator.gtest.xml"
Directory: /home/broodjesemih/ass_ros2_ws/build/g1_ass1_pkg
"test_cijfer_calculator" start time: Oct 06 15:31 CEST
Output:
----------------------------------------------------------
-- run_test.py: invoking following command in '/home/broodjesemih/ass_ros2_ws/build/g1_ass1_pkg':
 - /home/broodjesemih/ass_ros2_ws/build/g1_ass1_pkg/test_cijfer_calculator --gtest_output=xml:/home/broodjesemih/ass_ros2_ws/build/g1_ass1_pkg/test_results/g1_ass1_pkg/test_cijfer_calculator.gtest.xml
[==========] Running 1 test from 1 test suite.
[----------] Global test environment set-up.
[----------] 1 test from TestSuite
[ RUN      ] TestSuite.test_example
[       OK ] TestSuite.test_example (0 ms)
[----------] 1 test from TestSuite (0 ms total)

[----------] Global test environment tear-down
[==========] 1 test from 1 test suite ran. (0 ms total)
[  PASSED  ] 1 test.
-- run_test.py: return code 0
-- run_test.py: inject classname prefix into gtest result file '/home/broodjesemih/ass_ros2_ws/build/g1_ass1_pkg/test_results/g1_ass1_pkg/test_cijfer_calculator.gtest.xml'
-- run_test.py: verify result file '/home/broodjesemih/ass_ros2_ws/build/g1_ass1_pkg/test_results/g1_ass1_pkg/test_cijfer_calculator.gtest.xml'
<end of output>
Test time =   0.05 sec
----------------------------------------------------------
Test Passed.
"test_cijfer_calculator" end time: Oct 06 15:31 CEST
"test_cijfer_calculator" time elapsed: 00:00:00
----------------------------------------------------------

2/10 Testing: test_cijfer_service
2/10 Test: test_cijfer_service
Command: "/usr/bin/python3" "-u" "/opt/ros/jazzy/share/ament_cmake_test/cmake/run_test.py" "/home/broodjesemih/ass_ros2_ws/build/g1_ass1_pkg/test_results/g1_ass1_pkg/test_cijfer_service.gtest.xml" "--package-name" "g1_ass1_pkg" "--output-file" "/home/broodjesemih/ass_ros2_ws/build/g1_ass1_pkg/ament_cmake_gtest/test_cijfer_service.txt" "--command" "/home/broodjesemih/ass_ros2_ws/build/g1_ass1_pkg/test_cijfer_service" "--gtest_output=xml:/home/broodjesemih/ass_ros2_ws/build/g1_ass1_pkg/test_results/g1_ass1_pkg/test_cijfer_service.gtest.xml"
Directory: /home/broodjesemih/ass_ros2_ws/build/g1_ass1_pkg
"test_cijfer_service" start time: Oct 06 15:31 CEST
Output:
----------------------------------------------------------
-- run_test.py: invoking following command in '/home/broodjesemih/ass_ros2_ws/build/g1_ass1_pkg':
 - /home/broodjesemih/ass_ros2_ws/build/g1_ass1_pkg/test_cijfer_service --gtest_output=xml:/home/broodjesemih/ass_ros2_ws/build/g1_ass1_pkg/test_results/g1_ass1_pkg/test_cijfer_service.gtest.xml
[==========] Running 5 tests from 1 test suite.
[----------] Global test environment set-up.
[----------] 5 tests from TestCijferService
[ RUN      ] TestCijferService.test_average_calculation
[       OK ] TestCijferService.test_average_calculation (532 ms)
[ RUN      ] TestCijferService.test_wessel_bonus
[       OK ] TestCijferService.test_wessel_bonus (197 ms)
[ RUN      ] TestCijferService.test_max_clamp
[       OK ] TestCijferService.test_max_clamp (115 ms)
[ RUN      ] TestCijferService.test_min_clamp
[       OK ] TestCijferService.test_min_clamp (201 ms)
[ RUN      ] TestCijferService.test_empty_cijfers
[       OK ] TestCijferService.test_empty_cijfers (455 ms)
[----------] 5 tests from TestCijferService (1502 ms total)

[----------] Global test environment tear-down
[==========] 5 tests from 1 test suite ran. (1507 ms total)
[  PASSED  ] 5 tests.
-- run_test.py: return code 0
-- run_test.py: inject classname prefix into gtest result file '/home/broodjesemih/ass_ros2_ws/build/g1_ass1_pkg/test_results/g1_ass1_pkg/test_cijfer_service.gtest.xml'
-- run_test.py: verify result file '/home/broodjesemih/ass_ros2_ws/build/g1_ass1_pkg/test_results/g1_ass1_pkg/test_cijfer_service.gtest.xml'
<end of output>
Test time =   1.67 sec
----------------------------------------------------------
Test Passed.
"test_cijfer_service" end time: Oct 06 15:31 CEST
"test_cijfer_service" time elapsed: 00:00:01
----------------------------------------------------------

3/10 Testing: test_tentamen_publisher
3/10 Test: test_tentamen_publisher
Command: "/usr/bin/python3" "-u" "/opt/ros/jazzy/share/ament_cmake_test/cmake/run_test.py" "/home/broodjesemih/ass_ros2_ws/build/g1_ass1_pkg/test_results/g1_ass1_pkg/test_tentamen_publisher.gtest.xml" "--package-name" "g1_ass1_pkg" "--output-file" "/home/broodjesemih/ass_ros2_ws/build/g1_ass1_pkg/ament_cmake_gtest/test_tentamen_publisher.txt" "--command" "/home/broodjesemih/ass_ros2_ws/build/g1_ass1_pkg/test_tentamen_publisher" "--gtest_output=xml:/home/broodjesemih/ass_ros2_ws/build/g1_ass1_pkg/test_results/g1_ass1_pkg/test_tentamen_publisher.gtest.xml"
Directory: /home/broodjesemih/ass_ros2_ws/build/g1_ass1_pkg
"test_tentamen_publisher" start time: Oct 06 15:31 CEST
Output:
----------------------------------------------------------
-- run_test.py: invoking following command in '/home/broodjesemih/ass_ros2_ws/build/g1_ass1_pkg':
 - /home/broodjesemih/ass_ros2_ws/build/g1_ass1_pkg/test_tentamen_publisher --gtest_output=xml:/home/broodjesemih/ass_ros2_ws/build/g1_ass1_pkg/test_results/g1_ass1_pkg/test_tentamen_publisher.gtest.xml
[==========] Running 2 tests from 1 test suite.
[----------] Global test environment set-up.
[----------] 2 tests from TestTentamenPublisher
[ RUN      ] TestTentamenPublisher.test_tentamen_published
[       OK ] TestTentamenPublisher.test_tentamen_published (615 ms)
[ RUN      ] TestTentamenPublisher.test_multiple_messages
[       OK ] TestTentamenPublisher.test_multiple_messages (5025 ms)
[----------] 2 tests from TestTentamenPublisher (5640 ms total)

[----------] Global test environment tear-down
[==========] 2 tests from 1 test suite ran. (5644 ms total)
[  PASSED  ] 2 tests.
-- run_test.py: return code 0
-- run_test.py: inject classname prefix into gtest result file '/home/broodjesemih/ass_ros2_ws/build/g1_ass1_pkg/test_results/g1_ass1_pkg/test_tentamen_publisher.gtest.xml'
-- run_test.py: verify result file '/home/broodjesemih/ass_ros2_ws/build/g1_ass1_pkg/test_results/g1_ass1_pkg/test_tentamen_publisher.gtest.xml'
<end of output>
Test time =   5.81 sec
----------------------------------------------------------
Test Passed.
"test_tentamen_publisher" end time: Oct 06 15:31 CEST
"test_tentamen_publisher" time elapsed: 00:00:05
----------------------------------------------------------

4/10 Testing: test_final_cijfer_determinator
4/10 Test: test_final_cijfer_determinator
Command: "/usr/bin/python3" "-u" "/opt/ros/jazzy/share/ament_cmake_test/cmake/run_test.py" "/home/broodjesemih/ass_ros2_ws/build/g1_ass1_pkg/test_results/g1_ass1_pkg/test_final_cijfer_determinator.gtest.xml" "--package-name" "g1_ass1_pkg" "--output-file" "/home/broodjesemih/ass_ros2_ws/build/g1_ass1_pkg/ament_cmake_gtest/test_final_cijfer_determinator.txt" "--command" "/home/broodjesemih/ass_ros2_ws/build/g1_ass1_pkg/test_final_cijfer_determinator" "--gtest_output=xml:/home/broodjesemih/ass_ros2_ws/build/g1_ass1_pkg/test_results/g1_ass1_pkg/test_final_cijfer_determinator.gtest.xml"
Directory: /home/broodjesemih/ass_ros2_ws/build/g1_ass1_pkg
"test_final_cijfer_determinator" start time: Oct 06 15:31 CEST
Output:
----------------------------------------------------------
-- run_test.py: invoking following command in '/home/broodjesemih/ass_ros2_ws/build/g1_ass1_pkg':
 - /home/broodjesemih/ass_ros2_ws/build/g1_ass1_pkg/test_final_cijfer_determinator --gtest_output=xml:/home/broodjesemih/ass_ros2_ws/build/g1_ass1_pkg/test_results/g1_ass1_pkg/test_final_cijfer_determinator.gtest.xml
[==========] Running 3 tests from 1 test suite.
[----------] Global test environment set-up.
[----------] 3 tests from TestFinalCijferDeterminator
[ RUN      ] TestFinalCijferDeterminator.test_subscription_active
[       OK ] TestFinalCijferDeterminator.test_subscription_active (512 ms)
[ RUN      ] TestFinalCijferDeterminator.test_tentamen_reception
[       OK ] TestFinalCijferDeterminator.test_tentamen_reception (2612 ms)
[ RUN      ] TestFinalCijferDeterminator.test_three_tentamen_threshold
[       OK ] TestFinalCijferDeterminator.test_three_tentamen_threshold (1710 ms)
[----------] 3 tests from TestFinalCijferDeterminator (4835 ms total)

[----------] Global test environment tear-down
[==========] 3 tests from 1 test suite ran. (4842 ms total)
[  PASSED  ] 3 tests.
-- run_test.py: return code 0
-- run_test.py: inject classname prefix into gtest result file '/home/broodjesemih/ass_ros2_ws/build/g1_ass1_pkg/test_results/g1_ass1_pkg/test_final_cijfer_determinator.gtest.xml'
-- run_test.py: verify result file '/home/broodjesemih/ass_ros2_ws/build/g1_ass1_pkg/test_results/g1_ass1_pkg/test_final_cijfer_determinator.gtest.xml'
<end of output>
Test time =   5.01 sec
----------------------------------------------------------
Test Passed.
"test_final_cijfer_determinator" end time: Oct 06 15:31 CEST
"test_final_cijfer_determinator" time elapsed: 00:00:05
----------------------------------------------------------

5/10 Testing: cppcheck
5/10 Test: cppcheck
Command: "/usr/bin/python3" "-u" "/opt/ros/jazzy/share/ament_cmake_test/cmake/run_test.py" "/home/broodjesemih/ass_ros2_ws/build/g1_ass1_pkg/test_results/g1_ass1_pkg/cppcheck.xunit.xml" "--package-name" "g1_ass1_pkg" "--output-file" "/home/broodjesemih/ass_ros2_ws/build/g1_ass1_pkg/ament_cppcheck/cppcheck.txt" "--command" "/opt/ros/jazzy/bin/ament_cppcheck" "--xunit-file" "/home/broodjesemih/ass_ros2_ws/build/g1_ass1_pkg/test_results/g1_ass1_pkg/cppcheck.xunit.xml"
Directory: /home/broodjesemih/ass_ros2_ws/src/g1_ass1_pkg
"cppcheck" start time: Oct 06 15:31 CEST
Output:
----------------------------------------------------------
-- run_test.py: invoking following command in '/home/broodjesemih/ass_ros2_ws/src/g1_ass1_pkg':
 - /opt/ros/jazzy/bin/ament_cppcheck --xunit-file /home/broodjesemih/ass_ros2_ws/build/g1_ass1_pkg/test_results/g1_ass1_pkg/cppcheck.xunit.xml
cppcheck 2.13.0 has known performance issues and therefore will not be used, set the AMENT_CPPCHECK_ALLOW_SLOW_VERSIONS environment variable to override this.
-- run_test.py: return code 0
-- run_test.py: verify result file '/home/broodjesemih/ass_ros2_ws/build/g1_ass1_pkg/test_results/g1_ass1_pkg/cppcheck.xunit.xml'
<end of output>
Test time =   0.11 sec
----------------------------------------------------------
Test Passed.
"cppcheck" end time: Oct 06 15:31 CEST
"cppcheck" time elapsed: 00:00:00
----------------------------------------------------------

6/10 Testing: flake8
6/10 Test: flake8
Command: "/usr/bin/python3" "-u" "/opt/ros/jazzy/share/ament_cmake_test/cmake/run_test.py" "/home/broodjesemih/ass_ros2_ws/build/g1_ass1_pkg/test_results/g1_ass1_pkg/flake8.xunit.xml" "--package-name" "g1_ass1_pkg" "--output-file" "/home/broodjesemih/ass_ros2_ws/build/g1_ass1_pkg/ament_flake8/flake8.txt" "--command" "/opt/ros/jazzy/bin/ament_flake8" "--xunit-file" "/home/broodjesemih/ass_ros2_ws/build/g1_ass1_pkg/test_results/g1_ass1_pkg/flake8.xunit.xml"
Directory: /home/broodjesemih/ass_ros2_ws/src/g1_ass1_pkg
"flake8" start time: Oct 06 15:31 CEST
Output:
----------------------------------------------------------
-- run_test.py: invoking following command in '/home/broodjesemih/ass_ros2_ws/src/g1_ass1_pkg':
 - /opt/ros/jazzy/bin/ament_flake8 --xunit-file /home/broodjesemih/ass_ros2_ws/build/g1_ass1_pkg/test_results/g1_ass1_pkg/flake8.xunit.xml

2 files checked
No problems found

Checked files:

* ./install/_local_setup_util_sh.py
* ./install/_local_setup_util_ps1.py
-- run_test.py: return code 0
-- run_test.py: verify result file '/home/broodjesemih/ass_ros2_ws/build/g1_ass1_pkg/test_results/g1_ass1_pkg/flake8.xunit.xml'
<end of output>
Test time =   0.26 sec
----------------------------------------------------------
Test Passed.
"flake8" end time: Oct 06 15:31 CEST
"flake8" time elapsed: 00:00:00
----------------------------------------------------------

7/10 Testing: lint_cmake
7/10 Test: lint_cmake
Command: "/usr/bin/python3" "-u" "/opt/ros/jazzy/share/ament_cmake_test/cmake/run_test.py" "/home/broodjesemih/ass_ros2_ws/build/g1_ass1_pkg/test_results/g1_ass1_pkg/lint_cmake.xunit.xml" "--package-name" "g1_ass1_pkg" "--output-file" "/home/broodjesemih/ass_ros2_ws/build/g1_ass1_pkg/ament_lint_cmake/lint_cmake.txt" "--command" "/opt/ros/jazzy/bin/ament_lint_cmake" "--xunit-file" "/home/broodjesemih/ass_ros2_ws/build/g1_ass1_pkg/test_results/g1_ass1_pkg/lint_cmake.xunit.xml"
Directory: /home/broodjesemih/ass_ros2_ws/src/g1_ass1_pkg
"lint_cmake" start time: Oct 06 15:31 CEST
Output:
----------------------------------------------------------
-- run_test.py: invoking following command in '/home/broodjesemih/ass_ros2_ws/src/g1_ass1_pkg':
 - /opt/ros/jazzy/bin/ament_lint_cmake --xunit-file /home/broodjesemih/ass_ros2_ws/build/g1_ass1_pkg/test_results/g1_ass1_pkg/lint_cmake.xunit.xml

No problems found
-- run_test.py: return code 0
-- run_test.py: verify result file '/home/broodjesemih/ass_ros2_ws/build/g1_ass1_pkg/test_results/g1_ass1_pkg/lint_cmake.xunit.xml'
<end of output>
Test time =   0.11 sec
----------------------------------------------------------
Test Passed.
"lint_cmake" end time: Oct 06 15:31 CEST
"lint_cmake" time elapsed: 00:00:00
----------------------------------------------------------

8/10 Testing: pep257
8/10 Test: pep257
Command: "/usr/bin/python3" "-u" "/opt/ros/jazzy/share/ament_cmake_test/cmake/run_test.py" "/home/broodjesemih/ass_ros2_ws/build/g1_ass1_pkg/test_results/g1_ass1_pkg/pep257.xunit.xml" "--package-name" "g1_ass1_pkg" "--output-file" "/home/broodjesemih/ass_ros2_ws/build/g1_ass1_pkg/ament_pep257/pep257.txt" "--command" "/opt/ros/jazzy/bin/ament_pep257" "--xunit-file" "/home/broodjesemih/ass_ros2_ws/build/g1_ass1_pkg/test_results/g1_ass1_pkg/pep257.xunit.xml"
Directory: /home/broodjesemih/ass_ros2_ws/src/g1_ass1_pkg
"pep257" start time: Oct 06 15:31 CEST
Output:
----------------------------------------------------------
-- run_test.py: invoking following command in '/home/broodjesemih/ass_ros2_ws/src/g1_ass1_pkg':
 - /opt/ros/jazzy/bin/ament_pep257 --xunit-file /home/broodjesemih/ass_ros2_ws/build/g1_ass1_pkg/test_results/g1_ass1_pkg/pep257.xunit.xml
checking ./install/_local_setup_util_ps1.py
checking ./install/_local_setup_util_sh.py
No problems found
-- run_test.py: return code 0
-- run_test.py: verify result file '/home/broodjesemih/ass_ros2_ws/build/g1_ass1_pkg/test_results/g1_ass1_pkg/pep257.xunit.xml'
<end of output>
Test time =   0.16 sec
----------------------------------------------------------
Test Passed.
"pep257" end time: Oct 06 15:31 CEST
"pep257" time elapsed: 00:00:00
----------------------------------------------------------

9/10 Testing: uncrustify
9/10 Test: uncrustify
Command: "/usr/bin/python3" "-u" "/opt/ros/jazzy/share/ament_cmake_test/cmake/run_test.py" "/home/broodjesemih/ass_ros2_ws/build/g1_ass1_pkg/test_results/g1_ass1_pkg/uncrustify.xunit.xml" "--package-name" "g1_ass1_pkg" "--output-file" "/home/broodjesemih/ass_ros2_ws/build/g1_ass1_pkg/ament_uncrustify/uncrustify.txt" "--command" "/opt/ros/jazzy/bin/ament_uncrustify" "--xunit-file" "/home/broodjesemih/ass_ros2_ws/build/g1_ass1_pkg/test_results/g1_ass1_pkg/uncrustify.xunit.xml"
Directory: /home/broodjesemih/ass_ros2_ws/src/g1_ass1_pkg
"uncrustify" start time: Oct 06 15:31 CEST
Output:
----------------------------------------------------------
-- run_test.py: invoking following command in '/home/broodjesemih/ass_ros2_ws/src/g1_ass1_pkg':
 - /opt/ros/jazzy/bin/ament_uncrustify --xunit-file /home/broodjesemih/ass_ros2_ws/build/g1_ass1_pkg/test_results/g1_ass1_pkg/uncrustify.xunit.xml
No code style divergence in file 'src/cijfer_calculator.cpp'

No code style divergence in file 'src/final_cijfer_determinator.cpp'

No code style divergence in file 'src/herkansing_cijfer_determinator.cpp'

No code style divergence in file 'src/herkansing_scheduler.cpp'

No code style divergence in file 'src/tentamen_result_generator.cpp'

No code style divergence in file 'test/test_cijfer_calculator.cpp'

No code style divergence in file 'test/test_cijfer_service.cpp'

No code style divergence in file 'test/test_final_cijfer_determinator.cpp'

No code style divergence in file 'test/test_tentamen_publisher.cpp'

No problems found
-- run_test.py: return code 0
-- run_test.py: verify result file '/home/broodjesemih/ass_ros2_ws/build/g1_ass1_pkg/test_results/g1_ass1_pkg/uncrustify.xunit.xml'
<end of output>
Test time =   0.13 sec
----------------------------------------------------------
Test Passed.
"uncrustify" end time: Oct 06 15:31 CEST
"uncrustify" time elapsed: 00:00:00
----------------------------------------------------------

10/10 Testing: xmllint
10/10 Test: xmllint
Command: "/usr/bin/python3" "-u" "/opt/ros/jazzy/share/ament_cmake_test/cmake/run_test.py" "/home/broodjesemih/ass_ros2_ws/build/g1_ass1_pkg/test_results/g1_ass1_pkg/xmllint.xunit.xml" "--package-name" "g1_ass1_pkg" "--output-file" "/home/broodjesemih/ass_ros2_ws/build/g1_ass1_pkg/ament_xmllint/xmllint.txt" "--command" "/opt/ros/jazzy/bin/ament_xmllint" "--xunit-file" "/home/broodjesemih/ass_ros2_ws/build/g1_ass1_pkg/test_results/g1_ass1_pkg/xmllint.xunit.xml"
Directory: /home/broodjesemih/ass_ros2_ws/src/g1_ass1_pkg
"xmllint" start time: Oct 06 15:31 CEST
Output:
----------------------------------------------------------
-- run_test.py: invoking following command in '/home/broodjesemih/ass_ros2_ws/src/g1_ass1_pkg':
 - /opt/ros/jazzy/bin/ament_xmllint --xunit-file /home/broodjesemih/ass_ros2_ws/build/g1_ass1_pkg/test_results/g1_ass1_pkg/xmllint.xunit.xml
File 'package.xml' is valid

File 'install/g1_ass1_pkg/share/g1_ass1_pkg/package.xml' is valid

No problems found
-- run_test.py: return code 0
-- run_test.py: verify result file '/home/broodjesemih/ass_ros2_ws/build/g1_ass1_pkg/test_results/g1_ass1_pkg/xmllint.xunit.xml'
<end of output>
Test time =   0.10 sec
----------------------------------------------------------
Test Passed.
"xmllint" end time: Oct 06 15:31 CEST
"xmllint" time elapsed: 00:00:00
----------------------------------------------------------

End testing: Oct 06 15:31 CEST

cppcheck =   0.11 sec*proc

flake8 =   0.26 sec*proc

gtest =  12.53 sec*proc

lint_cmake =   0.11 sec*proc

linter =   0.86 sec*proc

pep257 =   0.16 sec*proc

uncrustify =   0.13 sec*proc

xmllint =   0.10 sec*proc

