[0.017s] Invoking command in '/home/broodjesemih/ass_ros2_ws/build/g1_ass1_pkg': CMAKE_PREFIX_PATH=/home/broodjesemih/ass_ros2_ws/install/g1_ass1_pkg:/home/broodjesemih/ass_ros2_ws/install/g1_interface_pkg:/home/broodjesemih/minor_ws/install/robot_moveit_config:/home/broodjesemih/minor_ws/install/robot_description:/home/broodjesemih/minor_ws/install/robot_commander:/home/broodjesemih/minor_ws/install/robot_bringup:/home/broodjesemih/homework_ws/install/hw_pkg:/home/broodjesemih/homework_ws/install/broodje_interfaces:/home/broodjesemih/ros2_ws/install/templates_interfaces:/home/broodjesemih/ros2_ws/install/les_pkg:/home/broodjesemih/ros2_ws/install/my_robot_interfaces:/home/broodjesemih/les_ws-main/install/robot_moveit_config:/home/broodjesemih/les_ws-main/install/robot_description:/home/broodjesemih/les_ws-main/install/robot_commander:/home/broodjesemih/les_ws-main/install/robot_bringup:/home/broodjesemih/les_ws-main/install/les_pkg:/home/broodjesemih/les_ws-main/install/my_interfaces:/opt/ros/jazzy/opt/gz_sim_vendor:/opt/ros/jazzy/opt/gz_sensors_vendor:/opt/ros/jazzy/opt/gz_physics_vendor:/opt/ros/jazzy/opt/sdformat_vendor:/opt/ros/jazzy/opt/gz_gui_vendor:/opt/ros/jazzy/opt/gz_transport_vendor:/opt/ros/jazzy/opt/gz_rendering_vendor:/opt/ros/jazzy/opt/gz_plugin_vendor:/opt/ros/jazzy/opt/gz_fuel_tools_vendor:/opt/ros/jazzy/opt/gz_msgs_vendor:/opt/ros/jazzy/opt/gz_common_vendor:/opt/ros/jazzy/opt/gz_math_vendor:/opt/ros/jazzy/opt/gz_utils_vendor:/opt/ros/jazzy/opt/gz_tools_vendor:/opt/ros/jazzy/opt/gz_ogre_next_vendor:/opt/ros/jazzy/opt/gz_dartsim_vendor:/opt/ros/jazzy/opt/gz_cmake_vendor DEBUGINFOD_URLS=https://debuginfod.ubuntu.com /usr/bin/ctest -C Release -D ExperimentalTest --no-compress-output -V --force-new-ctest-process
[0.023s] UpdateCTestConfiguration  from :/home/broodjesemih/ass_ros2_ws/build/g1_ass1_pkg/CTestConfiguration.ini
[0.023s] Parse Config file:/home/broodjesemih/ass_ros2_ws/build/g1_ass1_pkg/CTestConfiguration.ini
[0.023s]    Site: xubuntu
[0.023s]    Build name: (empty)
[0.024s]  Add coverage exclude regular expressions.
[0.024s] Create new tag: 20251006-1318 - Experimental
[0.024s] UpdateCTestConfiguration  from :/home/broodjesemih/ass_ros2_ws/build/g1_ass1_pkg/CTestConfiguration.ini
[0.024s] Parse Config file:/home/broodjesemih/ass_ros2_ws/build/g1_ass1_pkg/CTestConfiguration.ini
[0.024s] Test project /home/broodjesemih/ass_ros2_ws/build/g1_ass1_pkg
[0.024s] Constructing a list of tests
[0.024s] Done constructing a list of tests
[0.024s] Updating test list for fixtures
[0.024s] Added 0 tests to meet fixture requirements
[0.024s] Checking test dependency graph...
[0.024s] Checking test dependency graph end
[0.024s] test 1
[0.025s]       Start  1: test_cijfer_calculator
[0.025s] 
[0.025s] 1: Test command: /usr/bin/python3 "-u" "/opt/ros/jazzy/share/ament_cmake_test/cmake/run_test.py" "/home/broodjesemih/ass_ros2_ws/build/g1_ass1_pkg/test_results/g1_ass1_pkg/test_cijfer_calculator.gtest.xml" "--package-name" "g1_ass1_pkg" "--output-file" "/home/broodjesemih/ass_ros2_ws/build/g1_ass1_pkg/ament_cmake_gtest/test_cijfer_calculator.txt" "--command" "/home/broodjesemih/ass_ros2_ws/build/g1_ass1_pkg/test_cijfer_calculator" "--gtest_output=xml:/home/broodjesemih/ass_ros2_ws/build/g1_ass1_pkg/test_results/g1_ass1_pkg/test_cijfer_calculator.gtest.xml"
[0.025s] 1: Working Directory: /home/broodjesemih/ass_ros2_ws/build/g1_ass1_pkg
[0.025s] 1: Test timeout computed to be: 60
[0.062s] 1: -- run_test.py: invoking following command in '/home/broodjesemih/ass_ros2_ws/build/g1_ass1_pkg':
[0.062s] 1:  - /home/broodjesemih/ass_ros2_ws/build/g1_ass1_pkg/test_cijfer_calculator --gtest_output=xml:/home/broodjesemih/ass_ros2_ws/build/g1_ass1_pkg/test_results/g1_ass1_pkg/test_cijfer_calculator.gtest.xml
[0.063s] 1: [==========] Running 1 test from 1 test suite.
[0.063s] 1: [----------] Global test environment set-up.
[0.064s] 1: [----------] 1 test from TestSuite
[0.064s] 1: [ RUN      ] TestSuite.test_example
[0.064s] 1: [       OK ] TestSuite.test_example (0 ms)
[0.064s] 1: [----------] 1 test from TestSuite (0 ms total)
[0.064s] 1: 
[0.064s] 1: [----------] Global test environment tear-down
[0.064s] 1: [==========] 1 test from 1 test suite ran. (0 ms total)
[0.064s] 1: [  PASSED  ] 1 test.
[0.064s] 1: -- run_test.py: return code 0
[0.064s] 1: -- run_test.py: inject classname prefix into gtest result file '/home/broodjesemih/ass_ros2_ws/build/g1_ass1_pkg/test_results/g1_ass1_pkg/test_cijfer_calculator.gtest.xml'
[0.064s] 1: -- run_test.py: verify result file '/home/broodjesemih/ass_ros2_ws/build/g1_ass1_pkg/test_results/g1_ass1_pkg/test_cijfer_calculator.gtest.xml'
[0.070s]  1/10 Test  #1: test_cijfer_calculator ...........   Passed    0.05 sec
[0.070s] test 2
[0.070s]       Start  2: test_cijfer_service
[0.070s] 
[0.070s] 2: Test command: /usr/bin/python3 "-u" "/opt/ros/jazzy/share/ament_cmake_test/cmake/run_test.py" "/home/broodjesemih/ass_ros2_ws/build/g1_ass1_pkg/test_results/g1_ass1_pkg/test_cijfer_service.gtest.xml" "--package-name" "g1_ass1_pkg" "--output-file" "/home/broodjesemih/ass_ros2_ws/build/g1_ass1_pkg/ament_cmake_gtest/test_cijfer_service.txt" "--command" "/home/broodjesemih/ass_ros2_ws/build/g1_ass1_pkg/test_cijfer_service" "--gtest_output=xml:/home/broodjesemih/ass_ros2_ws/build/g1_ass1_pkg/test_results/g1_ass1_pkg/test_cijfer_service.gtest.xml"
[0.070s] 2: Working Directory: /home/broodjesemih/ass_ros2_ws/build/g1_ass1_pkg
[0.070s] 2: Test timeout computed to be: 60
[0.108s] 2: -- run_test.py: invoking following command in '/home/broodjesemih/ass_ros2_ws/build/g1_ass1_pkg':
[0.108s] 2:  - /home/broodjesemih/ass_ros2_ws/build/g1_ass1_pkg/test_cijfer_service --gtest_output=xml:/home/broodjesemih/ass_ros2_ws/build/g1_ass1_pkg/test_results/g1_ass1_pkg/test_cijfer_service.gtest.xml
[0.118s] 2: [==========] Running 5 tests from 1 test suite.
[0.118s] 2: [----------] Global test environment set-up.
[0.118s] 2: [----------] 5 tests from TestCijferService
[0.122s] 2: [ RUN      ] TestCijferService.test_average_calculation
[5.129s] 2: /home/broodjesemih/ass_ros2_ws/src/g1_ass1_pkg/test/test_cijfer_service.cpp:23: Failure
[5.130s] 2: Value of: client->wait_for_service(5s)
[5.130s] 2:   Actual: false
[5.130s] 2: Expected: true
[5.130s] 2: 
[5.133s] 2: [  FAILED  ] TestCijferService.test_average_calculation (5010 ms)
[5.133s] 2: [ RUN      ] TestCijferService.test_wessel_bonus
[10.136s] 2: /home/broodjesemih/ass_ros2_ws/src/g1_ass1_pkg/test/test_cijfer_service.cpp:45: Failure
[10.136s] 2: Value of: client->wait_for_service(5s)
[10.136s] 2:   Actual: false
[10.136s] 2: Expected: true
[10.136s] 2: 
[10.139s] 2: [  FAILED  ] TestCijferService.test_wessel_bonus (5005 ms)
[10.139s] 2: [ RUN      ] TestCijferService.test_max_clamp
[15.142s] 2: /home/broodjesemih/ass_ros2_ws/src/g1_ass1_pkg/test/test_cijfer_service.cpp:66: Failure
[15.142s] 2: Value of: client->wait_for_service(5s)
[15.143s] 2:   Actual: false
[15.143s] 2: Expected: true
[15.143s] 2: 
[15.146s] 2: [  FAILED  ] TestCijferService.test_max_clamp (5007 ms)
[15.146s] 2: [ RUN      ] TestCijferService.test_min_clamp
[20.152s] 2: /home/broodjesemih/ass_ros2_ws/src/g1_ass1_pkg/test/test_cijfer_service.cpp:87: Failure
[20.153s] 2: Value of: client->wait_for_service(5s)
[20.153s] 2:   Actual: false
[20.153s] 2: Expected: true
[20.153s] 2: 
[20.157s] 2: [  FAILED  ] TestCijferService.test_min_clamp (5011 ms)
[20.157s] 2: [ RUN      ] TestCijferService.test_empty_cijfers
[25.165s] 2: /home/broodjesemih/ass_ros2_ws/src/g1_ass1_pkg/test/test_cijfer_service.cpp:108: Failure
[25.165s] 2: Value of: client->wait_for_service(5s)
[25.165s] 2:   Actual: false
[25.165s] 2: Expected: true
[25.165s] 2: 
[25.168s] 2: [  FAILED  ] TestCijferService.test_empty_cijfers (5011 ms)
[25.168s] 2: [----------] 5 tests from TestCijferService (25046 ms total)
[25.168s] 2: 
[25.169s] 2: [----------] Global test environment tear-down
[25.169s] 2: [==========] 5 tests from 1 test suite ran. (25050 ms total)
[25.169s] 2: [  PASSED  ] 0 tests.
[25.169s] 2: [  FAILED  ] 5 tests, listed below:
[25.169s] 2: [  FAILED  ] TestCijferService.test_average_calculation
[25.169s] 2: [  FAILED  ] TestCijferService.test_wessel_bonus
[25.169s] 2: [  FAILED  ] TestCijferService.test_max_clamp
[25.169s] 2: [  FAILED  ] TestCijferService.test_min_clamp
[25.169s] 2: [  FAILED  ] TestCijferService.test_empty_cijfers
[25.169s] 2: 
[25.169s] 2:  5 FAILED TESTS
[25.275s] 2: -- run_test.py: return code 1
[25.275s] 2: -- run_test.py: inject classname prefix into gtest result file '/home/broodjesemih/ass_ros2_ws/build/g1_ass1_pkg/test_results/g1_ass1_pkg/test_cijfer_service.gtest.xml'
[25.275s] 2: -- run_test.py: verify result file '/home/broodjesemih/ass_ros2_ws/build/g1_ass1_pkg/test_results/g1_ass1_pkg/test_cijfer_service.gtest.xml'
[25.286s]  2/10 Test  #2: test_cijfer_service ..............***Failed   25.22 sec
[25.286s] test 3
[25.286s]       Start  3: test_tentamen_publisher
[25.286s] 
[25.286s] 3: Test command: /usr/bin/python3 "-u" "/opt/ros/jazzy/share/ament_cmake_test/cmake/run_test.py" "/home/broodjesemih/ass_ros2_ws/build/g1_ass1_pkg/test_results/g1_ass1_pkg/test_tentamen_publisher.gtest.xml" "--package-name" "g1_ass1_pkg" "--output-file" "/home/broodjesemih/ass_ros2_ws/build/g1_ass1_pkg/ament_cmake_gtest/test_tentamen_publisher.txt" "--command" "/home/broodjesemih/ass_ros2_ws/build/g1_ass1_pkg/test_tentamen_publisher" "--gtest_output=xml:/home/broodjesemih/ass_ros2_ws/build/g1_ass1_pkg/test_results/g1_ass1_pkg/test_tentamen_publisher.gtest.xml"
[25.286s] 3: Working Directory: /home/broodjesemih/ass_ros2_ws/build/g1_ass1_pkg
[25.286s] 3: Test timeout computed to be: 60
[25.330s] 3: -- run_test.py: invoking following command in '/home/broodjesemih/ass_ros2_ws/build/g1_ass1_pkg':
[25.330s] 3:  - /home/broodjesemih/ass_ros2_ws/build/g1_ass1_pkg/test_tentamen_publisher --gtest_output=xml:/home/broodjesemih/ass_ros2_ws/build/g1_ass1_pkg/test_results/g1_ass1_pkg/test_tentamen_publisher.gtest.xml
[25.338s] 3: [==========] Running 2 tests from 1 test suite.
[25.339s] 3: [----------] Global test environment set-up.
[25.339s] 3: [----------] 2 tests from TestTentamenPublisher
[25.342s] 3: [ RUN      ] TestTentamenPublisher.test_tentamen_published
[35.384s] 3: /home/broodjesemih/ass_ros2_ws/src/g1_ass1_pkg/test/test_tentamen_publisher.cpp:39: Failure
[35.384s] 3: Value of: received
[35.384s] 3:   Actual: false
[35.384s] 3: Expected: true
[35.384s] 3: No tentamen message received within timeout
[35.384s] 3: 
[35.388s] 3: [  FAILED  ] TestTentamenPublisher.test_tentamen_published (10045 ms)
[35.388s] 3: [ RUN      ] TestTentamenPublisher.test_multiple_messages
[40.409s] 3: /home/broodjesemih/ass_ros2_ws/src/g1_ass1_pkg/test/test_tentamen_publisher.cpp:64: Failure
[40.409s] 3: Expected: (count) >= (1), actual: 0 vs 1
[40.409s] 3: Should receive at least 1 message in 5 seconds
[40.409s] 3: 
[40.412s] 3: [  FAILED  ] TestTentamenPublisher.test_multiple_messages (5024 ms)
[40.412s] 3: [----------] 2 tests from TestTentamenPublisher (15069 ms total)
[40.412s] 3: 
[40.412s] 3: [----------] Global test environment tear-down
[40.412s] 3: [==========] 2 tests from 1 test suite ran. (15073 ms total)
[40.412s] 3: [  PASSED  ] 0 tests.
[40.412s] 3: [  FAILED  ] 2 tests, listed below:
[40.412s] 3: [  FAILED  ] TestTentamenPublisher.test_tentamen_published
[40.413s] 3: [  FAILED  ] TestTentamenPublisher.test_multiple_messages
[40.413s] 3: 
[40.413s] 3:  2 FAILED TESTS
[40.516s] 3: -- run_test.py: return code 1
[40.517s] 3: -- run_test.py: inject classname prefix into gtest result file '/home/broodjesemih/ass_ros2_ws/build/g1_ass1_pkg/test_results/g1_ass1_pkg/test_tentamen_publisher.gtest.xml'
[40.517s] 3: -- run_test.py: verify result file '/home/broodjesemih/ass_ros2_ws/build/g1_ass1_pkg/test_results/g1_ass1_pkg/test_tentamen_publisher.gtest.xml'
[40.527s]  3/10 Test  #3: test_tentamen_publisher ..........***Failed   15.24 sec
[40.527s] test 4
[40.527s]       Start  4: test_final_cijfer_determinator
[40.527s] 
[40.527s] 4: Test command: /usr/bin/python3 "-u" "/opt/ros/jazzy/share/ament_cmake_test/cmake/run_test.py" "/home/broodjesemih/ass_ros2_ws/build/g1_ass1_pkg/test_results/g1_ass1_pkg/test_final_cijfer_determinator.gtest.xml" "--package-name" "g1_ass1_pkg" "--output-file" "/home/broodjesemih/ass_ros2_ws/build/g1_ass1_pkg/ament_cmake_gtest/test_final_cijfer_determinator.txt" "--command" "/home/broodjesemih/ass_ros2_ws/build/g1_ass1_pkg/test_final_cijfer_determinator" "--gtest_output=xml:/home/broodjesemih/ass_ros2_ws/build/g1_ass1_pkg/test_results/g1_ass1_pkg/test_final_cijfer_determinator.gtest.xml"
[40.528s] 4: Working Directory: /home/broodjesemih/ass_ros2_ws/build/g1_ass1_pkg
[40.528s] 4: Test timeout computed to be: 60
[40.567s] 4: -- run_test.py: invoking following command in '/home/broodjesemih/ass_ros2_ws/build/g1_ass1_pkg':
[40.567s] 4:  - /home/broodjesemih/ass_ros2_ws/build/g1_ass1_pkg/test_final_cijfer_determinator --gtest_output=xml:/home/broodjesemih/ass_ros2_ws/build/g1_ass1_pkg/test_results/g1_ass1_pkg/test_final_cijfer_determinator.gtest.xml
[40.573s] 4: [==========] Running 3 tests from 1 test suite.
[40.573s] 4: [----------] Global test environment set-up.
[40.573s] 4: [----------] 3 tests from TestFinalCijferDeterminator
[40.577s] 4: [ RUN      ] TestFinalCijferDeterminator.test_subscription_active
[41.086s] 4: /home/broodjesemih/ass_ros2_ws/src/g1_ass1_pkg/test/test_final_cijfer_determinator.cpp:27: Failure
[41.086s] 4: Expected: (publisher->get_subscription_count()) >= (1), actual: 0 vs 1
[41.086s] 4: final_cijfer_determinator should be subscribed
[41.086s] 4: 
[41.089s] 4: [  FAILED  ] TestFinalCijferDeterminator.test_subscription_active (511 ms)
[41.089s] 4: [ RUN      ] TestFinalCijferDeterminator.test_tentamen_reception
[43.695s] 4: /home/broodjesemih/ass_ros2_ws/src/g1_ass1_pkg/test/test_final_cijfer_determinator.cpp:66: Failure
[43.695s] 4: Value of: found
[43.695s] 4:   Actual: false
[43.695s] 4: Expected: true
[43.695s] 4: Database should contain entry for TestStudent/TestCourse
[43.695s] 4: 
[43.699s] 4: [  FAILED  ] TestFinalCijferDeterminator.test_tentamen_reception (2610 ms)
[43.700s] 4: [ RUN      ] TestFinalCijferDeterminator.test_three_tentamen_threshold
[45.409s] 4: [       OK ] TestFinalCijferDeterminator.test_three_tentamen_threshold (1708 ms)
[45.409s] 4: [----------] 3 tests from TestFinalCijferDeterminator (4830 ms total)
[45.409s] 4: 
[45.409s] 4: [----------] Global test environment tear-down
[45.409s] 4: [==========] 3 tests from 1 test suite ran. (4834 ms total)
[45.409s] 4: [  PASSED  ] 1 test.
[45.409s] 4: [  FAILED  ] 2 tests, listed below:
[45.409s] 4: [  FAILED  ] TestFinalCijferDeterminator.test_subscription_active
[45.409s] 4: [  FAILED  ] TestFinalCijferDeterminator.test_tentamen_reception
[45.409s] 4: 
[45.410s] 4:  2 FAILED TESTS
[45.515s] 4: -- run_test.py: return code 1
[45.516s] 4: -- run_test.py: inject classname prefix into gtest result file '/home/broodjesemih/ass_ros2_ws/build/g1_ass1_pkg/test_results/g1_ass1_pkg/test_final_cijfer_determinator.gtest.xml'
[45.516s] 4: -- run_test.py: verify result file '/home/broodjesemih/ass_ros2_ws/build/g1_ass1_pkg/test_results/g1_ass1_pkg/test_final_cijfer_determinator.gtest.xml'
[45.525s]  4/10 Test  #4: test_final_cijfer_determinator ...***Failed    5.00 sec
[45.525s] test 5
[45.525s]       Start  5: cppcheck
[45.525s] 
[45.525s] 5: Test command: /usr/bin/python3 "-u" "/opt/ros/jazzy/share/ament_cmake_test/cmake/run_test.py" "/home/broodjesemih/ass_ros2_ws/build/g1_ass1_pkg/test_results/g1_ass1_pkg/cppcheck.xunit.xml" "--package-name" "g1_ass1_pkg" "--output-file" "/home/broodjesemih/ass_ros2_ws/build/g1_ass1_pkg/ament_cppcheck/cppcheck.txt" "--command" "/opt/ros/jazzy/bin/ament_cppcheck" "--xunit-file" "/home/broodjesemih/ass_ros2_ws/build/g1_ass1_pkg/test_results/g1_ass1_pkg/cppcheck.xunit.xml"
[45.525s] 5: Working Directory: /home/broodjesemih/ass_ros2_ws/src/g1_ass1_pkg
[45.525s] 5: Test timeout computed to be: 300
[45.567s] 5: -- run_test.py: invoking following command in '/home/broodjesemih/ass_ros2_ws/src/g1_ass1_pkg':
[45.567s] 5:  - /opt/ros/jazzy/bin/ament_cppcheck --xunit-file /home/broodjesemih/ass_ros2_ws/build/g1_ass1_pkg/test_results/g1_ass1_pkg/cppcheck.xunit.xml
[45.631s] 5: cppcheck 2.13.0 has known performance issues and therefore will not be used, set the AMENT_CPPCHECK_ALLOW_SLOW_VERSIONS environment variable to override this.
[45.639s] 5: -- run_test.py: return code 0
[45.639s] 5: -- run_test.py: verify result file '/home/broodjesemih/ass_ros2_ws/build/g1_ass1_pkg/test_results/g1_ass1_pkg/cppcheck.xunit.xml'
[45.645s]  5/10 Test  #5: cppcheck .........................   Passed    0.12 sec
[45.645s] test 6
[45.646s]       Start  6: flake8
[45.646s] 
[45.646s] 6: Test command: /usr/bin/python3 "-u" "/opt/ros/jazzy/share/ament_cmake_test/cmake/run_test.py" "/home/broodjesemih/ass_ros2_ws/build/g1_ass1_pkg/test_results/g1_ass1_pkg/flake8.xunit.xml" "--package-name" "g1_ass1_pkg" "--output-file" "/home/broodjesemih/ass_ros2_ws/build/g1_ass1_pkg/ament_flake8/flake8.txt" "--command" "/opt/ros/jazzy/bin/ament_flake8" "--xunit-file" "/home/broodjesemih/ass_ros2_ws/build/g1_ass1_pkg/test_results/g1_ass1_pkg/flake8.xunit.xml"
[45.646s] 6: Working Directory: /home/broodjesemih/ass_ros2_ws/src/g1_ass1_pkg
[45.646s] 6: Test timeout computed to be: 60
[45.683s] 6: -- run_test.py: invoking following command in '/home/broodjesemih/ass_ros2_ws/src/g1_ass1_pkg':
[45.683s] 6:  - /opt/ros/jazzy/bin/ament_flake8 --xunit-file /home/broodjesemih/ass_ros2_ws/build/g1_ass1_pkg/test_results/g1_ass1_pkg/flake8.xunit.xml
[45.882s] 6: 
[45.882s] 6: 2 files checked
[45.882s] 6: No problems found
[45.882s] 6: 
[45.882s] 6: Checked files:
[45.882s] 6: 
[45.882s] 6: * ./install/_local_setup_util_sh.py
[45.882s] 6: * ./install/_local_setup_util_ps1.py
[45.901s] 6: -- run_test.py: return code 0
[45.901s] 6: -- run_test.py: verify result file '/home/broodjesemih/ass_ros2_ws/build/g1_ass1_pkg/test_results/g1_ass1_pkg/flake8.xunit.xml'
[45.908s]  6/10 Test  #6: flake8 ...........................   Passed    0.26 sec
[45.908s] test 7
[45.908s]       Start  7: lint_cmake
[45.908s] 
[45.908s] 7: Test command: /usr/bin/python3 "-u" "/opt/ros/jazzy/share/ament_cmake_test/cmake/run_test.py" "/home/broodjesemih/ass_ros2_ws/build/g1_ass1_pkg/test_results/g1_ass1_pkg/lint_cmake.xunit.xml" "--package-name" "g1_ass1_pkg" "--output-file" "/home/broodjesemih/ass_ros2_ws/build/g1_ass1_pkg/ament_lint_cmake/lint_cmake.txt" "--command" "/opt/ros/jazzy/bin/ament_lint_cmake" "--xunit-file" "/home/broodjesemih/ass_ros2_ws/build/g1_ass1_pkg/test_results/g1_ass1_pkg/lint_cmake.xunit.xml"
[45.908s] 7: Working Directory: /home/broodjesemih/ass_ros2_ws/src/g1_ass1_pkg
[45.908s] 7: Test timeout computed to be: 60
[45.950s] 7: -- run_test.py: invoking following command in '/home/broodjesemih/ass_ros2_ws/src/g1_ass1_pkg':
[45.950s] 7:  - /opt/ros/jazzy/bin/ament_lint_cmake --xunit-file /home/broodjesemih/ass_ros2_ws/build/g1_ass1_pkg/test_results/g1_ass1_pkg/lint_cmake.xunit.xml
[45.997s] 7: CMakeLists.txt:12: Line ends in whitespace [whitespace/eol]
[45.997s] 7: CMakeLists.txt:45: Line ends in whitespace [whitespace/eol]
[45.997s] 7: CMakeLists.txt:58: Line ends in whitespace [whitespace/eol]
[45.997s] 7: 
[45.997s] 7: 
[45.997s] 7: 3 errors
[46.004s] 7: -- run_test.py: return code 1
[46.004s] 7: -- run_test.py: verify result file '/home/broodjesemih/ass_ros2_ws/build/g1_ass1_pkg/test_results/g1_ass1_pkg/lint_cmake.xunit.xml'
[46.011s]  7/10 Test  #7: lint_cmake .......................***Failed    0.10 sec
[46.011s] test 8
[46.011s]       Start  8: pep257
[46.011s] 
[46.011s] 8: Test command: /usr/bin/python3 "-u" "/opt/ros/jazzy/share/ament_cmake_test/cmake/run_test.py" "/home/broodjesemih/ass_ros2_ws/build/g1_ass1_pkg/test_results/g1_ass1_pkg/pep257.xunit.xml" "--package-name" "g1_ass1_pkg" "--output-file" "/home/broodjesemih/ass_ros2_ws/build/g1_ass1_pkg/ament_pep257/pep257.txt" "--command" "/opt/ros/jazzy/bin/ament_pep257" "--xunit-file" "/home/broodjesemih/ass_ros2_ws/build/g1_ass1_pkg/test_results/g1_ass1_pkg/pep257.xunit.xml"
[46.011s] 8: Working Directory: /home/broodjesemih/ass_ros2_ws/src/g1_ass1_pkg
[46.011s] 8: Test timeout computed to be: 60
[46.052s] 8: -- run_test.py: invoking following command in '/home/broodjesemih/ass_ros2_ws/src/g1_ass1_pkg':
[46.052s] 8:  - /opt/ros/jazzy/bin/ament_pep257 --xunit-file /home/broodjesemih/ass_ros2_ws/build/g1_ass1_pkg/test_results/g1_ass1_pkg/pep257.xunit.xml
[46.149s] 8: checking ./install/_local_setup_util_ps1.py
[46.149s] 8: checking ./install/_local_setup_util_sh.py
[46.149s] 8: No problems found
[46.161s] 8: -- run_test.py: return code 0
[46.161s] 8: -- run_test.py: verify result file '/home/broodjesemih/ass_ros2_ws/build/g1_ass1_pkg/test_results/g1_ass1_pkg/pep257.xunit.xml'
[46.167s]  8/10 Test  #8: pep257 ...........................   Passed    0.16 sec
[46.167s] test 9
[46.167s]       Start  9: uncrustify
[46.167s] 
[46.167s] 9: Test command: /usr/bin/python3 "-u" "/opt/ros/jazzy/share/ament_cmake_test/cmake/run_test.py" "/home/broodjesemih/ass_ros2_ws/build/g1_ass1_pkg/test_results/g1_ass1_pkg/uncrustify.xunit.xml" "--package-name" "g1_ass1_pkg" "--output-file" "/home/broodjesemih/ass_ros2_ws/build/g1_ass1_pkg/ament_uncrustify/uncrustify.txt" "--command" "/opt/ros/jazzy/bin/ament_uncrustify" "--xunit-file" "/home/broodjesemih/ass_ros2_ws/build/g1_ass1_pkg/test_results/g1_ass1_pkg/uncrustify.xunit.xml"
[46.167s] 9: Working Directory: /home/broodjesemih/ass_ros2_ws/src/g1_ass1_pkg
[46.167s] 9: Test timeout computed to be: 60
[46.205s] 9: -- run_test.py: invoking following command in '/home/broodjesemih/ass_ros2_ws/src/g1_ass1_pkg':
[46.205s] 9:  - /opt/ros/jazzy/bin/ament_uncrustify --xunit-file /home/broodjesemih/ass_ros2_ws/build/g1_ass1_pkg/test_results/g1_ass1_pkg/uncrustify.xunit.xml
[46.295s] 9: Code style divergence in file 'src/cijfer_calculator.cpp':
[46.306s] 9: 
[46.306s] 9: --- src/cijfer_calculator.cpp
[46.306s] 9: +++ src/cijfer_calculator.cpp.uncrustify
[46.306s] 9: @@ -6,2 +6,4 @@
[46.306s] 9: -    CijferCalculatorNode() : Node("cijfer_calculator_node") {
[46.306s] 9: -        service_ = this->create_service<g1_interface_pkg::srv::Tentamens>(
[46.306s] 9: +  CijferCalculatorNode()
[46.306s] 9: +  : Node("cijfer_calculator_node")
[46.306s] 9: +  {
[46.306s] 9: +    service_ = this->create_service<g1_interface_pkg::srv::Tentamens>(
[46.307s] 9: @@ -9,2 +11,3 @@
[46.307s] 9: -            std::bind(&CijferCalculatorNode::handle_request, this, std::placeholders::_1, std::placeholders::_2));
[46.307s] 9: -    }
[46.307s] 9: +            std::bind(&CijferCalculatorNode::handle_request, this, std::placeholders::_1,
[46.307s] 9: +      std::placeholders::_2));
[46.307s] 9: +  }
[46.307s] 9: @@ -13,5 +16,7 @@
[46.307s] 9: -    void handle_request(const std::shared_ptr<g1_interface_pkg::srv::Tentamens::Request> request,
[46.307s] 9: -                        std::shared_ptr<g1_interface_pkg::srv::Tentamens::Response> response) {
[46.307s] 9: -        double sum = 0.0;
[46.307s] 9: -        for (int cijfer : request->tentamen_cijfers) sum += cijfer;
[46.307s] 9: -        double avg = request->tentamen_cijfers.empty() ? 0.0 : sum / request->tentamen_cijfers.size();
[46.307s] 9: +  void handle_request(
[46.308s] 9: +    const std::shared_ptr<g1_interface_pkg::srv::Tentamens::Request> request,
[46.308s] 9: +    std::shared_ptr<g1_interface_pkg::srv::Tentamens::Response> response)
[46.308s] 9: +  {
[46.308s] 9: +    double sum = 0.0;
[46.308s] 9: +    for (int cijfer : request->tentamen_cijfers) {sum += cijfer;}
[46.308s] 9: +    double avg = request->tentamen_cijfers.empty() ? 0.0 : sum / request->tentamen_cijfers.size();
[46.308s] 9: @@ -19,2 +24,2 @@
[46.308s] 9: -        if (request->student_name == "Wessel") avg += 10.0;
[46.308s] 9: -        avg = std::max(10.0, std::min(100.0, avg));
[46.308s] 9: +    if (request->student_name == "Wessel") {avg += 10.0;}
[46.308s] 9: +    avg = std::max(10.0, std::min(100.0, avg));
[46.308s] 9: @@ -22,4 +27,5 @@
[46.308s] 9: -        response->final_cijfer = static_cast<int>(avg);
[46.308s] 9: -        response->message = "Cijfer berekend";
[46.309s] 9: -        RCLCPP_INFO(this->get_logger(), "Calculated final cijfer for %s/%s: %d", request->student_name.c_str(), request->course_name.c_str(), response->final_cijfer);
[46.309s] 9: -    }
[46.309s] 9: +    response->final_cijfer = static_cast<int>(avg);
[46.309s] 9: +    response->message = "Cijfer berekend";
[46.309s] 9: +    RCLCPP_INFO(this->get_logger(), "Calculated final cijfer for %s/%s: %d",
[46.309s] 9: +      request->student_name.c_str(), request->course_name.c_str(), response->final_cijfer);
[46.309s] 9: +  }
[46.309s] 9: @@ -27 +33 @@
[46.309s] 9: -    rclcpp::Service<g1_interface_pkg::srv::Tentamens>::SharedPtr service_;
[46.309s] 9: +  rclcpp::Service<g1_interface_pkg::srv::Tentamens>::SharedPtr service_;
[46.309s] 9: @@ -30,6 +36,7 @@
[46.309s] 9: -int main(int argc, char **argv) {
[46.309s] 9: -    rclcpp::init(argc, argv);
[46.310s] 9: -    rclcpp::spin(std::make_shared<CijferCalculatorNode>());
[46.310s] 9: -    rclcpp::shutdown();
[46.310s] 9: -    return 0;
[46.310s] 9: -}
[46.310s] 9: +int main(int argc, char **argv)
[46.310s] 9: +{
[46.310s] 9: +  rclcpp::init(argc, argv);
[46.310s] 9: +  rclcpp::spin(std::make_shared<CijferCalculatorNode>());
[46.310s] 9: +  rclcpp::shutdown();
[46.310s] 9: +  return 0;
[46.310s] 9: +}
[46.310s] 9: 
[46.310s] 9: Code style divergence in file 'src/final_cijfer_determinator.cpp':
[46.310s] 9: 
[46.311s] 9: --- src/final_cijfer_determinator.cpp
[46.311s] 9: +++ src/final_cijfer_determinator.cpp.uncrustify
[46.311s] 9: @@ -12,6 +12,6 @@
[46.311s] 9: -    std::string student;
[46.311s] 9: -    std::string course;
[46.311s] 9: -    bool operator==(const StudentCourseKey &other) const
[46.311s] 9: -    {
[46.311s] 9: -        return student == other.student && course == other.course;
[46.311s] 9: -    }
[46.311s] 9: +  std::string student;
[46.311s] 9: +  std::string course;
[46.311s] 9: +  bool operator==(const StudentCourseKey & other) const
[46.312s] 9: +  {
[46.312s] 9: +    return student == other.student && course == other.course;
[46.312s] 9: +  }
[46.312s] 9: @@ -21,8 +21,8 @@
[46.312s] 9: -    template <>
[46.312s] 9: -    struct hash<StudentCourseKey>
[46.312s] 9: -    {
[46.312s] 9: -        std::size_t operator()(const StudentCourseKey &k) const
[46.312s] 9: -        {
[46.312s] 9: -            return std::hash<std::string>()(k.student) ^ std::hash<std::string>()(k.course);
[46.312s] 9: -        }
[46.312s] 9: -    };
[46.313s] 9: +template<>
[46.313s] 9: +struct hash<StudentCourseKey>
[46.313s] 9: +{
[46.313s] 9: +  std::size_t operator()(const StudentCourseKey & k) const
[46.313s] 9: +  {
[46.313s] 9: +    return std::hash<std::string>()(k.student) ^ std::hash<std::string>()(k.course);
[46.313s] 9: +  }
[46.313s] 9: +};
[46.313s] 9: @@ -34,7 +34,10 @@
[46.313s] 9: -    FinalCijferDeterminator() : Node("final_cijfer_determinator")
[46.313s] 9: -    {
[46.313s] 9: -        RCLCPP_INFO(this->get_logger(), "final_cijfer_determinator gestart!");
[46.313s] 9: -        tentamen_sub_ = this->create_subscription<g1_interface_pkg::msg::Tentamen>(
[46.314s] 9: -            "tentamen_results", 10, std::bind(&FinalCijferDeterminator::tentamen_callback, this, std::placeholders::_1));
[46.314s] 9: -        cijfer_client_ = this->create_client<g1_interface_pkg::srv::Tentamens>("calculate_final_cijfer");
[46.314s] 9: -    }
[46.314s] 9: +  FinalCijferDeterminator()
[46.314s] 9: +  : Node("final_cijfer_determinator")
[46.314s] 9: +  {
[46.314s] 9: +    RCLCPP_INFO(this->get_logger(), "final_cijfer_determinator gestart!");
[46.314s] 9: +    tentamen_sub_ = this->create_subscription<g1_interface_pkg::msg::Tentamen>(
[46.314s] 9: +            "tentamen_results", 10,
[46.314s] 9: +      std::bind(&FinalCijferDeterminator::tentamen_callback, this, std::placeholders::_1));
[46.314s] 9: +    cijfer_client_ =
[46.314s] 9: +      this->create_client<g1_interface_pkg::srv::Tentamens>("calculate_final_cijfer");
[46.315s] 9: +  }
[46.315s] 9: @@ -43,3 +46,3 @@
[46.315s] 9: -    std::unordered_map<StudentCourseKey, std::vector<int>> tentamen_map_;
[46.315s] 9: -    rclcpp::Subscription<g1_interface_pkg::msg::Tentamen>::SharedPtr tentamen_sub_;
[46.315s] 9: -    rclcpp::Client<g1_interface_pkg::srv::Tentamens>::SharedPtr cijfer_client_;
[46.315s] 9: +  std::unordered_map<StudentCourseKey, std::vector<int>> tentamen_map_;
[46.315s] 9: +  rclcpp::Subscription<g1_interface_pkg::msg::Tentamen>::SharedPtr tentamen_sub_;
[46.315s] 9: +  rclcpp::Client<g1_interface_pkg::srv::Tentamens>::SharedPtr cijfer_client_;
[46.315s] 9: @@ -47,4 +50,4 @@
[46.315s] 9: -    void tentamen_callback(const g1_interface_pkg::msg::Tentamen::SharedPtr msg)
[46.315s] 9: -    {
[46.315s] 9: -        StudentCourseKey key{msg->student_name, msg->course_name};
[46.315s] 9: -        tentamen_map_[key].push_back(msg->tentamen_cijfer);
[46.316s] 9: +  void tentamen_callback(const g1_interface_pkg::msg::Tentamen::SharedPtr msg)
[46.316s] 9: +  {
[46.316s] 9: +    StudentCourseKey key{msg->student_name, msg->course_name};
[46.316s] 9: +    tentamen_map_[key].push_back(msg->tentamen_cijfer);
[46.316s] 9: @@ -52 +55,2 @@
[46.316s] 9: -        RCLCPP_INFO(this->get_logger(), "Ontvangen tentamen: %s/%s %d", msg->student_name.c_str(), msg->course_name.c_str(), msg->tentamen_cijfer);
[46.316s] 9: +    RCLCPP_INFO(this->get_logger(), "Ontvangen tentamen: %s/%s %d", msg->student_name.c_str(),
[46.316s] 9: +      msg->course_name.c_str(), msg->tentamen_cijfer);
[46.316s] 9: @@ -55,6 +59,5 @@
[46.316s] 9: -        if (tentamen_map_[key].size() >= 3)
[46.316s] 9: -        {
[46.316s] 9: -            auto request = std::make_shared<g1_interface_pkg::srv::Tentamens::Request>();
[46.316s] 9: -            request->student_name = key.student;
[46.317s] 9: -            request->course_name = key.course;
[46.317s] 9: -            request->tentamen_cijfers = tentamen_map_[key];
[46.317s] 9: +    if (tentamen_map_[key].size() >= 3) {
[46.317s] 9: +      auto request = std::make_shared<g1_interface_pkg::srv::Tentamens::Request>();
[46.317s] 9: +      request->student_name = key.student;
[46.317s] 9: +      request->course_name = key.course;
[46.317s] 9: +      request->tentamen_cijfers = tentamen_map_[key];
[46.317s] 9: @@ -63,3 +66,4 @@
[46.317s] 9: -            auto response_callback = [this, key](rclcpp::Client<g1_interface_pkg::srv::Tentamens>::SharedFuture result_future)
[46.317s] 9: -            {
[46.317s] 9: -                auto response = result_future.get();
[46.317s] 9: +      auto response_callback = [this,
[46.318s] 9: +          key](rclcpp::Client<g1_interface_pkg::srv::Tentamens>::SharedFuture result_future)
[46.318s] 9: +        {
[46.318s] 9: +          auto response = result_future.get();
[46.318s] 9: @@ -67 +71 @@
[46.318s] 9: -                RCLCPP_INFO(this->get_logger(), "Schrijf naar database: %s,%s,%ld,%d,%s",
[46.318s] 9: +          RCLCPP_INFO(this->get_logger(), "Schrijf naar database: %s,%s,%ld,%d,%s",
[46.318s] 9: @@ -74,3 +78,4 @@
[46.318s] 9: -                std::ofstream db("/home/broodjesemih/ass_ros2_ws/database.csv", std::ios::app);
[46.318s] 9: -                db << key.student << "," << key.course << "," << tentamen_map_[key].size() << "," << response->final_cijfer << "," << std::to_string(this->now().seconds()) << "\n";
[46.318s] 9: -                db.close();
[46.318s] 9: +          std::ofstream db("/home/broodjesemih/ass_ros2_ws/database.csv", std::ios::app);
[46.318s] 9: +          db << key.student << "," << key.course << "," << tentamen_map_[key].size() << "," <<
[46.318s] 9: +            response->final_cijfer << "," << std::to_string(this->now().seconds()) << "\n";
[46.318s] 9: +          db.close();
[46.319s] 9: @@ -78 +83,2 @@
[46.319s] 9: -                RCLCPP_INFO(this->get_logger(), "Final cijfer for %s/%s: %d", key.student.c_str(), key.course.c_str(), response->final_cijfer);
[46.319s] 9: +          RCLCPP_INFO(this->get_logger(), "Final cijfer for %s/%s: %d", key.student.c_str(),
[46.319s] 9: +          key.course.c_str(), response->final_cijfer);
[46.319s] 9: @@ -80,2 +86,2 @@
[46.319s] 9: -                tentamen_map_.erase(key);
[46.319s] 9: -            };
[46.319s] 9: +          tentamen_map_.erase(key);
[46.319s] 9: +        };
[46.319s] 9: @@ -83,2 +89 @@
[46.319s] 9: -            cijfer_client_->async_send_request(request, response_callback);
[46.319s] 9: -        }
[46.319s] 9: +      cijfer_client_->async_send_request(request, response_callback);
[46.319s] 9: @@ -85,0 +91 @@
[46.320s] 9: +  }
[46.320s] 9: @@ -90,5 +96,5 @@
[46.320s] 9: -    rclcpp::init(argc, argv);
[46.320s] 9: -    rclcpp::spin(std::make_shared<FinalCijferDeterminator>());
[46.320s] 9: -    rclcpp::shutdown();
[46.320s] 9: -    return 0;
[46.320s] 9: -}
[46.320s] 9: +  rclcpp::init(argc, argv);
[46.320s] 9: +  rclcpp::spin(std::make_shared<FinalCijferDeterminator>());
[46.320s] 9: +  rclcpp::shutdown();
[46.320s] 9: +  return 0;
[46.320s] 9: +}
[46.320s] 9: 
[46.321s] 9: Code style divergence in file 'src/herkansing_cijfer_determinator.cpp':
[46.321s] 9: 
[46.321s] 9: --- src/herkansing_cijfer_determinator.cpp
[46.321s] 9: +++ src/herkansing_cijfer_determinator.cpp.uncrustify
[46.321s] 9: @@ -11,6 +11,8 @@
[46.321s] 9: -struct StudentCourseKey {
[46.321s] 9: -    std::string student;
[46.321s] 9: -    std::string course;
[46.321s] 9: -    bool operator==(const StudentCourseKey& other) const {
[46.321s] 9: -        return student == other.student && course == other.course;
[46.321s] 9: -    }
[46.321s] 9: +struct StudentCourseKey
[46.321s] 9: +{
[46.321s] 9: +  std::string student;
[46.321s] 9: +  std::string course;
[46.321s] 9: +  bool operator==(const StudentCourseKey & other) const
[46.321s] 9: +  {
[46.321s] 9: +    return student == other.student && course == other.course;
[46.321s] 9: +  }
[46.321s] 9: @@ -18,7 +20,10 @@
[46.321s] 9: -namespace std {
[46.321s] 9: -    template <>
[46.321s] 9: -    struct hash<StudentCourseKey> {
[46.321s] 9: -        std::size_t operator()(const StudentCourseKey& k) const {
[46.321s] 9: -            return std::hash<std::string>()(k.student) ^ std::hash<std::string>()(k.course);
[46.321s] 9: -        }
[46.321s] 9: -    };
[46.321s] 9: +namespace std
[46.321s] 9: +{
[46.321s] 9: +template<>
[46.322s] 9: +struct hash<StudentCourseKey>
[46.322s] 9: +{
[46.322s] 9: +  std::size_t operator()(const StudentCourseKey & k) const
[46.322s] 9: +  {
[46.322s] 9: +    return std::hash<std::string>()(k.student) ^ std::hash<std::string>()(k.course);
[46.322s] 9: +  }
[46.322s] 9: +};
[46.322s] 9: @@ -29,3 +34,5 @@
[46.322s] 9: -    using Herkanser = g1_interface_pkg::action::Herkanser;
[46.322s] 9: -    HerkansingCijferDeterminator() : Node("herkansing_cijfer_determinator") {
[46.322s] 9: -        action_server_ = rclcpp_action::create_server<Herkanser>(
[46.322s] 9: +  using Herkanser = g1_interface_pkg::action::Herkanser;
[46.322s] 9: +  HerkansingCijferDeterminator()
[46.322s] 9: +  : Node("herkansing_cijfer_determinator")
[46.322s] 9: +  {
[46.322s] 9: +    action_server_ = rclcpp_action::create_server<Herkanser>(
[46.322s] 9: @@ -33 +40,2 @@
[46.322s] 9: -            std::bind(&HerkansingCijferDeterminator::handle_goal, this, std::placeholders::_1, std::placeholders::_2),
[46.322s] 9: +            std::bind(&HerkansingCijferDeterminator::handle_goal, this, std::placeholders::_1,
[46.322s] 9: +      std::placeholders::_2),
[46.322s] 9: @@ -36 +44,43 @@
[46.322s] 9: -        cijfer_client_ = this->create_client<g1_interface_pkg::srv::Tentamens>("calculate_final_cijfer");
[46.322s] 9: +    cijfer_client_ =
[46.322s] 9: +      this->create_client<g1_interface_pkg::srv::Tentamens>("calculate_final_cijfer");
[46.322s] 9: +  }
[46.322s] 9: +
[46.322s] 9: +private:
[46.322s] 9: +  rclcpp_action::Server<Herkanser>::SharedPtr action_server_;
[46.322s] 9: +  rclcpp::Client<g1_interface_pkg::srv::Tentamens>::SharedPtr cijfer_client_;
[46.322s] 9: +
[46.322s] 9: +  rclcpp_action::GoalResponse handle_goal(
[46.322s] 9: +    const rclcpp_action::GoalUUID &,
[46.322s] 9: +    std::shared_ptr<const Herkanser::Goal> goal)
[46.322s] 9: +  {
[46.323s] 9: +    RCLCPP_INFO(this->get_logger(), "Received herkansing goal for %s/%s",
[46.323s] 9: +      goal->student_name.c_str(), goal->course_name.c_str());
[46.323s] 9: +    return rclcpp_action::GoalResponse::ACCEPT_AND_EXECUTE;
[46.323s] 9: +  }
[46.323s] 9: +
[46.323s] 9: +  rclcpp_action::CancelResponse handle_cancel(
[46.323s] 9: +    const std::shared_ptr<rclcpp_action::ServerGoalHandle<Herkanser>>)
[46.323s] 9: +  {
[46.323s] 9: +    return rclcpp_action::CancelResponse::ACCEPT;
[46.323s] 9: +  }
[46.323s] 9: +
[46.323s] 9: +  void handle_accepted(
[46.323s] 9: +    const std::shared_ptr<rclcpp_action::ServerGoalHandle<Herkanser>> goal_handle)
[46.323s] 9: +  {
[46.323s] 9: +    std::thread{std::bind(&HerkansingCijferDeterminator::execute, this, goal_handle)}.detach();
[46.323s] 9: +  }
[46.323s] 9: +
[46.323s] 9: +  void execute(const std::shared_ptr<rclcpp_action::ServerGoalHandle<Herkanser>> goal_handle)
[46.323s] 9: +  {
[46.323s] 9: +    auto goal = goal_handle->get_goal();
[46.323s] 9: +    StudentCourseKey key{goal->student_name, goal->course_name};
[46.323s] 9: +
[46.323s] 9: +        // Simulate receiving new tentamen results (here: random generation)
[46.323s] 9: +    std::vector<int> cijfers;
[46.323s] 9: +    for (int i = 0; i < 3; ++i) {
[46.323s] 9: +      cijfers.push_back(10 + (rand() % 91));
[46.323s] 9: +      auto feedback = std::make_shared<Herkanser::Feedback>();
[46.323s] 9: +      feedback->progress = (i + 1) / 3.0f;
[46.323s] 9: +      feedback->status = "Collecting tentamen results";
[46.323s] 9: +      goal_handle->publish_feedback(feedback);
[46.323s] 9: +      std::this_thread::sleep_for(std::chrono::seconds(1));
[46.323s] 9: @@ -39,3 +89,5 @@
[46.323s] 9: -private:
[46.323s] 9: -    rclcpp_action::Server<Herkanser>::SharedPtr action_server_;
[46.324s] 9: -    rclcpp::Client<g1_interface_pkg::srv::Tentamens>::SharedPtr cijfer_client_;
[46.324s] 9: +        // Calculate new final cijfer
[46.324s] 9: +    auto request = std::make_shared<g1_interface_pkg::srv::Tentamens::Request>();
[46.324s] 9: +    request->student_name = key.student;
[46.324s] 9: +    request->course_name = key.course;
[46.324s] 9: +    request->tentamen_cijfers = cijfers;
[46.324s] 9: @@ -43,37 +95,3 @@
[46.324s] 9: -    rclcpp_action::GoalResponse handle_goal(const rclcpp_action::GoalUUID &, std::shared_ptr<const Herkanser::Goal> goal) {
[46.324s] 9: -        RCLCPP_INFO(this->get_logger(), "Received herkansing goal for %s/%s", goal->student_name.c_str(), goal->course_name.c_str());
[46.324s] 9: -        return rclcpp_action::GoalResponse::ACCEPT_AND_EXECUTE;
[46.324s] 9: -    }
[46.324s] 9: -
[46.324s] 9: -    rclcpp_action::CancelResponse handle_cancel(const std::shared_ptr<rclcpp_action::ServerGoalHandle<Herkanser>>) {
[46.324s] 9: -        return rclcpp_action::CancelResponse::ACCEPT;
[46.324s] 9: -    }
[46.324s] 9: -
[46.324s] 9: -    void handle_accepted(const std::shared_ptr<rclcpp_action::ServerGoalHandle<Herkanser>> goal_handle) {
[46.324s] 9: -        std::thread{std::bind(&HerkansingCijferDeterminator::execute, this, goal_handle)}.detach();
[46.324s] 9: -    }
[46.324s] 9: -
[46.324s] 9: -    void execute(const std::shared_ptr<rclcpp_action::ServerGoalHandle<Herkanser>> goal_handle) {
[46.324s] 9: -        auto goal = goal_handle->get_goal();
[46.324s] 9: -        StudentCourseKey key{goal->student_name, goal->course_name};
[46.324s] 9: -
[46.324s] 9: -        // Simulate receiving new tentamen results (here: random generation)
[46.324s] 9: -        std::vector<int> cijfers;
[46.324s] 9: -        for (int i = 0; i < 3; ++i) {
[46.324s] 9: -            cijfers.push_back(10 + (rand() % 91));
[46.324s] 9: -            auto feedback = std::make_shared<Herkanser::Feedback>();
[46.324s] 9: -            feedback->progress = (i + 1) / 3.0f;
[46.324s] 9: -            feedback->status = "Collecting tentamen results";
[46.324s] 9: -            goal_handle->publish_feedback(feedback);
[46.324s] 9: -            std::this_thread::sleep_for(std::chrono::seconds(1));
[46.325s] 9: -        }
[46.325s] 9: -
[46.325s] 9: -        // Calculate new final cijfer
[46.325s] 9: -        auto request = std::make_shared<g1_interface_pkg::srv::Tentamens::Request>();
[46.325s] 9: -        request->student_name = key.student;
[46.325s] 9: -        request->course_name = key.course;
[46.325s] 9: -        request->tentamen_cijfers = cijfers;
[46.325s] 9: -
[46.325s] 9: -        auto future = cijfer_client_->async_send_request(request);
[46.325s] 9: -        future.wait();
[46.325s] 9: -        auto response = future.get();
[46.325s] 9: +    auto future = cijfer_client_->async_send_request(request);
[46.325s] 9: +    future.wait();
[46.325s] 9: +    auto response = future.get();
[46.325s] 9: @@ -82,3 +100,4 @@
[46.325s] 9: -        std::ofstream db("/home/broodjesemih/ass_ros2_ws/database.csv", std::ios::app);
[46.325s] 9: -        db << key.student << "," << key.course << "," << cijfers.size() << "," << response->final_cijfer << "," << std::to_string(this->now().seconds()) << "\n";
[46.325s] 9: -        db.close();
[46.325s] 9: +    std::ofstream db("/home/broodjesemih/ass_ros2_ws/database.csv", std::ios::app);
[46.325s] 9: +    db << key.student << "," << key.course << "," << cijfers.size() << "," <<
[46.325s] 9: +      response->final_cijfer << "," << std::to_string(this->now().seconds()) << "\n";
[46.325s] 9: +    db.close();
[46.325s] 9: @@ -86,5 +105,5 @@
[46.325s] 9: -        auto result = std::make_shared<Herkanser::Result>();
[46.325s] 9: -        result->final_cijfer = response->final_cijfer;
[46.325s] 9: -        result->message = "Nieuwe herkansing cijfer toegevoegd";
[46.325s] 9: -        goal_handle->succeed(result);
[46.325s] 9: -    }
[46.325s] 9: +    auto result = std::make_shared<Herkanser::Result>();
[46.325s] 9: +    result->final_cijfer = response->final_cijfer;
[46.325s] 9: +    result->message = "Nieuwe herkansing cijfer toegevoegd";
[46.325s] 9: +    goal_handle->succeed(result);
[46.326s] 9: +  }
[46.326s] 9: @@ -93,6 +112,7 @@
[46.326s] 9: -int main(int argc, char **argv) {
[46.326s] 9: -    rclcpp::init(argc, argv);
[46.326s] 9: -    rclcpp::spin(std::make_shared<HerkansingCijferDeterminator>());
[46.326s] 9: -    rclcpp::shutdown();
[46.326s] 9: -    return 0;
[46.326s] 9: -}
[46.326s] 9: +int main(int argc, char **argv)
[46.326s] 9: +{
[46.326s] 9: +  rclcpp::init(argc, argv);
[46.326s] 9: +  rclcpp::spin(std::make_shared<HerkansingCijferDeterminator>());
[46.326s] 9: +  rclcpp::shutdown();
[46.326s] 9: +  return 0;
[46.326s] 9: +}
[46.326s] 9: 
[46.326s] 9: Code style divergence in file 'src/herkansing_scheduler.cpp':
[46.326s] 9: 
[46.326s] 9: --- src/herkansing_scheduler.cpp
[46.326s] 9: +++ src/herkansing_scheduler.cpp.uncrustify
[46.326s] 9: @@ -10,4 +10,6 @@
[46.326s] 9: -    using Herkanser = g1_interface_pkg::action::Herkanser;
[46.326s] 9: -    HerkansingSchedulerNode() : Node("herkansing_scheduler") {
[46.326s] 9: -        action_client_ = rclcpp_action::create_client<Herkanser>(this, "herkanser");
[46.326s] 9: -        timer_ = this->create_wall_timer(
[46.326s] 9: +  using Herkanser = g1_interface_pkg::action::Herkanser;
[46.326s] 9: +  HerkansingSchedulerNode()
[46.326s] 9: +  : Node("herkansing_scheduler")
[46.326s] 9: +  {
[46.326s] 9: +    action_client_ = rclcpp_action::create_client<Herkanser>(this, "herkanser");
[46.326s] 9: +    timer_ = this->create_wall_timer(
[46.326s] 9: @@ -16 +18 @@
[46.326s] 9: -    }
[46.327s] 9: +  }
[46.327s] 9: @@ -19,2 +21,2 @@
[46.327s] 9: -    rclcpp_action::Client<Herkanser>::SharedPtr action_client_;
[46.327s] 9: -    rclcpp::TimerBase::SharedPtr timer_;
[46.327s] 9: +  rclcpp_action::Client<Herkanser>::SharedPtr action_client_;
[46.327s] 9: +  rclcpp::TimerBase::SharedPtr timer_;
[46.327s] 9: @@ -22,11 +24,12 @@
[46.327s] 9: -    void check_failed_students() {
[46.327s] 9: -        std::ifstream db("/home/broodjesemih/ass_ros2_ws/database.csv");
[46.327s] 9: -        std::string line;
[46.327s] 9: -        while (std::getline(db, line)) {
[46.327s] 9: -            std::istringstream iss(line);
[46.327s] 9: -            std::string student, course, exams, final_result, timestamp;
[46.327s] 9: -            std::getline(iss, student, ',');
[46.327s] 9: -            std::getline(iss, course, ',');
[46.327s] 9: -            std::getline(iss, exams, ',');
[46.327s] 9: -            std::getline(iss, final_result, ',');
[46.327s] 9: -            std::getline(iss, timestamp, ',');
[46.327s] 9: +  void check_failed_students()
[46.327s] 9: +  {
[46.327s] 9: +    std::ifstream db("/home/broodjesemih/ass_ros2_ws/database.csv");
[46.327s] 9: +    std::string line;
[46.327s] 9: +    while (std::getline(db, line)) {
[46.327s] 9: +      std::istringstream iss(line);
[46.327s] 9: +      std::string student, course, exams, final_result, timestamp;
[46.327s] 9: +      std::getline(iss, student, ',');
[46.327s] 9: +      std::getline(iss, course, ',');
[46.327s] 9: +      std::getline(iss, exams, ',');
[46.327s] 9: +      std::getline(iss, final_result, ',');
[46.327s] 9: +      std::getline(iss, timestamp, ',');
[46.327s] 9: @@ -34,9 +37,9 @@
[46.327s] 9: -            int cijfer = final_result.empty() ? 0 : std::stoi(final_result);
[46.327s] 9: -            if (cijfer >= 10 && cijfer <= 54) {
[46.328s] 9: -                auto goal_msg = Herkanser::Goal();
[46.328s] 9: -                goal_msg.student_name = student;
[46.328s] 9: -                goal_msg.course_name = course;
[46.328s] 9: -                action_client_->async_send_goal(goal_msg);
[46.328s] 9: -                RCLCPP_INFO(this->get_logger(), "Requested herkansing for %s/%s", student.c_str(), course.c_str());
[46.328s] 9: -            }
[46.328s] 9: -        }
[46.328s] 9: +      int cijfer = final_result.empty() ? 0 : std::stoi(final_result);
[46.328s] 9: +      if (cijfer >= 10 && cijfer <= 54) {
[46.328s] 9: +        auto goal_msg = Herkanser::Goal();
[46.328s] 9: +        goal_msg.student_name = student;
[46.328s] 9: +        goal_msg.course_name = course;
[46.328s] 9: +        action_client_->async_send_goal(goal_msg);
[46.328s] 9: +        RCLCPP_INFO(this->get_logger(), "Requested herkansing for %s/%s", student.c_str(),
[46.328s] 9: +          course.c_str());
[46.328s] 9: +      }
[46.328s] 9: @@ -43,0 +47 @@
[46.328s] 9: +  }
[46.328s] 9: @@ -46,6 +50,7 @@
[46.328s] 9: -int main(int argc, char **argv) {
[46.328s] 9: -    rclcpp::init(argc, argv);
[46.328s] 9: -    rclcpp::spin(std::make_shared<HerkansingSchedulerNode>());
[46.328s] 9: -    rclcpp::shutdown();
[46.328s] 9: -    return 0;
[46.328s] 9: -}
[46.328s] 9: +int main(int argc, char **argv)
[46.328s] 9: +{
[46.328s] 9: +  rclcpp::init(argc, argv);
[46.328s] 9: +  rclcpp::spin(std::make_shared<HerkansingSchedulerNode>());
[46.328s] 9: +  rclcpp::shutdown();
[46.328s] 9: +  return 0;
[46.328s] 9: +}
[46.328s] 9: 
[46.329s] 9: Code style divergence in file 'src/tentamen_result_generator.cpp':
[46.329s] 9: 
[46.329s] 9: --- src/tentamen_result_generator.cpp
[46.329s] 9: +++ src/tentamen_result_generator.cpp.uncrustify
[46.329s] 9: @@ -9,6 +9,8 @@
[46.329s] 9: -struct StudentCourseKey {
[46.329s] 9: -    std::string student;
[46.329s] 9: -    std::string course;
[46.329s] 9: -    bool operator==(const StudentCourseKey& other) const {
[46.329s] 9: -        return student == other.student && course == other.course;
[46.329s] 9: -    }
[46.329s] 9: +struct StudentCourseKey
[46.329s] 9: +{
[46.329s] 9: +  std::string student;
[46.329s] 9: +  std::string course;
[46.329s] 9: +  bool operator==(const StudentCourseKey & other) const
[46.329s] 9: +  {
[46.329s] 9: +    return student == other.student && course == other.course;
[46.329s] 9: +  }
[46.329s] 9: @@ -16,7 +18,10 @@
[46.329s] 9: -namespace std {
[46.329s] 9: -    template <>
[46.329s] 9: -    struct hash<StudentCourseKey> {
[46.329s] 9: -        std::size_t operator()(const StudentCourseKey& k) const {
[46.329s] 9: -            return std::hash<std::string>()(k.student) ^ std::hash<std::string>()(k.course);
[46.329s] 9: -        }
[46.329s] 9: -    };
[46.329s] 9: +namespace std
[46.329s] 9: +{
[46.329s] 9: +template<>
[46.329s] 9: +struct hash<StudentCourseKey>
[46.329s] 9: +{
[46.329s] 9: +  std::size_t operator()(const StudentCourseKey & k) const
[46.329s] 9: +  {
[46.330s] 9: +    return std::hash<std::string>()(k.student) ^ std::hash<std::string>()(k.course);
[46.330s] 9: +  }
[46.330s] 9: +};
[46.330s] 9: @@ -27,3 +32,5 @@
[46.330s] 9: -    TentamenResultGenerator() : Node("tentamen_result_generator") {
[46.330s] 9: -        publisher_ = this->create_publisher<g1_interface_pkg::msg::Tentamen>("tentamen_results", 10);
[46.330s] 9: -        timer_ = this->create_wall_timer(
[46.330s] 9: +  TentamenResultGenerator()
[46.330s] 9: +  : Node("tentamen_result_generator")
[46.330s] 9: +  {
[46.330s] 9: +    publisher_ = this->create_publisher<g1_interface_pkg::msg::Tentamen>("tentamen_results", 10);
[46.330s] 9: +    timer_ = this->create_wall_timer(
[46.330s] 9: @@ -32,2 +39,2 @@
[46.330s] 9: -        load_student_course_combinations();
[46.330s] 9: -    }
[46.330s] 9: +    load_student_course_combinations();
[46.330s] 9: +  }
[46.330s] 9: @@ -38,3 +45,3 @@
[46.330s] 9: -    std::unordered_set<StudentCourseKey> active_combinations_;
[46.330s] 9: -    rclcpp::Publisher<g1_interface_pkg::msg::Tentamen>::SharedPtr publisher_;
[46.330s] 9: -    rclcpp::TimerBase::SharedPtr timer_;
[46.330s] 9: +  std::unordered_set<StudentCourseKey> active_combinations_;
[46.330s] 9: +  rclcpp::Publisher<g1_interface_pkg::msg::Tentamen>::SharedPtr publisher_;
[46.330s] 9: +  rclcpp::TimerBase::SharedPtr timer_;
[46.330s] 9: @@ -42,15 +49,15 @@
[46.330s] 9: -    void load_student_course_combinations() {
[46.330s] 9: -        std::ifstream db("/home/broodjesemih/ass_ros2_ws/database.csv");
[46.330s] 9: -        std::string line;
[46.330s] 9: -        while (std::getline(db, line)) {
[46.330s] 9: -            std::istringstream iss(line);
[46.330s] 9: -            std::string student, course, exams, final_result, timestamp;
[46.330s] 9: -            std::getline(iss, student, ',');
[46.330s] 9: -            std::getline(iss, course, ',');
[46.331s] 9: -            std::getline(iss, exams, ',');
[46.331s] 9: -            std::getline(iss, final_result, ',');
[46.331s] 9: -            std::getline(iss, timestamp, ',');
[46.331s] 9: -            if (final_result.empty()) { // Only add if no final result
[46.331s] 9: -                active_combinations_.insert({student, course});
[46.331s] 9: -            }
[46.331s] 9: -        }
[46.331s] 9: +  void load_student_course_combinations()
[46.331s] 9: +  {
[46.331s] 9: +    std::ifstream db("/home/broodjesemih/ass_ros2_ws/database.csv");
[46.331s] 9: +    std::string line;
[46.331s] 9: +    while (std::getline(db, line)) {
[46.331s] 9: +      std::istringstream iss(line);
[46.331s] 9: +      std::string student, course, exams, final_result, timestamp;
[46.331s] 9: +      std::getline(iss, student, ',');
[46.331s] 9: +      std::getline(iss, course, ',');
[46.331s] 9: +      std::getline(iss, exams, ',');
[46.331s] 9: +      std::getline(iss, final_result, ',');
[46.331s] 9: +      std::getline(iss, timestamp, ',');
[46.331s] 9: +      if (final_result.empty()) {       // Only add if no final result
[46.331s] 9: +        active_combinations_.insert({student, course});
[46.331s] 9: +      }
[46.331s] 9: @@ -57,0 +65 @@
[46.331s] 9: +  }
[46.331s] 9: @@ -59,5 +67,6 @@
[46.331s] 9: -    void publish_random_result() {
[46.331s] 9: -        if (active_combinations_.empty()) return;
[46.331s] 9: -        auto it = active_combinations_.begin();
[46.331s] 9: -        std::advance(it, rand() % active_combinations_.size());
[46.331s] 9: -        auto key = *it;
[46.331s] 9: +  void publish_random_result()
[46.331s] 9: +  {
[46.332s] 9: +    if (active_combinations_.empty()) {return;}
[46.332s] 9: +    auto it = active_combinations_.begin();
[46.332s] 9: +    std::advance(it, rand() % active_combinations_.size());
[46.332s] 9: +    auto key = *it;
[46.332s] 9: @@ -65,5 +74,5 @@
[46.332s] 9: -        g1_interface_pkg::msg::Tentamen msg;
[46.332s] 9: -        msg.stamp = this->now();
[46.332s] 9: -        msg.student_name = key.student;
[46.332s] 9: -        msg.course_name = key.course;
[46.332s] 9: -        msg.tentamen_cijfer = 10 + (rand() % 91); // 10-100
[46.332s] 9: +    g1_interface_pkg::msg::Tentamen msg;
[46.332s] 9: +    msg.stamp = this->now();
[46.332s] 9: +    msg.student_name = key.student;
[46.332s] 9: +    msg.course_name = key.course;
[46.332s] 9: +    msg.tentamen_cijfer = 10 + (rand() % 91);     // 10-100
[46.332s] 9: @@ -71,3 +80,4 @@
[46.332s] 9: -        publisher_->publish(msg);
[46.332s] 9: -        RCLCPP_INFO(this->get_logger(), "Published tentamen for %s/%s: %d", key.student.c_str(), key.course.c_str(), msg.tentamen_cijfer);
[46.332s] 9: -    }
[46.332s] 9: +    publisher_->publish(msg);
[46.332s] 9: +    RCLCPP_INFO(this->get_logger(), "Published tentamen for %s/%s: %d", key.student.c_str(),
[46.332s] 9: +      key.course.c_str(), msg.tentamen_cijfer);
[46.332s] 9: +  }
[46.332s] 9: @@ -76,6 +86,7 @@
[46.332s] 9: -int main(int argc, char **argv) {
[46.332s] 9: -    rclcpp::init(argc, argv);
[46.332s] 9: -    rclcpp::spin(std::make_shared<TentamenResultGenerator>());
[46.332s] 9: -    rclcpp::shutdown();
[46.332s] 9: -    return 0;
[46.332s] 9: -}
[46.332s] 9: +int main(int argc, char **argv)
[46.332s] 9: +{
[46.332s] 9: +  rclcpp::init(argc, argv);
[46.333s] 9: +  rclcpp::spin(std::make_shared<TentamenResultGenerator>());
[46.333s] 9: +  rclcpp::shutdown();
[46.333s] 9: +  return 0;
[46.333s] 9: +}
[46.333s] 9: 
[46.333s] 9: Code style divergence in file 'test/test_cijfer_calculator.cpp':
[46.333s] 9: 
[46.333s] 9: --- test/test_cijfer_calculator.cpp
[46.333s] 9: +++ test/test_cijfer_calculator.cpp.uncrustify
[46.333s] 9: @@ -8 +8,2 @@
[46.333s] 9: -int main(int argc, char** argv) {
[46.333s] 9: +int main(int argc, char ** argv)
[46.333s] 9: +{
[46.333s] 9: @@ -11 +12 @@
[46.333s] 9: -}
[46.333s] 9: +}
[46.333s] 9: 
[46.333s] 9: Code style divergence in file 'test/test_cijfer_service.cpp':
[46.333s] 9: 
[46.333s] 9: --- test/test_cijfer_service.cpp
[46.333s] 9: +++ test/test_cijfer_service.cpp.uncrustify
[46.333s] 9: @@ -10 +10,2 @@
[46.333s] 9: -  static void SetUpTestSuite() {
[46.333s] 9: +  static void SetUpTestSuite()
[46.333s] 9: +  {
[46.333s] 9: @@ -14 +15,2 @@
[46.333s] 9: -  static void TearDownTestSuite() {
[46.333s] 9: +  static void TearDownTestSuite()
[46.333s] 9: +  {
[46.333s] 9: @@ -22 +24 @@
[46.333s] 9: -  
[46.333s] 9: +
[46.334s] 9: @@ -24 +26 @@
[46.334s] 9: -  
[46.334s] 9: +
[46.334s] 9: @@ -29 +31 @@
[46.334s] 9: -  
[46.334s] 9: +
[46.334s] 9: @@ -32 +34 @@
[46.334s] 9: -  
[46.334s] 9: +
[46.334s] 9: @@ -35 +37 @@
[46.334s] 9: -  
[46.334s] 9: +
[46.334s] 9: @@ -44 +46 @@
[46.334s] 9: -  
[46.334s] 9: +
[46.334s] 9: @@ -46 +48 @@
[46.334s] 9: -  
[46.334s] 9: +
[46.334s] 9: @@ -51 +53 @@
[46.334s] 9: -  
[46.334s] 9: +
[46.334s] 9: @@ -54 +56 @@
[46.334s] 9: -  
[46.334s] 9: +
[46.334s] 9: @@ -57 +59 @@
[46.334s] 9: -  
[46.334s] 9: +
[46.334s] 9: @@ -65 +67 @@
[46.334s] 9: -  
[46.334s] 9: +
[46.334s] 9: @@ -67 +69 @@
[46.334s] 9: -  
[46.334s] 9: +
[46.334s] 9: @@ -72 +74 @@
[46.335s] 9: -  
[46.335s] 9: +
[46.335s] 9: @@ -75 +77 @@
[46.335s] 9: -  
[46.335s] 9: +
[46.335s] 9: @@ -78 +80 @@
[46.335s] 9: -  
[46.335s] 9: +
[46.335s] 9: @@ -86 +88 @@
[46.335s] 9: -  
[46.335s] 9: +
[46.335s] 9: @@ -88 +90 @@
[46.335s] 9: -  
[46.335s] 9: +
[46.335s] 9: @@ -93 +95 @@
[46.335s] 9: -  
[46.335s] 9: +
[46.335s] 9: @@ -96 +98 @@
[46.335s] 9: -  
[46.335s] 9: +
[46.335s] 9: @@ -99 +101 @@
[46.335s] 9: -  
[46.335s] 9: +
[46.335s] 9: @@ -107 +109 @@
[46.335s] 9: -  
[46.335s] 9: +
[46.335s] 9: @@ -109 +111 @@
[46.335s] 9: -  
[46.335s] 9: +
[46.335s] 9: @@ -114 +116 @@
[46.335s] 9: -  
[46.335s] 9: +
[46.335s] 9: @@ -117 +119 @@
[46.335s] 9: -  
[46.336s] 9: +
[46.336s] 9: @@ -120 +122 @@
[46.336s] 9: -  
[46.336s] 9: +
[46.336s] 9: @@ -125 +127,2 @@
[46.336s] 9: -int main(int argc, char **argv) {
[46.336s] 9: +int main(int argc, char **argv)
[46.336s] 9: +{
[46.336s] 9: 
[46.336s] 9: Code style divergence in file 'test/test_final_cijfer_determinator.cpp':
[46.336s] 9: 
[46.336s] 9: --- test/test_final_cijfer_determinator.cpp
[46.336s] 9: +++ test/test_final_cijfer_determinator.cpp.uncrustify
[46.336s] 9: @@ -11 +11,2 @@
[46.336s] 9: -  static void SetUpTestSuite() {
[46.336s] 9: +  static void SetUpTestSuite()
[46.336s] 9: +  {
[46.336s] 9: @@ -15 +16,2 @@
[46.336s] 9: -  static void TearDownTestSuite() {
[46.336s] 9: +  static void TearDownTestSuite()
[46.336s] 9: +  {
[46.336s] 9: @@ -23 +25 @@
[46.336s] 9: -  
[46.336s] 9: +
[46.336s] 9: @@ -26,2 +28,3 @@
[46.336s] 9: -  
[46.336s] 9: -  EXPECT_GE(publisher->get_subscription_count(), 1) << "final_cijfer_determinator should be subscribed";
[46.336s] 9: +
[46.336s] 9: +  EXPECT_GE(publisher->get_subscription_count(),
[46.336s] 9: +    1) << "final_cijfer_determinator should be subscribed";
[46.336s] 9: @@ -33 +36 @@
[46.336s] 9: -  
[46.337s] 9: +
[46.337s] 9: @@ -36 +39 @@
[46.337s] 9: -  
[46.337s] 9: +
[46.337s] 9: @@ -44 +47 @@
[46.337s] 9: -    
[46.337s] 9: +
[46.337s] 9: @@ -49 +52 @@
[46.337s] 9: -  
[46.337s] 9: +
[46.337s] 9: @@ -52 +55 @@
[46.337s] 9: -  
[46.337s] 9: +
[46.337s] 9: @@ -57 +60 @@
[46.337s] 9: -  
[46.337s] 9: +
[46.337s] 9: @@ -59,2 +62,3 @@
[46.337s] 9: -    if (line.find("TestStudent") != std::string::npos && 
[46.337s] 9: -        line.find("TestCourse") != std::string::npos) {
[46.337s] 9: +    if (line.find("TestStudent") != std::string::npos &&
[46.337s] 9: +      line.find("TestCourse") != std::string::npos)
[46.337s] 9: +    {
[46.337s] 9: @@ -65 +69 @@
[46.337s] 9: -  
[46.337s] 9: +
[46.337s] 9: @@ -72 +76 @@
[46.337s] 9: -  
[46.337s] 9: +
[46.337s] 9: @@ -74 +78 @@
[46.337s] 9: -  
[46.337s] 9: +
[46.337s] 9: @@ -77 +81 @@
[46.337s] 9: -  int count_before = std::count(std::istreambuf_iterator<char>(db_before), 
[46.338s] 9: +  int count_before = std::count(std::istreambuf_iterator<char>(db_before),
[46.338s] 9: @@ -80 +84 @@
[46.338s] 9: -  
[46.338s] 9: +
[46.338s] 9: @@ -88 +92 @@
[46.338s] 9: -    
[46.338s] 9: +
[46.338s] 9: @@ -93 +97 @@
[46.338s] 9: -  
[46.338s] 9: +
[46.338s] 9: @@ -95 +99 @@
[46.338s] 9: -  
[46.338s] 9: +
[46.338s] 9: @@ -98 +102 @@
[46.338s] 9: -  int count_after = std::count(std::istreambuf_iterator<char>(db_after), 
[46.338s] 9: +  int count_after = std::count(std::istreambuf_iterator<char>(db_after),
[46.338s] 9: @@ -101 +105 @@
[46.338s] 9: -  
[46.338s] 9: +
[46.338s] 9: @@ -106 +110,2 @@
[46.338s] 9: -int main(int argc, char **argv) {
[46.338s] 9: +int main(int argc, char **argv)
[46.338s] 9: +{
[46.338s] 9: 
[46.338s] 9: Code style divergence in file 'test/test_tentamen_publisher.cpp':
[46.338s] 9: 
[46.338s] 9: --- test/test_tentamen_publisher.cpp
[46.338s] 9: +++ test/test_tentamen_publisher.cpp.uncrustify
[46.338s] 9: @@ -10 +10,2 @@
[46.338s] 9: -  static void SetUpTestSuite() {
[46.338s] 9: +  static void SetUpTestSuite()
[46.338s] 9: +  {
[46.339s] 9: @@ -14 +15,2 @@
[46.339s] 9: -  static void TearDownTestSuite() {
[46.339s] 9: +  static void TearDownTestSuite()
[46.339s] 9: +  {
[46.339s] 9: @@ -21 +23 @@
[46.339s] 9: -  
[46.339s] 9: +
[46.339s] 9: @@ -24 +26 @@
[46.339s] 9: -  
[46.339s] 9: +
[46.339s] 9: @@ -31 +33 @@
[46.339s] 9: -  
[46.339s] 9: +
[46.339s] 9: @@ -38 +40 @@
[46.339s] 9: -  
[46.339s] 9: +
[46.339s] 9: @@ -48 +50 @@
[46.339s] 9: -  
[46.339s] 9: +
[46.339s] 9: @@ -50 +52 @@
[46.339s] 9: -  
[46.339s] 9: +
[46.339s] 9: @@ -56 +58 @@
[46.339s] 9: -  
[46.339s] 9: +
[46.339s] 9: @@ -63 +65 @@
[46.339s] 9: -  
[46.339s] 9: +
[46.339s] 9: @@ -67 +69,2 @@
[46.339s] 9: -int main(int argc, char **argv) {
[46.339s] 9: +int main(int argc, char **argv)
[46.339s] 9: +{
[46.339s] 9: 
[46.340s] 9: 9 files with code style divergence
[46.340s] 9: -- run_test.py: return code 1
[46.340s] 9: -- run_test.py: verify result file '/home/broodjesemih/ass_ros2_ws/build/g1_ass1_pkg/test_results/g1_ass1_pkg/uncrustify.xunit.xml'
[46.340s]  9/10 Test  #9: uncrustify .......................***Failed    0.14 sec
[46.340s] test 10
[46.340s]       Start 10: xmllint
[46.340s] 
[46.340s] 10: Test command: /usr/bin/python3 "-u" "/opt/ros/jazzy/share/ament_cmake_test/cmake/run_test.py" "/home/broodjesemih/ass_ros2_ws/build/g1_ass1_pkg/test_results/g1_ass1_pkg/xmllint.xunit.xml" "--package-name" "g1_ass1_pkg" "--output-file" "/home/broodjesemih/ass_ros2_ws/build/g1_ass1_pkg/ament_xmllint/xmllint.txt" "--command" "/opt/ros/jazzy/bin/ament_xmllint" "--xunit-file" "/home/broodjesemih/ass_ros2_ws/build/g1_ass1_pkg/test_results/g1_ass1_pkg/xmllint.xunit.xml"
[46.340s] 10: Working Directory: /home/broodjesemih/ass_ros2_ws/src/g1_ass1_pkg
[46.340s] 10: Test timeout computed to be: 60
[46.353s] 10: -- run_test.py: invoking following command in '/home/broodjesemih/ass_ros2_ws/src/g1_ass1_pkg':
[46.353s] 10:  - /opt/ros/jazzy/bin/ament_xmllint --xunit-file /home/broodjesemih/ass_ros2_ws/build/g1_ass1_pkg/test_results/g1_ass1_pkg/xmllint.xunit.xml
[46.406s] 10: File 'package.xml' is valid
[46.406s] 10: 
[46.406s] 10: File 'install/g1_ass1_pkg/share/g1_ass1_pkg/package.xml' is valid
[46.406s] 10: 
[46.406s] 10: No problems found
[46.414s] 10: -- run_test.py: return code 0
[46.414s] 10: -- run_test.py: verify result file '/home/broodjesemih/ass_ros2_ws/build/g1_ass1_pkg/test_results/g1_ass1_pkg/xmllint.xunit.xml'
[46.421s] 10/10 Test #10: xmllint ..........................   Passed    0.11 sec
[46.421s] 
[46.421s] 50% tests passed[0;0m, [0;31m5 tests failed[0;0m out of 10
[46.421s] 
[46.421s] Label Time Summary:
[46.421s] cppcheck      =   0.12 sec*proc (1 test)
[46.421s] flake8        =   0.26 sec*proc (1 test)
[46.421s] gtest         =  45.50 sec*proc (4 tests)
[46.421s] lint_cmake    =   0.10 sec*proc (1 test)
[46.421s] linter        =   0.90 sec*proc (6 tests)
[46.421s] pep257        =   0.16 sec*proc (1 test)
[46.421s] uncrustify    =   0.14 sec*proc (1 test)
[46.421s] xmllint       =   0.11 sec*proc (1 test)
[46.421s] 
[46.421s] Total Test time (real) =  46.40 sec
[46.421s] 
[46.421s] The following tests FAILED:
[46.422s] 	[0;31m  2 - test_cijfer_service (Failed)[0;0m
[46.422s] 	[0;31m  3 - test_tentamen_publisher (Failed)[0;0m
[46.422s] 	[0;31m  4 - test_final_cijfer_determinator (Failed)[0;0m
[46.422s] 	[0;31m  7 - lint_cmake (Failed)[0;0m
[46.422s] 	[0;31m  9 - uncrustify (Failed)[0;0m
[46.424s] Errors while running CTest
[46.424s] Output from these tests are in: /home/broodjesemih/ass_ros2_ws/build/g1_ass1_pkg/Testing/Temporary/LastTest.log
[46.424s] Use "--rerun-failed --output-on-failure" to re-run the failed cases verbosely.
[46.425s] Invoked command in '/home/broodjesemih/ass_ros2_ws/build/g1_ass1_pkg' returned '8': CMAKE_PREFIX_PATH=/home/broodjesemih/ass_ros2_ws/install/g1_ass1_pkg:/home/broodjesemih/ass_ros2_ws/install/g1_interface_pkg:/home/broodjesemih/minor_ws/install/robot_moveit_config:/home/broodjesemih/minor_ws/install/robot_description:/home/broodjesemih/minor_ws/install/robot_commander:/home/broodjesemih/minor_ws/install/robot_bringup:/home/broodjesemih/homework_ws/install/hw_pkg:/home/broodjesemih/homework_ws/install/broodje_interfaces:/home/broodjesemih/ros2_ws/install/templates_interfaces:/home/broodjesemih/ros2_ws/install/les_pkg:/home/broodjesemih/ros2_ws/install/my_robot_interfaces:/home/broodjesemih/les_ws-main/install/robot_moveit_config:/home/broodjesemih/les_ws-main/install/robot_description:/home/broodjesemih/les_ws-main/install/robot_commander:/home/broodjesemih/les_ws-main/install/robot_bringup:/home/broodjesemih/les_ws-main/install/les_pkg:/home/broodjesemih/les_ws-main/install/my_interfaces:/opt/ros/jazzy/opt/gz_sim_vendor:/opt/ros/jazzy/opt/gz_sensors_vendor:/opt/ros/jazzy/opt/gz_physics_vendor:/opt/ros/jazzy/opt/sdformat_vendor:/opt/ros/jazzy/opt/gz_gui_vendor:/opt/ros/jazzy/opt/gz_transport_vendor:/opt/ros/jazzy/opt/gz_rendering_vendor:/opt/ros/jazzy/opt/gz_plugin_vendor:/opt/ros/jazzy/opt/gz_fuel_tools_vendor:/opt/ros/jazzy/opt/gz_msgs_vendor:/opt/ros/jazzy/opt/gz_common_vendor:/opt/ros/jazzy/opt/gz_math_vendor:/opt/ros/jazzy/opt/gz_utils_vendor:/opt/ros/jazzy/opt/gz_tools_vendor:/opt/ros/jazzy/opt/gz_ogre_next_vendor:/opt/ros/jazzy/opt/gz_dartsim_vendor:/opt/ros/jazzy/opt/gz_cmake_vendor DEBUGINFOD_URLS=https://debuginfod.ubuntu.com /usr/bin/ctest -C Release -D ExperimentalTest --no-compress-output -V --force-new-ctest-process
