UpdateCTestConfiguration  from :/home/broodjesemih/ass_ros2_ws/build/g1_ass1_pkg/CTestConfiguration.ini
Parse Config file:/home/broodjesemih/ass_ros2_ws/build/g1_ass1_pkg/CTestConfiguration.ini
   Site: xubuntu
   Build name: (empty)
 Add coverage exclude regular expressions.
Create new tag: 20251006-1322 - Experimental
UpdateCTestConfiguration  from :/home/broodjesemih/ass_ros2_ws/build/g1_ass1_pkg/CTestConfiguration.ini
Parse Config file:/home/broodjesemih/ass_ros2_ws/build/g1_ass1_pkg/CTestConfiguration.ini
Test project /home/broodjesemih/ass_ros2_ws/build/g1_ass1_pkg
Constructing a list of tests
Done constructing a list of tests
Updating test list for fixtures
Added 0 tests to meet fixture requirements
Checking test dependency graph...
Checking test dependency graph end
test 1
    Start 1: test_cijfer_calculator

1: Test command: /usr/bin/python3 "-u" "/opt/ros/jazzy/share/ament_cmake_test/cmake/run_test.py" "/home/broodjesemih/ass_ros2_ws/build/g1_ass1_pkg/test_results/g1_ass1_pkg/test_cijfer_calculator.gtest.xml" "--package-name" "g1_ass1_pkg" "--output-file" "/home/broodjesemih/ass_ros2_ws/build/g1_ass1_pkg/ament_cmake_gtest/test_cijfer_calculator.txt" "--command" "/home/broodjesemih/ass_ros2_ws/build/g1_ass1_pkg/test_cijfer_calculator" "--gtest_output=xml:/home/broodjesemih/ass_ros2_ws/build/g1_ass1_pkg/test_results/g1_ass1_pkg/test_cijfer_calculator.gtest.xml"
1: Working Directory: /home/broodjesemih/ass_ros2_ws/build/g1_ass1_pkg
1: Test timeout computed to be: 60
1: -- run_test.py: invoking following command in '/home/broodjesemih/ass_ros2_ws/build/g1_ass1_pkg':
1:  - /home/broodjesemih/ass_ros2_ws/build/g1_ass1_pkg/test_cijfer_calculator --gtest_output=xml:/home/broodjesemih/ass_ros2_ws/build/g1_ass1_pkg/test_results/g1_ass1_pkg/test_cijfer_calculator.gtest.xml
1: [==========] Running 1 test from 1 test suite.
1: [----------] Global test environment set-up.
1: [----------] 1 test from TestSuite
1: [ RUN      ] TestSuite.test_example
1: [       OK ] TestSuite.test_example (0 ms)
1: [----------] 1 test from TestSuite (0 ms total)
1: 
1: [----------] Global test environment tear-down
1: [==========] 1 test from 1 test suite ran. (0 ms total)
1: [  PASSED  ] 1 test.
1: -- run_test.py: return code 0
1: -- run_test.py: inject classname prefix into gtest result file '/home/broodjesemih/ass_ros2_ws/build/g1_ass1_pkg/test_results/g1_ass1_pkg/test_cijfer_calculator.gtest.xml'
1: -- run_test.py: verify result file '/home/broodjesemih/ass_ros2_ws/build/g1_ass1_pkg/test_results/g1_ass1_pkg/test_cijfer_calculator.gtest.xml'
1/4 Test #1: test_cijfer_calculator ...........   Passed    0.05 sec
test 2
    Start 2: test_cijfer_service

2: Test command: /usr/bin/python3 "-u" "/opt/ros/jazzy/share/ament_cmake_test/cmake/run_test.py" "/home/broodjesemih/ass_ros2_ws/build/g1_ass1_pkg/test_results/g1_ass1_pkg/test_cijfer_service.gtest.xml" "--package-name" "g1_ass1_pkg" "--output-file" "/home/broodjesemih/ass_ros2_ws/build/g1_ass1_pkg/ament_cmake_gtest/test_cijfer_service.txt" "--command" "/home/broodjesemih/ass_ros2_ws/build/g1_ass1_pkg/test_cijfer_service" "--gtest_output=xml:/home/broodjesemih/ass_ros2_ws/build/g1_ass1_pkg/test_results/g1_ass1_pkg/test_cijfer_service.gtest.xml"
2: Working Directory: /home/broodjesemih/ass_ros2_ws/build/g1_ass1_pkg
2: Test timeout computed to be: 60
2: -- run_test.py: invoking following command in '/home/broodjesemih/ass_ros2_ws/build/g1_ass1_pkg':
2:  - /home/broodjesemih/ass_ros2_ws/build/g1_ass1_pkg/test_cijfer_service --gtest_output=xml:/home/broodjesemih/ass_ros2_ws/build/g1_ass1_pkg/test_results/g1_ass1_pkg/test_cijfer_service.gtest.xml
2: [==========] Running 5 tests from 1 test suite.
2: [----------] Global test environment set-up.
2: [----------] 5 tests from TestCijferService
2: [ RUN      ] TestCijferService.test_average_calculation
2: /home/broodjesemih/ass_ros2_ws/src/g1_ass1_pkg/test/test_cijfer_service.cpp:23: Failure
2: Value of: client->wait_for_service(5s)
2:   Actual: false
2: Expected: true
2: 
2: [  FAILED  ] TestCijferService.test_average_calculation (5012 ms)
2: [ RUN      ] TestCijferService.test_wessel_bonus
2: /home/broodjesemih/ass_ros2_ws/src/g1_ass1_pkg/test/test_cijfer_service.cpp:45: Failure
2: Value of: client->wait_for_service(5s)
2:   Actual: false
2: Expected: true
2: 
2: [  FAILED  ] TestCijferService.test_wessel_bonus (5009 ms)
2: [ RUN      ] TestCijferService.test_max_clamp
2: /home/broodjesemih/ass_ros2_ws/src/g1_ass1_pkg/test/test_cijfer_service.cpp:66: Failure
2: Value of: client->wait_for_service(5s)
2:   Actual: false
2: Expected: true
2: 
2: [  FAILED  ] TestCijferService.test_max_clamp (5006 ms)
2: [ RUN      ] TestCijferService.test_min_clamp
2: /home/broodjesemih/ass_ros2_ws/src/g1_ass1_pkg/test/test_cijfer_service.cpp:87: Failure
2: Value of: client->wait_for_service(5s)
2:   Actual: false
2: Expected: true
2: 
2: [  FAILED  ] TestCijferService.test_min_clamp (5005 ms)
2: [ RUN      ] TestCijferService.test_empty_cijfers
2: /home/broodjesemih/ass_ros2_ws/src/g1_ass1_pkg/test/test_cijfer_service.cpp:108: Failure
2: Value of: client->wait_for_service(5s)
2:   Actual: false
2: Expected: true
2: 
2: [  FAILED  ] TestCijferService.test_empty_cijfers (5008 ms)
2: [----------] 5 tests from TestCijferService (25043 ms total)
2: 
2: [----------] Global test environment tear-down
2: [==========] 5 tests from 1 test suite ran. (25047 ms total)
2: [  PASSED  ] 0 tests.
2: [  FAILED  ] 5 tests, listed below:
2: [  FAILED  ] TestCijferService.test_average_calculation
2: [  FAILED  ] TestCijferService.test_wessel_bonus
2: [  FAILED  ] TestCijferService.test_max_clamp
2: [  FAILED  ] TestCijferService.test_min_clamp
2: [  FAILED  ] TestCijferService.test_empty_cijfers
2: 
2:  5 FAILED TESTS
2: -- run_test.py: return code 1
2: -- run_test.py: inject classname prefix into gtest result file '/home/broodjesemih/ass_ros2_ws/build/g1_ass1_pkg/test_results/g1_ass1_pkg/test_cijfer_service.gtest.xml'
2: -- run_test.py: verify result file '/home/broodjesemih/ass_ros2_ws/build/g1_ass1_pkg/test_results/g1_ass1_pkg/test_cijfer_service.gtest.xml'
2/4 Test #2: test_cijfer_service ..............***Failed   25.21 sec
test 3
    Start 3: test_tentamen_publisher

3: Test command: /usr/bin/python3 "-u" "/opt/ros/jazzy/share/ament_cmake_test/cmake/run_test.py" "/home/broodjesemih/ass_ros2_ws/build/g1_ass1_pkg/test_results/g1_ass1_pkg/test_tentamen_publisher.gtest.xml" "--package-name" "g1_ass1_pkg" "--output-file" "/home/broodjesemih/ass_ros2_ws/build/g1_ass1_pkg/ament_cmake_gtest/test_tentamen_publisher.txt" "--command" "/home/broodjesemih/ass_ros2_ws/build/g1_ass1_pkg/test_tentamen_publisher" "--gtest_output=xml:/home/broodjesemih/ass_ros2_ws/build/g1_ass1_pkg/test_results/g1_ass1_pkg/test_tentamen_publisher.gtest.xml"
3: Working Directory: /home/broodjesemih/ass_ros2_ws/build/g1_ass1_pkg
3: Test timeout computed to be: 60
3: -- run_test.py: invoking following command in '/home/broodjesemih/ass_ros2_ws/build/g1_ass1_pkg':
3:  - /home/broodjesemih/ass_ros2_ws/build/g1_ass1_pkg/test_tentamen_publisher --gtest_output=xml:/home/broodjesemih/ass_ros2_ws/build/g1_ass1_pkg/test_results/g1_ass1_pkg/test_tentamen_publisher.gtest.xml
3: [==========] Running 2 tests from 1 test suite.
3: [----------] Global test environment set-up.
3: [----------] 2 tests from TestTentamenPublisher
3: [ RUN      ] TestTentamenPublisher.test_tentamen_published
3: /home/broodjesemih/ass_ros2_ws/src/g1_ass1_pkg/test/test_tentamen_publisher.cpp:39: Failure
3: Value of: received
3:   Actual: false
3: Expected: true
3: No tentamen message received within timeout
3: 
3: [  FAILED  ] TestTentamenPublisher.test_tentamen_published (10045 ms)
3: [ RUN      ] TestTentamenPublisher.test_multiple_messages
3: /home/broodjesemih/ass_ros2_ws/src/g1_ass1_pkg/test/test_tentamen_publisher.cpp:64: Failure
3: Expected: (count) >= (1), actual: 0 vs 1
3: Should receive at least 1 message in 5 seconds
3: 
3: [  FAILED  ] TestTentamenPublisher.test_multiple_messages (5022 ms)
3: [----------] 2 tests from TestTentamenPublisher (15067 ms total)
3: 
3: [----------] Global test environment tear-down
3: [==========] 2 tests from 1 test suite ran. (15071 ms total)
3: [  PASSED  ] 0 tests.
3: [  FAILED  ] 2 tests, listed below:
3: [  FAILED  ] TestTentamenPublisher.test_tentamen_published
3: [  FAILED  ] TestTentamenPublisher.test_multiple_messages
3: 
3:  2 FAILED TESTS
3: -- run_test.py: return code 1
3: -- run_test.py: inject classname prefix into gtest result file '/home/broodjesemih/ass_ros2_ws/build/g1_ass1_pkg/test_results/g1_ass1_pkg/test_tentamen_publisher.gtest.xml'
3: -- run_test.py: verify result file '/home/broodjesemih/ass_ros2_ws/build/g1_ass1_pkg/test_results/g1_ass1_pkg/test_tentamen_publisher.gtest.xml'
3/4 Test #3: test_tentamen_publisher ..........***Failed   15.23 sec
test 4
    Start 4: test_final_cijfer_determinator

4: Test command: /usr/bin/python3 "-u" "/opt/ros/jazzy/share/ament_cmake_test/cmake/run_test.py" "/home/broodjesemih/ass_ros2_ws/build/g1_ass1_pkg/test_results/g1_ass1_pkg/test_final_cijfer_determinator.gtest.xml" "--package-name" "g1_ass1_pkg" "--output-file" "/home/broodjesemih/ass_ros2_ws/build/g1_ass1_pkg/ament_cmake_gtest/test_final_cijfer_determinator.txt" "--command" "/home/broodjesemih/ass_ros2_ws/build/g1_ass1_pkg/test_final_cijfer_determinator" "--gtest_output=xml:/home/broodjesemih/ass_ros2_ws/build/g1_ass1_pkg/test_results/g1_ass1_pkg/test_final_cijfer_determinator.gtest.xml"
4: Working Directory: /home/broodjesemih/ass_ros2_ws/build/g1_ass1_pkg
4: Test timeout computed to be: 60
4: -- run_test.py: invoking following command in '/home/broodjesemih/ass_ros2_ws/build/g1_ass1_pkg':
4:  - /home/broodjesemih/ass_ros2_ws/build/g1_ass1_pkg/test_final_cijfer_determinator --gtest_output=xml:/home/broodjesemih/ass_ros2_ws/build/g1_ass1_pkg/test_results/g1_ass1_pkg/test_final_cijfer_determinator.gtest.xml
4: [==========] Running 3 tests from 1 test suite.
4: [----------] Global test environment set-up.
4: [----------] 3 tests from TestFinalCijferDeterminator
4: [ RUN      ] TestFinalCijferDeterminator.test_subscription_active
4: /home/broodjesemih/ass_ros2_ws/src/g1_ass1_pkg/test/test_final_cijfer_determinator.cpp:27: Failure
4: Expected: (publisher->get_subscription_count()) >= (1), actual: 0 vs 1
4: final_cijfer_determinator should be subscribed
4: 
4: [  FAILED  ] TestFinalCijferDeterminator.test_subscription_active (510 ms)
4: [ RUN      ] TestFinalCijferDeterminator.test_tentamen_reception
4: /home/broodjesemih/ass_ros2_ws/src/g1_ass1_pkg/test/test_final_cijfer_determinator.cpp:66: Failure
4: Value of: found
4:   Actual: false
4: Expected: true
4: Database should contain entry for TestStudent/TestCourse
4: 
4: [  FAILED  ] TestFinalCijferDeterminator.test_tentamen_reception (2607 ms)
4: [ RUN      ] TestFinalCijferDeterminator.test_three_tentamen_threshold
4: [       OK ] TestFinalCijferDeterminator.test_three_tentamen_threshold (1706 ms)
4: [----------] 3 tests from TestFinalCijferDeterminator (4823 ms total)
4: 
4: [----------] Global test environment tear-down
4: [==========] 3 tests from 1 test suite ran. (4828 ms total)
4: [  PASSED  ] 1 test.
4: [  FAILED  ] 2 tests, listed below:
4: [  FAILED  ] TestFinalCijferDeterminator.test_subscription_active
4: [  FAILED  ] TestFinalCijferDeterminator.test_tentamen_reception
4: 
4:  2 FAILED TESTS
4: -- run_test.py: return code 1
4: -- run_test.py: inject classname prefix into gtest result file '/home/broodjesemih/ass_ros2_ws/build/g1_ass1_pkg/test_results/g1_ass1_pkg/test_final_cijfer_determinator.gtest.xml'
4: -- run_test.py: verify result file '/home/broodjesemih/ass_ros2_ws/build/g1_ass1_pkg/test_results/g1_ass1_pkg/test_final_cijfer_determinator.gtest.xml'
4/4 Test #4: test_final_cijfer_determinator ...***Failed    4.98 sec

25% tests passed[0;0m, [0;31m3 tests failed[0;0m out of 4

Label Time Summary:
gtest    =  45.47 sec*proc (4 tests)

Total Test time (real) =  45.47 sec

The following tests FAILED:
	[0;31m  2 - test_cijfer_service (Failed)[0;0m
	[0;31m  3 - test_tentamen_publisher (Failed)[0;0m
	[0;31m  4 - test_final_cijfer_determinator (Failed)[0;0m
