[0.017s] Invoking command in '/home/broodjesemih/ass_ros2_ws/build/g1_ass1_pkg': CMAKE_PREFIX_PATH=/home/broodjesemih/ass_ros2_ws/install/g1_ass1_pkg:/home/broodjesemih/ass_ros2_ws/install/g1_interface_pkg:/home/broodjesemih/minor_ws/install/robot_moveit_config:/home/broodjesemih/minor_ws/install/robot_description:/home/broodjesemih/minor_ws/install/robot_commander:/home/broodjesemih/minor_ws/install/robot_bringup:/home/broodjesemih/homework_ws/install/hw_pkg:/home/broodjesemih/homework_ws/install/broodje_interfaces:/home/broodjesemih/ros2_ws/install/templates_interfaces:/home/broodjesemih/ros2_ws/install/les_pkg:/home/broodjesemih/ros2_ws/install/my_robot_interfaces:/home/broodjesemih/les_ws-main/install/robot_moveit_config:/home/broodjesemih/les_ws-main/install/robot_description:/home/broodjesemih/les_ws-main/install/robot_commander:/home/broodjesemih/les_ws-main/install/robot_bringup:/home/broodjesemih/les_ws-main/install/les_pkg:/home/broodjesemih/les_ws-main/install/my_interfaces:/opt/ros/jazzy/opt/gz_sim_vendor:/opt/ros/jazzy/opt/gz_sensors_vendor:/opt/ros/jazzy/opt/gz_physics_vendor:/opt/ros/jazzy/opt/sdformat_vendor:/opt/ros/jazzy/opt/gz_gui_vendor:/opt/ros/jazzy/opt/gz_transport_vendor:/opt/ros/jazzy/opt/gz_rendering_vendor:/opt/ros/jazzy/opt/gz_plugin_vendor:/opt/ros/jazzy/opt/gz_fuel_tools_vendor:/opt/ros/jazzy/opt/gz_msgs_vendor:/opt/ros/jazzy/opt/gz_common_vendor:/opt/ros/jazzy/opt/gz_math_vendor:/opt/ros/jazzy/opt/gz_utils_vendor:/opt/ros/jazzy/opt/gz_tools_vendor:/opt/ros/jazzy/opt/gz_ogre_next_vendor:/opt/ros/jazzy/opt/gz_dartsim_vendor:/opt/ros/jazzy/opt/gz_cmake_vendor DEBUGINFOD_URLS=https://debuginfod.ubuntu.com /usr/bin/ctest -C Release -D ExperimentalTest --no-compress-output -V --force-new-ctest-process
[0.022s] UpdateCTestConfiguration  from :/home/broodjesemih/ass_ros2_ws/build/g1_ass1_pkg/CTestConfiguration.ini
[0.023s] Parse Config file:/home/broodjesemih/ass_ros2_ws/build/g1_ass1_pkg/CTestConfiguration.ini
[0.023s]    Site: xubuntu
[0.023s]    Build name: (empty)
[0.023s]  Add coverage exclude regular expressions.
[0.023s] Create new tag: 20251006-1322 - Experimental
[0.023s] UpdateCTestConfiguration  from :/home/broodjesemih/ass_ros2_ws/build/g1_ass1_pkg/CTestConfiguration.ini
[0.023s] Parse Config file:/home/broodjesemih/ass_ros2_ws/build/g1_ass1_pkg/CTestConfiguration.ini
[0.023s] Test project /home/broodjesemih/ass_ros2_ws/build/g1_ass1_pkg
[0.023s] Constructing a list of tests
[0.023s] Done constructing a list of tests
[0.023s] Updating test list for fixtures
[0.023s] Added 0 tests to meet fixture requirements
[0.023s] Checking test dependency graph...
[0.023s] Checking test dependency graph end
[0.023s] test 1
[0.023s]     Start 1: test_cijfer_calculator
[0.023s] 
[0.023s] 1: Test command: /usr/bin/python3 "-u" "/opt/ros/jazzy/share/ament_cmake_test/cmake/run_test.py" "/home/broodjesemih/ass_ros2_ws/build/g1_ass1_pkg/test_results/g1_ass1_pkg/test_cijfer_calculator.gtest.xml" "--package-name" "g1_ass1_pkg" "--output-file" "/home/broodjesemih/ass_ros2_ws/build/g1_ass1_pkg/ament_cmake_gtest/test_cijfer_calculator.txt" "--command" "/home/broodjesemih/ass_ros2_ws/build/g1_ass1_pkg/test_cijfer_calculator" "--gtest_output=xml:/home/broodjesemih/ass_ros2_ws/build/g1_ass1_pkg/test_results/g1_ass1_pkg/test_cijfer_calculator.gtest.xml"
[0.023s] 1: Working Directory: /home/broodjesemih/ass_ros2_ws/build/g1_ass1_pkg
[0.023s] 1: Test timeout computed to be: 60
[0.062s] 1: -- run_test.py: invoking following command in '/home/broodjesemih/ass_ros2_ws/build/g1_ass1_pkg':
[0.062s] 1:  - /home/broodjesemih/ass_ros2_ws/build/g1_ass1_pkg/test_cijfer_calculator --gtest_output=xml:/home/broodjesemih/ass_ros2_ws/build/g1_ass1_pkg/test_results/g1_ass1_pkg/test_cijfer_calculator.gtest.xml
[0.063s] 1: [==========] Running 1 test from 1 test suite.
[0.064s] 1: [----------] Global test environment set-up.
[0.064s] 1: [----------] 1 test from TestSuite
[0.064s] 1: [ RUN      ] TestSuite.test_example
[0.064s] 1: [       OK ] TestSuite.test_example (0 ms)
[0.064s] 1: [----------] 1 test from TestSuite (0 ms total)
[0.064s] 1: 
[0.064s] 1: [----------] Global test environment tear-down
[0.064s] 1: [==========] 1 test from 1 test suite ran. (0 ms total)
[0.064s] 1: [  PASSED  ] 1 test.
[0.064s] 1: -- run_test.py: return code 0
[0.064s] 1: -- run_test.py: inject classname prefix into gtest result file '/home/broodjesemih/ass_ros2_ws/build/g1_ass1_pkg/test_results/g1_ass1_pkg/test_cijfer_calculator.gtest.xml'
[0.064s] 1: -- run_test.py: verify result file '/home/broodjesemih/ass_ros2_ws/build/g1_ass1_pkg/test_results/g1_ass1_pkg/test_cijfer_calculator.gtest.xml'
[0.072s] 1/4 Test #1: test_cijfer_calculator ...........   Passed    0.05 sec
[0.072s] test 2
[0.072s]     Start 2: test_cijfer_service
[0.072s] 
[0.072s] 2: Test command: /usr/bin/python3 "-u" "/opt/ros/jazzy/share/ament_cmake_test/cmake/run_test.py" "/home/broodjesemih/ass_ros2_ws/build/g1_ass1_pkg/test_results/g1_ass1_pkg/test_cijfer_service.gtest.xml" "--package-name" "g1_ass1_pkg" "--output-file" "/home/broodjesemih/ass_ros2_ws/build/g1_ass1_pkg/ament_cmake_gtest/test_cijfer_service.txt" "--command" "/home/broodjesemih/ass_ros2_ws/build/g1_ass1_pkg/test_cijfer_service" "--gtest_output=xml:/home/broodjesemih/ass_ros2_ws/build/g1_ass1_pkg/test_results/g1_ass1_pkg/test_cijfer_service.gtest.xml"
[0.072s] 2: Working Directory: /home/broodjesemih/ass_ros2_ws/build/g1_ass1_pkg
[0.072s] 2: Test timeout computed to be: 60
[0.110s] 2: -- run_test.py: invoking following command in '/home/broodjesemih/ass_ros2_ws/build/g1_ass1_pkg':
[0.110s] 2:  - /home/broodjesemih/ass_ros2_ws/build/g1_ass1_pkg/test_cijfer_service --gtest_output=xml:/home/broodjesemih/ass_ros2_ws/build/g1_ass1_pkg/test_results/g1_ass1_pkg/test_cijfer_service.gtest.xml
[0.118s] 2: [==========] Running 5 tests from 1 test suite.
[0.118s] 2: [----------] Global test environment set-up.
[0.118s] 2: [----------] 5 tests from TestCijferService
[0.122s] 2: [ RUN      ] TestCijferService.test_average_calculation
[5.130s] 2: /home/broodjesemih/ass_ros2_ws/src/g1_ass1_pkg/test/test_cijfer_service.cpp:23: Failure
[5.130s] 2: Value of: client->wait_for_service(5s)
[5.130s] 2:   Actual: false
[5.130s] 2: Expected: true
[5.131s] 2: 
[5.134s] 2: [  FAILED  ] TestCijferService.test_average_calculation (5012 ms)
[5.135s] 2: [ RUN      ] TestCijferService.test_wessel_bonus
[10.140s] 2: /home/broodjesemih/ass_ros2_ws/src/g1_ass1_pkg/test/test_cijfer_service.cpp:45: Failure
[10.140s] 2: Value of: client->wait_for_service(5s)
[10.140s] 2:   Actual: false
[10.140s] 2: Expected: true
[10.141s] 2: 
[10.144s] 2: [  FAILED  ] TestCijferService.test_wessel_bonus (5009 ms)
[10.145s] 2: [ RUN      ] TestCijferService.test_max_clamp
[15.149s] 2: /home/broodjesemih/ass_ros2_ws/src/g1_ass1_pkg/test/test_cijfer_service.cpp:66: Failure
[15.149s] 2: Value of: client->wait_for_service(5s)
[15.149s] 2:   Actual: false
[15.149s] 2: Expected: true
[15.149s] 2: 
[15.151s] 2: [  FAILED  ] TestCijferService.test_max_clamp (5006 ms)
[15.151s] 2: [ RUN      ] TestCijferService.test_min_clamp
[20.154s] 2: /home/broodjesemih/ass_ros2_ws/src/g1_ass1_pkg/test/test_cijfer_service.cpp:87: Failure
[20.154s] 2: Value of: client->wait_for_service(5s)
[20.154s] 2:   Actual: false
[20.154s] 2: Expected: true
[20.154s] 2: 
[20.157s] 2: [  FAILED  ] TestCijferService.test_min_clamp (5005 ms)
[20.157s] 2: [ RUN      ] TestCijferService.test_empty_cijfers
[25.162s] 2: /home/broodjesemih/ass_ros2_ws/src/g1_ass1_pkg/test/test_cijfer_service.cpp:108: Failure
[25.162s] 2: Value of: client->wait_for_service(5s)
[25.163s] 2:   Actual: false
[25.163s] 2: Expected: true
[25.163s] 2: 
[25.166s] 2: [  FAILED  ] TestCijferService.test_empty_cijfers (5008 ms)
[25.166s] 2: [----------] 5 tests from TestCijferService (25043 ms total)
[25.166s] 2: 
[25.166s] 2: [----------] Global test environment tear-down
[25.166s] 2: [==========] 5 tests from 1 test suite ran. (25047 ms total)
[25.167s] 2: [  PASSED  ] 0 tests.
[25.167s] 2: [  FAILED  ] 5 tests, listed below:
[25.167s] 2: [  FAILED  ] TestCijferService.test_average_calculation
[25.167s] 2: [  FAILED  ] TestCijferService.test_wessel_bonus
[25.167s] 2: [  FAILED  ] TestCijferService.test_max_clamp
[25.167s] 2: [  FAILED  ] TestCijferService.test_min_clamp
[25.168s] 2: [  FAILED  ] TestCijferService.test_empty_cijfers
[25.168s] 2: 
[25.168s] 2:  5 FAILED TESTS
[25.269s] 2: -- run_test.py: return code 1
[25.269s] 2: -- run_test.py: inject classname prefix into gtest result file '/home/broodjesemih/ass_ros2_ws/build/g1_ass1_pkg/test_results/g1_ass1_pkg/test_cijfer_service.gtest.xml'
[25.270s] 2: -- run_test.py: verify result file '/home/broodjesemih/ass_ros2_ws/build/g1_ass1_pkg/test_results/g1_ass1_pkg/test_cijfer_service.gtest.xml'
[25.279s] 2/4 Test #2: test_cijfer_service ..............***Failed   25.21 sec
[25.279s] test 3
[25.279s]     Start 3: test_tentamen_publisher
[25.279s] 
[25.279s] 3: Test command: /usr/bin/python3 "-u" "/opt/ros/jazzy/share/ament_cmake_test/cmake/run_test.py" "/home/broodjesemih/ass_ros2_ws/build/g1_ass1_pkg/test_results/g1_ass1_pkg/test_tentamen_publisher.gtest.xml" "--package-name" "g1_ass1_pkg" "--output-file" "/home/broodjesemih/ass_ros2_ws/build/g1_ass1_pkg/ament_cmake_gtest/test_tentamen_publisher.txt" "--command" "/home/broodjesemih/ass_ros2_ws/build/g1_ass1_pkg/test_tentamen_publisher" "--gtest_output=xml:/home/broodjesemih/ass_ros2_ws/build/g1_ass1_pkg/test_results/g1_ass1_pkg/test_tentamen_publisher.gtest.xml"
[25.279s] 3: Working Directory: /home/broodjesemih/ass_ros2_ws/build/g1_ass1_pkg
[25.279s] 3: Test timeout computed to be: 60
[25.318s] 3: -- run_test.py: invoking following command in '/home/broodjesemih/ass_ros2_ws/build/g1_ass1_pkg':
[25.318s] 3:  - /home/broodjesemih/ass_ros2_ws/build/g1_ass1_pkg/test_tentamen_publisher --gtest_output=xml:/home/broodjesemih/ass_ros2_ws/build/g1_ass1_pkg/test_results/g1_ass1_pkg/test_tentamen_publisher.gtest.xml
[25.324s] 3: [==========] Running 2 tests from 1 test suite.
[25.324s] 3: [----------] Global test environment set-up.
[25.324s] 3: [----------] 2 tests from TestTentamenPublisher
[25.328s] 3: [ RUN      ] TestTentamenPublisher.test_tentamen_published
[35.370s] 3: /home/broodjesemih/ass_ros2_ws/src/g1_ass1_pkg/test/test_tentamen_publisher.cpp:39: Failure
[35.370s] 3: Value of: received
[35.370s] 3:   Actual: false
[35.370s] 3: Expected: true
[35.371s] 3: No tentamen message received within timeout
[35.371s] 3: 
[35.374s] 3: [  FAILED  ] TestTentamenPublisher.test_tentamen_published (10045 ms)
[35.374s] 3: [ RUN      ] TestTentamenPublisher.test_multiple_messages
[40.394s] 3: /home/broodjesemih/ass_ros2_ws/src/g1_ass1_pkg/test/test_tentamen_publisher.cpp:64: Failure
[40.394s] 3: Expected: (count) >= (1), actual: 0 vs 1
[40.394s] 3: Should receive at least 1 message in 5 seconds
[40.394s] 3: 
[40.396s] 3: [  FAILED  ] TestTentamenPublisher.test_multiple_messages (5022 ms)
[40.396s] 3: [----------] 2 tests from TestTentamenPublisher (15067 ms total)
[40.396s] 3: 
[40.396s] 3: [----------] Global test environment tear-down
[40.396s] 3: [==========] 2 tests from 1 test suite ran. (15071 ms total)
[40.396s] 3: [  PASSED  ] 0 tests.
[40.396s] 3: [  FAILED  ] 2 tests, listed below:
[40.396s] 3: [  FAILED  ] TestTentamenPublisher.test_tentamen_published
[40.396s] 3: [  FAILED  ] TestTentamenPublisher.test_multiple_messages
[40.396s] 3: 
[40.396s] 3:  2 FAILED TESTS
[40.500s] 3: -- run_test.py: return code 1
[40.500s] 3: -- run_test.py: inject classname prefix into gtest result file '/home/broodjesemih/ass_ros2_ws/build/g1_ass1_pkg/test_results/g1_ass1_pkg/test_tentamen_publisher.gtest.xml'
[40.500s] 3: -- run_test.py: verify result file '/home/broodjesemih/ass_ros2_ws/build/g1_ass1_pkg/test_results/g1_ass1_pkg/test_tentamen_publisher.gtest.xml'
[40.508s] 3/4 Test #3: test_tentamen_publisher ..........***Failed   15.23 sec
[40.508s] test 4
[40.508s]     Start 4: test_final_cijfer_determinator
[40.508s] 
[40.508s] 4: Test command: /usr/bin/python3 "-u" "/opt/ros/jazzy/share/ament_cmake_test/cmake/run_test.py" "/home/broodjesemih/ass_ros2_ws/build/g1_ass1_pkg/test_results/g1_ass1_pkg/test_final_cijfer_determinator.gtest.xml" "--package-name" "g1_ass1_pkg" "--output-file" "/home/broodjesemih/ass_ros2_ws/build/g1_ass1_pkg/ament_cmake_gtest/test_final_cijfer_determinator.txt" "--command" "/home/broodjesemih/ass_ros2_ws/build/g1_ass1_pkg/test_final_cijfer_determinator" "--gtest_output=xml:/home/broodjesemih/ass_ros2_ws/build/g1_ass1_pkg/test_results/g1_ass1_pkg/test_final_cijfer_determinator.gtest.xml"
[40.508s] 4: Working Directory: /home/broodjesemih/ass_ros2_ws/build/g1_ass1_pkg
[40.508s] 4: Test timeout computed to be: 60
[40.544s] 4: -- run_test.py: invoking following command in '/home/broodjesemih/ass_ros2_ws/build/g1_ass1_pkg':
[40.544s] 4:  - /home/broodjesemih/ass_ros2_ws/build/g1_ass1_pkg/test_final_cijfer_determinator --gtest_output=xml:/home/broodjesemih/ass_ros2_ws/build/g1_ass1_pkg/test_results/g1_ass1_pkg/test_final_cijfer_determinator.gtest.xml
[40.551s] 4: [==========] Running 3 tests from 1 test suite.
[40.551s] 4: [----------] Global test environment set-up.
[40.551s] 4: [----------] 3 tests from TestFinalCijferDeterminator
[40.555s] 4: [ RUN      ] TestFinalCijferDeterminator.test_subscription_active
[41.063s] 4: /home/broodjesemih/ass_ros2_ws/src/g1_ass1_pkg/test/test_final_cijfer_determinator.cpp:27: Failure
[41.063s] 4: Expected: (publisher->get_subscription_count()) >= (1), actual: 0 vs 1
[41.063s] 4: final_cijfer_determinator should be subscribed
[41.063s] 4: 
[41.065s] 4: [  FAILED  ] TestFinalCijferDeterminator.test_subscription_active (510 ms)
[41.065s] 4: [ RUN      ] TestFinalCijferDeterminator.test_tentamen_reception
[43.670s] 4: /home/broodjesemih/ass_ros2_ws/src/g1_ass1_pkg/test/test_final_cijfer_determinator.cpp:66: Failure
[43.670s] 4: Value of: found
[43.671s] 4:   Actual: false
[43.671s] 4: Expected: true
[43.671s] 4: Database should contain entry for TestStudent/TestCourse
[43.671s] 4: 
[43.672s] 4: [  FAILED  ] TestFinalCijferDeterminator.test_tentamen_reception (2607 ms)
[43.672s] 4: [ RUN      ] TestFinalCijferDeterminator.test_three_tentamen_threshold
[45.379s] 4: [       OK ] TestFinalCijferDeterminator.test_three_tentamen_threshold (1706 ms)
[45.379s] 4: [----------] 3 tests from TestFinalCijferDeterminator (4823 ms total)
[45.379s] 4: 
[45.379s] 4: [----------] Global test environment tear-down
[45.379s] 4: [==========] 3 tests from 1 test suite ran. (4828 ms total)
[45.380s] 4: [  PASSED  ] 1 test.
[45.380s] 4: [  FAILED  ] 2 tests, listed below:
[45.380s] 4: [  FAILED  ] TestFinalCijferDeterminator.test_subscription_active
[45.380s] 4: [  FAILED  ] TestFinalCijferDeterminator.test_tentamen_reception
[45.380s] 4: 
[45.380s] 4:  2 FAILED TESTS
[45.482s] 4: -- run_test.py: return code 1
[45.482s] 4: -- run_test.py: inject classname prefix into gtest result file '/home/broodjesemih/ass_ros2_ws/build/g1_ass1_pkg/test_results/g1_ass1_pkg/test_final_cijfer_determinator.gtest.xml'
[45.482s] 4: -- run_test.py: verify result file '/home/broodjesemih/ass_ros2_ws/build/g1_ass1_pkg/test_results/g1_ass1_pkg/test_final_cijfer_determinator.gtest.xml'
[45.491s] 4/4 Test #4: test_final_cijfer_determinator ...***Failed    4.98 sec
[45.491s] 
[45.491s] 25% tests passed[0;0m, [0;31m3 tests failed[0;0m out of 4
[45.491s] 
[45.491s] Label Time Summary:
[45.491s] gtest    =  45.47 sec*proc (4 tests)
[45.491s] 
[45.491s] Total Test time (real) =  45.47 sec
[45.491s] 
[45.491s] The following tests FAILED:
[45.491s] 	[0;31m  2 - test_cijfer_service (Failed)[0;0m
[45.491s] 	[0;31m  3 - test_tentamen_publisher (Failed)[0;0m
[45.491s] 	[0;31m  4 - test_final_cijfer_determinator (Failed)[0;0m
[45.494s] Errors while running CTest
[45.494s] Output from these tests are in: /home/broodjesemih/ass_ros2_ws/build/g1_ass1_pkg/Testing/Temporary/LastTest.log
[45.494s] Use "--rerun-failed --output-on-failure" to re-run the failed cases verbosely.
[45.495s] Invoked command in '/home/broodjesemih/ass_ros2_ws/build/g1_ass1_pkg' returned '8': CMAKE_PREFIX_PATH=/home/broodjesemih/ass_ros2_ws/install/g1_ass1_pkg:/home/broodjesemih/ass_ros2_ws/install/g1_interface_pkg:/home/broodjesemih/minor_ws/install/robot_moveit_config:/home/broodjesemih/minor_ws/install/robot_description:/home/broodjesemih/minor_ws/install/robot_commander:/home/broodjesemih/minor_ws/install/robot_bringup:/home/broodjesemih/homework_ws/install/hw_pkg:/home/broodjesemih/homework_ws/install/broodje_interfaces:/home/broodjesemih/ros2_ws/install/templates_interfaces:/home/broodjesemih/ros2_ws/install/les_pkg:/home/broodjesemih/ros2_ws/install/my_robot_interfaces:/home/broodjesemih/les_ws-main/install/robot_moveit_config:/home/broodjesemih/les_ws-main/install/robot_description:/home/broodjesemih/les_ws-main/install/robot_commander:/home/broodjesemih/les_ws-main/install/robot_bringup:/home/broodjesemih/les_ws-main/install/les_pkg:/home/broodjesemih/les_ws-main/install/my_interfaces:/opt/ros/jazzy/opt/gz_sim_vendor:/opt/ros/jazzy/opt/gz_sensors_vendor:/opt/ros/jazzy/opt/gz_physics_vendor:/opt/ros/jazzy/opt/sdformat_vendor:/opt/ros/jazzy/opt/gz_gui_vendor:/opt/ros/jazzy/opt/gz_transport_vendor:/opt/ros/jazzy/opt/gz_rendering_vendor:/opt/ros/jazzy/opt/gz_plugin_vendor:/opt/ros/jazzy/opt/gz_fuel_tools_vendor:/opt/ros/jazzy/opt/gz_msgs_vendor:/opt/ros/jazzy/opt/gz_common_vendor:/opt/ros/jazzy/opt/gz_math_vendor:/opt/ros/jazzy/opt/gz_utils_vendor:/opt/ros/jazzy/opt/gz_tools_vendor:/opt/ros/jazzy/opt/gz_ogre_next_vendor:/opt/ros/jazzy/opt/gz_dartsim_vendor:/opt/ros/jazzy/opt/gz_cmake_vendor DEBUGINFOD_URLS=https://debuginfod.ubuntu.com /usr/bin/ctest -C Release -D ExperimentalTest --no-compress-output -V --force-new-ctest-process
