[01m[K/home/broodjesemih/ass_ros2_ws/src/g1_ass1_pkg/src/herkansing_scheduler.cpp:6:10:[m[K [01;31m[Kfatal error: [m[Krclcpp_action/rclcpp_action.hpp: No such file or directory
    6 | #include [01;31m[K"rclcpp_action/rclcpp_action.hpp"[m[K
      |          [01;31m[K^~~~~~~~~~~~~~~~~~~~~~~~~~~~~~~~~[m[K
compilation terminated.
[01m[K/home/broodjesemih/ass_ros2_ws/src/g1_ass1_pkg/src/herkansing_cijfer_determinator.cpp:9:10:[m[K [01;31m[Kfatal error: [m[Krclcpp_action/rclcpp_action.hpp: No such file or directory
    9 | #include [01;31m[K"rclcpp_action/rclcpp_action.hpp"[m[K
      |          [01;31m[K^~~~~~~~~~~~~~~~~~~~~~~~~~~~~~~~~[m[K
compilation terminated.
gmake[2]: *** [CMakeFiles/herkansing_scheduler.dir/build.make:76: CMakeFiles/herkansing_scheduler.dir/src/herkansing_scheduler.cpp.o] Error 1
gmake[1]: *** [CMakeFiles/Makefile2:249: CMakeFiles/herkansing_scheduler.dir/all] Error 2
gmake[1]: *** Waiting for unfinished jobs....
gmake[2]: *** [CMakeFiles/herkansing_cijfer_determinator.dir/build.make:76: CMakeFiles/herkansing_cijfer_determinator.dir/src/herkansing_cijfer_determinator.cpp.o] Error 1
gmake[1]: *** [CMakeFiles/Makefile2:223: CMakeFiles/herkansing_cijfer_determinator.dir/all] Error 2
gmake: *** [Makefile:146: all] Error 2
