[01m[K/home/broodjesemih/ass_ros2_ws/src/g1_ass1_pkg/src/final_cijfer_determinator.cpp:[m[K In member function â€˜[01m[Kvoid FinalCijferDeterminator::[01;32m[Ktentamen_callback[m[K(g1_interface_pkg::msg::Tentamen_<std::allocator<void> >::SharedPtr)[m[Kâ€™:
[01m[K/home/broodjesemih/ass_ros2_ws/src/g1_ass1_pkg/src/final_cijfer_determinator.cpp:66:20:[m[K [01;31m[Kerror: [m[Kâ€˜[01m[Kstruct rclcpp::Client<g1_interface_pkg::srv::Tentamens>::FutureAndRequestId[m[Kâ€™ has no member named â€˜[01m[Kthen[m[Kâ€™
   66 |             future.[01;31m[Kthen[m[K([this, key](auto result_future) {
      |                    [01;31m[K^~~~[m[K
gmake[2]: *** [CMakeFiles/final_cijfer_determinator.dir/build.make:76: CMakeFiles/final_cijfer_determinator.dir/src/final_cijfer_determinator.cpp.o] Error 1
gmake[1]: *** [CMakeFiles/Makefile2:171: CMakeFiles/final_cijfer_determinator.dir/all] Error 2
gmake: *** [Makefile:146: all] Error 2
