[0.000000] (-) TimerEvent: {}
[0.000145] (g1_ass1_pkg) JobQueued: {'identifier': 'g1_ass1_pkg', 'dependencies': OrderedDict({'g1_interface_pkg': '/home/broodjesemih/ass_ros2_ws/install/g1_interface_pkg', 'g1_ass1_pkg': '/home/broodjesemih/ass_ros2_ws/install/g1_ass1_pkg'})}
[0.000424] (g1_ass1_pkg) JobStarted: {'identifier': 'g1_ass1_pkg'}
[0.019568] (g1_ass1_pkg) Command: {'cmd': ['/usr/bin/ctest', '-C', 'Release', '-D', 'ExperimentalTest', '--no-compress-output', '-V', '--force-new-ctest-process'], 'cwd': '/home/broodjesemih/ass_ros2_ws/build/g1_ass1_pkg', 'env': OrderedDict({'LANGUAGE': 'en_US', 'USER': 'broodjesemih', 'GZ_SIM_RESOURCE_PATH': '/opt/ros/jazzy/share', 'XDG_SEAT': 'seat0', 'GZ_CONFIG_PATH': '/opt/ros/jazzy/opt/gz_sim_vendor/share/gz:/opt/ros/jazzy/opt/sdformat_vendor/share/gz:/opt/ros/jazzy/opt/gz_gui_vendor/share/gz:/opt/ros/jazzy/opt/gz_transport_vendor/share/gz:/opt/ros/jazzy/opt/gz_rendering_vendor/share/gz:/opt/ros/jazzy/opt/gz_plugin_vendor/share/gz:/opt/ros/jazzy/opt/gz_fuel_tools_vendor/share/gz:/opt/ros/jazzy/opt/gz_msgs_vendor/share/gz:/opt/ros/jazzy/opt/gz_common_vendor/share/gz', 'XDG_SESSION_TYPE': 'x11', 'GIT_ASKPASS': '/usr/share/code/resources/app/extensions/git/dist/askpass.sh', 'SHLVL': '2', 'LD_LIBRARY_PATH': '/home/broodjesemih/ass_ros2_ws/install/g1_interface_pkg/lib:/home/broodjesemih/homework_ws/install/broodje_interfaces/lib:/home/broodjesemih/ros2_ws/install/my_robot_interfaces/lib:/home/broodjesemih/les_ws-main/install/my_interfaces/lib:/opt/ros/jazzy/opt/gz_sim_vendor/lib:/opt/ros/jazzy/opt/gz_sensors_vendor/lib:/opt/ros/jazzy/opt/gz_physics_vendor/lib:/opt/ros/jazzy/opt/sdformat_vendor/lib:/opt/ros/jazzy/opt/rviz_ogre_vendor/lib:/opt/ros/jazzy/lib/x86_64-linux-gnu:/opt/ros/jazzy/opt/gz_gui_vendor/lib:/opt/ros/jazzy/opt/gz_transport_vendor/lib:/opt/ros/jazzy/opt/gz_rendering_vendor/lib:/opt/ros/jazzy/opt/gz_plugin_vendor/lib:/opt/ros/jazzy/opt/gz_fuel_tools_vendor/lib:/opt/ros/jazzy/opt/gz_msgs_vendor/lib:/opt/ros/jazzy/opt/gz_common_vendor/lib:/opt/ros/jazzy/opt/gz_math_vendor/lib:/opt/ros/jazzy/opt/gz_utils_vendor/lib:/opt/ros/jazzy/opt/gz_tools_vendor/lib:/opt/ros/jazzy/opt/gz_ogre_next_vendor/lib:/opt/ros/jazzy/opt/gz_dartsim_vendor/lib:/opt/ros/jazzy/opt/gz_cmake_vendor/lib:/opt/ros/jazzy/lib', 'HOME': '/home/broodjesemih', 'OLDPWD': '/home/broodjesemih/ass_ros2_ws/src/g1_ass1_pkg', 'LESS': '-R', 'CHROME_DESKTOP': 'code.desktop', 'DESKTOP_SESSION': 'xubuntu', 'TERM_PROGRAM_VERSION': '1.104.2', 'ZSH': '/home/broodjesemih/.oh-my-zsh', 'LSCOLORS': 'Gxfxcxdxbxegedabagacad', 'XDG_SEAT_PATH': '/org/freedesktop/DisplayManager/Seat0', 'PAGER': 'less', 'ROS_PYTHON_VERSION': '3', 'VSCODE_GIT_ASKPASS_MAIN': '/usr/share/code/resources/app/extensions/git/dist/askpass-main.js', 'VSCODE_GIT_ASKPASS_NODE': '/usr/share/code/code', 'DBUS_SESSION_BUS_ADDRESS': 'unix:path=/run/user/1000/bus', 'VSCODE_PYTHON_AUTOACTIVATE_GUARD': '1', 'COLORTERM': 'truecolor', 'DEBUGINFOD_URLS': 'https://debuginfod.ubuntu.com', 'GNOME_KEYRING_CONTROL': '/run/user/1000/keyring', 'QT_QPA_PLATFORMTHEME': 'gtk2', 'ROS_DISTRO': 'jazzy', 'COLCON_PREFIX_PATH': '/home/broodjesemih/ass_ros2_ws/install:/home/broodjesemih/homework_ws/install:/home/broodjesemih/ros2_ws/install:/home/broodjesemih/minor_ws/install:/home/broodjesemih/les_ws-main/install', 'LOGNAME': 'broodjesemih', 'WINDOWID': '56623111', '_': '/usr/bin/timeout', 'XDG_SESSION_CLASS': 'user', 'ROS_VERSION': '2', 'USER_ZDOTDIR': '/home/broodjesemih', 'GTK_OVERLAY_SCROLLING': '0', 'XDG_SESSION_ID': 'c2', 'CLUTTER_BACKEND': 'x11', 'TERM': 'xterm-256color', 'PATH': '/opt/ros/jazzy/opt/gz_msgs_vendor/bin:/opt/ros/jazzy/opt/gz_tools_vendor/bin:/opt/ros/jazzy/opt/gz_ogre_next_vendor/bin:/opt/ros/jazzy/bin:/home/broodjesemih/.local/bin:/usr/local/sbin:/usr/local/bin:/usr/sbin:/usr/bin:/sbin:/bin:/usr/games:/usr/local/games:/snap/bin:/home/broodjesemih/.config/Code/User/globalStorage/github.copilot-chat/debugCommand', 'SESSION_MANAGER': 'local/xubuntu:@/tmp/.ICE-unix/1656,unix/xubuntu:/tmp/.ICE-unix/1656', 'GDM_LANG': 'en_US', 'XDG_MENU_PREFIX': 'xfce-', 'XDG_SESSION_PATH': '/org/freedesktop/DisplayManager/Session0', 'XDG_RUNTIME_DIR': '/run/user/1000', 'GDK_BACKEND': 'x11', 'DISPLAY': ':0.0', 'XDG_CURRENT_DESKTOP': 'XFCE', 'VSCODE_INJECTION': '1', 'LANG': 'en_US.UTF-8', 'XDG_SESSION_DESKTOP': 'xubuntu', 'XAUTHORITY': '/home/broodjesemih/.Xauthority', 'LS_COLORS': 'rs=0:di=01;34:ln=01;36:mh=00:pi=40;33:so=01;35:do=01;35:bd=40;33;01:cd=40;33;01:or=40;31;01:mi=00:su=37;41:sg=30;43:ca=00:tw=30;42:ow=34;42:st=37;44:ex=01;32:*.tar=01;31:*.tgz=01;31:*.arc=01;31:*.arj=01;31:*.taz=01;31:*.lha=01;31:*.lz4=01;31:*.lzh=01;31:*.lzma=01;31:*.tlz=01;31:*.txz=01;31:*.tzo=01;31:*.t7z=01;31:*.zip=01;31:*.z=01;31:*.dz=01;31:*.gz=01;31:*.lrz=01;31:*.lz=01;31:*.lzo=01;31:*.xz=01;31:*.zst=01;31:*.tzst=01;31:*.bz2=01;31:*.bz=01;31:*.tbz=01;31:*.tbz2=01;31:*.tz=01;31:*.deb=01;31:*.rpm=01;31:*.jar=01;31:*.war=01;31:*.ear=01;31:*.sar=01;31:*.rar=01;31:*.alz=01;31:*.ace=01;31:*.zoo=01;31:*.cpio=01;31:*.7z=01;31:*.rz=01;31:*.cab=01;31:*.wim=01;31:*.swm=01;31:*.dwm=01;31:*.esd=01;31:*.avif=01;35:*.jpg=01;35:*.jpeg=01;35:*.mjpg=01;35:*.mjpeg=01;35:*.gif=01;35:*.bmp=01;35:*.pbm=01;35:*.pgm=01;35:*.ppm=01;35:*.tga=01;35:*.xbm=01;35:*.xpm=01;35:*.tif=01;35:*.tiff=01;35:*.png=01;35:*.svg=01;35:*.svgz=01;35:*.mng=01;35:*.pcx=01;35:*.mov=01;35:*.mpg=01;35:*.mpeg=01;35:*.m2v=01;35:*.mkv=01;35:*.webm=01;35:*.webp=01;35:*.ogm=01;35:*.mp4=01;35:*.m4v=01;35:*.mp4v=01;35:*.vob=01;35:*.qt=01;35:*.nuv=01;35:*.wmv=01;35:*.asf=01;35:*.rm=01;35:*.rmvb=01;35:*.flc=01;35:*.avi=01;35:*.fli=01;35:*.flv=01;35:*.gl=01;35:*.dl=01;35:*.xcf=01;35:*.xwd=01;35:*.yuv=01;35:*.cgm=01;35:*.emf=01;35:*.ogv=01;35:*.ogx=01;35:*.aac=00;36:*.au=00;36:*.flac=00;36:*.m4a=00;36:*.mid=00;36:*.midi=00;36:*.mka=00;36:*.mp3=00;36:*.mpc=00;36:*.ogg=00;36:*.ra=00;36:*.wav=00;36:*.oga=00;36:*.opus=00;36:*.spx=00;36:*.xspf=00;36:*~=00;90:*#=00;90:*.bak=00;90:*.crdownload=00;90:*.dpkg-dist=00;90:*.dpkg-new=00;90:*.dpkg-old=00;90:*.dpkg-tmp=00;90:*.old=00;90:*.orig=00;90:*.part=00;90:*.rej=00;90:*.rpmnew=00;90:*.rpmorig=00;90:*.rpmsave=00;90:*.swp=00;90:*.tmp=00;90:*.ucf-dist=00;90:*.ucf-new=00;90:*.ucf-old=00;90:', 'TERM_PROGRAM': 'vscode', 'VSCODE_GIT_IPC_HANDLE': '/run/user/1000/vscode-git-70c8134e19.sock', 'SSH_AUTH_SOCK': '/run/user/1000/keyring/ssh', 'XDG_GREETER_DATA_DIR': '/var/lib/lightdm-data/broodjesemih', 'AMENT_PREFIX_PATH': '/home/broodjesemih/minor_ws/install/robot_moveit_config:/home/broodjesemih/minor_ws/install/robot_description:/home/broodjesemih/minor_ws/install/robot_commander:/home/broodjesemih/minor_ws/install/robot_bringup:/home/broodjesemih/ass_ros2_ws/install/g1_ass1_pkg:/home/broodjesemih/ass_ros2_ws/install/g1_interface_pkg:/home/broodjesemih/homework_ws/install/hw_pkg:/home/broodjesemih/homework_ws/install/broodje_interfaces:/home/broodjesemih/ros2_ws/install/templates_interfaces:/home/broodjesemih/ros2_ws/install/les_pkg:/home/broodjesemih/ros2_ws/install/my_robot_interfaces:/home/broodjesemih/les_ws-main/install/robot_moveit_config:/home/broodjesemih/les_ws-main/install/robot_description:/home/broodjesemih/les_ws-main/install/robot_commander:/home/broodjesemih/les_ws-main/install/robot_bringup:/home/broodjesemih/les_ws-main/install/les_pkg:/home/broodjesemih/les_ws-main/install/my_interfaces:/opt/ros/jazzy', 'ORIGINAL_XDG_CURRENT_DESKTOP': 'XFCE', 'SHELL': '/usr/bin/zsh', 'QT_ACCESSIBILITY': '1', 'GDMSESSION': 'xubuntu', 'GPG_AGENT_INFO': '/run/user/1000/gnupg/S.gpg-agent:0:1', 'XDG_VTNR': '7', 'ROS_AUTOMATIC_DISCOVERY_RANGE': 'SUBNET', 'GIT_PAGER': 'cat', 'VSCODE_GIT_ASKPASS_EXTRA_ARGS': '', 'PWD': '/home/broodjesemih/ass_ros2_ws/build/g1_ass1_pkg', 'LC_ALL': 'en_US.UTF-8', 'XDG_DATA_DIRS': '/usr/share/xubuntu:/usr/share/xfce4:/usr/local/share/:/usr/share/:/usr/share', 'XDG_CONFIG_DIRS': '/etc/xdg/xdg-xubuntu:/etc/xdg', 'ZDOTDIR': '/home/broodjesemih', 'PYTHONPATH': '/home/broodjesemih/ass_ros2_ws/install/g1_interface_pkg/lib/python3.12/site-packages:/home/broodjesemih/homework_ws/install/broodje_interfaces/lib/python3.12/site-packages:/home/broodjesemih/ros2_ws/install/my_robot_interfaces/lib/python3.12/site-packages:/home/broodjesemih/les_ws-main/install/my_interfaces/lib/python3.12/site-packages:/opt/ros/jazzy/lib/python3.12/site-packages', 'COLCON': '1', 'VTE_VERSION': '7600', 'CMAKE_PREFIX_PATH': '/home/broodjesemih/ass_ros2_ws/install/g1_ass1_pkg:/home/broodjesemih/ass_ros2_ws/install/g1_interface_pkg:/home/broodjesemih/minor_ws/install/robot_moveit_config:/home/broodjesemih/minor_ws/install/robot_description:/home/broodjesemih/minor_ws/install/robot_commander:/home/broodjesemih/minor_ws/install/robot_bringup:/home/broodjesemih/homework_ws/install/hw_pkg:/home/broodjesemih/homework_ws/install/broodje_interfaces:/home/broodjesemih/ros2_ws/install/templates_interfaces:/home/broodjesemih/ros2_ws/install/les_pkg:/home/broodjesemih/ros2_ws/install/my_robot_interfaces:/home/broodjesemih/les_ws-main/install/robot_moveit_config:/home/broodjesemih/les_ws-main/install/robot_description:/home/broodjesemih/les_ws-main/install/robot_commander:/home/broodjesemih/les_ws-main/install/robot_bringup:/home/broodjesemih/les_ws-main/install/les_pkg:/home/broodjesemih/les_ws-main/install/my_interfaces:/opt/ros/jazzy/opt/gz_sim_vendor:/opt/ros/jazzy/opt/gz_sensors_vendor:/opt/ros/jazzy/opt/gz_physics_vendor:/opt/ros/jazzy/opt/sdformat_vendor:/opt/ros/jazzy/opt/gz_gui_vendor:/opt/ros/jazzy/opt/gz_transport_vendor:/opt/ros/jazzy/opt/gz_rendering_vendor:/opt/ros/jazzy/opt/gz_plugin_vendor:/opt/ros/jazzy/opt/gz_fuel_tools_vendor:/opt/ros/jazzy/opt/gz_msgs_vendor:/opt/ros/jazzy/opt/gz_common_vendor:/opt/ros/jazzy/opt/gz_math_vendor:/opt/ros/jazzy/opt/gz_utils_vendor:/opt/ros/jazzy/opt/gz_tools_vendor:/opt/ros/jazzy/opt/gz_ogre_next_vendor:/opt/ros/jazzy/opt/gz_dartsim_vendor:/opt/ros/jazzy/opt/gz_cmake_vendor'}), 'shell': False}
[0.027159] (g1_ass1_pkg) StdoutLine: {'line': b'UpdateCTestConfiguration  from :/home/broodjesemih/ass_ros2_ws/build/g1_ass1_pkg/CTestConfiguration.ini\n'}
[0.027282] (g1_ass1_pkg) StdoutLine: {'line': b'Parse Config file:/home/broodjesemih/ass_ros2_ws/build/g1_ass1_pkg/CTestConfiguration.ini\n'}
[0.027326] (g1_ass1_pkg) StdoutLine: {'line': b'   Site: xubuntu\n'}
[0.027363] (g1_ass1_pkg) StdoutLine: {'line': b'   Build name: (empty)\n'}
[0.027400] (g1_ass1_pkg) StdoutLine: {'line': b' Add coverage exclude regular expressions.\n'}
[0.027471] (g1_ass1_pkg) StdoutLine: {'line': b'Create new tag: 20251006-1329 - Experimental\n'}
[0.027509] (g1_ass1_pkg) StdoutLine: {'line': b'UpdateCTestConfiguration  from :/home/broodjesemih/ass_ros2_ws/build/g1_ass1_pkg/CTestConfiguration.ini\n'}
[0.027545] (g1_ass1_pkg) StdoutLine: {'line': b'Parse Config file:/home/broodjesemih/ass_ros2_ws/build/g1_ass1_pkg/CTestConfiguration.ini\n'}
[0.027580] (g1_ass1_pkg) StdoutLine: {'line': b'Test project /home/broodjesemih/ass_ros2_ws/build/g1_ass1_pkg\n'}
[0.027611] (g1_ass1_pkg) StdoutLine: {'line': b'Constructing a list of tests\n'}
[0.027720] (g1_ass1_pkg) StdoutLine: {'line': b'Done constructing a list of tests\n'}
[0.027775] (g1_ass1_pkg) StdoutLine: {'line': b'Updating test list for fixtures\n'}
[0.027811] (g1_ass1_pkg) StdoutLine: {'line': b'Added 0 tests to meet fixture requirements\n'}
[0.027864] (g1_ass1_pkg) StdoutLine: {'line': b'Checking test dependency graph...\n'}
[0.027898] (g1_ass1_pkg) StdoutLine: {'line': b'Checking test dependency graph end\n'}
[0.027961] (g1_ass1_pkg) StdoutLine: {'line': b'test 1\n'}
[0.027997] (g1_ass1_pkg) StdoutLine: {'line': b'      Start  1: test_cijfer_calculator\n'}
[0.028028] (g1_ass1_pkg) StdoutLine: {'line': b'\n'}
[0.028062] (g1_ass1_pkg) StdoutLine: {'line': b'1: Test command: /usr/bin/python3 "-u" "/opt/ros/jazzy/share/ament_cmake_test/cmake/run_test.py" "/home/broodjesemih/ass_ros2_ws/build/g1_ass1_pkg/test_results/g1_ass1_pkg/test_cijfer_calculator.gtest.xml" "--package-name" "g1_ass1_pkg" "--output-file" "/home/broodjesemih/ass_ros2_ws/build/g1_ass1_pkg/ament_cmake_gtest/test_cijfer_calculator.txt" "--command" "/home/broodjesemih/ass_ros2_ws/build/g1_ass1_pkg/test_cijfer_calculator" "--gtest_output=xml:/home/broodjesemih/ass_ros2_ws/build/g1_ass1_pkg/test_results/g1_ass1_pkg/test_cijfer_calculator.gtest.xml"\n'}
[0.028101] (g1_ass1_pkg) StdoutLine: {'line': b'1: Working Directory: /home/broodjesemih/ass_ros2_ws/build/g1_ass1_pkg\n'}
[0.028136] (g1_ass1_pkg) StdoutLine: {'line': b'1: Test timeout computed to be: 60\n'}
[0.065688] (g1_ass1_pkg) StdoutLine: {'line': b"1: -- run_test.py: invoking following command in '/home/broodjesemih/ass_ros2_ws/build/g1_ass1_pkg':\n"}
[0.065814] (g1_ass1_pkg) StdoutLine: {'line': b'1:  - /home/broodjesemih/ass_ros2_ws/build/g1_ass1_pkg/test_cijfer_calculator --gtest_output=xml:/home/broodjesemih/ass_ros2_ws/build/g1_ass1_pkg/test_results/g1_ass1_pkg/test_cijfer_calculator.gtest.xml\n'}
[0.067213] (g1_ass1_pkg) StdoutLine: {'line': b'1: [==========] Running 1 test from 1 test suite.\n'}
[0.067535] (g1_ass1_pkg) StdoutLine: {'line': b'1: [----------] Global test environment set-up.\n'}
[0.067746] (g1_ass1_pkg) StdoutLine: {'line': b'1: [----------] 1 test from TestSuite\n'}
[0.067802] (g1_ass1_pkg) StdoutLine: {'line': b'1: [ RUN      ] TestSuite.test_example\n'}
[0.067840] (g1_ass1_pkg) StdoutLine: {'line': b'1: [       OK ] TestSuite.test_example (0 ms)\n'}
[0.067874] (g1_ass1_pkg) StdoutLine: {'line': b'1: [----------] 1 test from TestSuite (0 ms total)\n'}
[0.067908] (g1_ass1_pkg) StdoutLine: {'line': b'1: \n'}
[0.067947] (g1_ass1_pkg) StdoutLine: {'line': b'1: [----------] Global test environment tear-down\n'}
[0.067981] (g1_ass1_pkg) StdoutLine: {'line': b'1: [==========] 1 test from 1 test suite ran. (0 ms total)\n'}
[0.068013] (g1_ass1_pkg) StdoutLine: {'line': b'1: [  PASSED  ] 1 test.\n'}
[0.068045] (g1_ass1_pkg) StdoutLine: {'line': b'1: -- run_test.py: return code 0\n'}
[0.068088] (g1_ass1_pkg) StdoutLine: {'line': b"1: -- run_test.py: inject classname prefix into gtest result file '/home/broodjesemih/ass_ros2_ws/build/g1_ass1_pkg/test_results/g1_ass1_pkg/test_cijfer_calculator.gtest.xml'\n"}
[0.068123] (g1_ass1_pkg) StdoutLine: {'line': b"1: -- run_test.py: verify result file '/home/broodjesemih/ass_ros2_ws/build/g1_ass1_pkg/test_results/g1_ass1_pkg/test_cijfer_calculator.gtest.xml'\n"}
[0.077181] (g1_ass1_pkg) StdoutLine: {'line': b' 1/10 Test  #1: test_cijfer_calculator ...........   Passed    0.05 sec\n'}
[0.077309] (g1_ass1_pkg) StdoutLine: {'line': b'test 2\n'}
[0.077343] (g1_ass1_pkg) StdoutLine: {'line': b'      Start  2: test_cijfer_service\n'}
[0.077372] (g1_ass1_pkg) StdoutLine: {'line': b'\n'}
[0.077404] (g1_ass1_pkg) StdoutLine: {'line': b'2: Test command: /usr/bin/python3 "-u" "/opt/ros/jazzy/share/ament_cmake_test/cmake/run_test.py" "/home/broodjesemih/ass_ros2_ws/build/g1_ass1_pkg/test_results/g1_ass1_pkg/test_cijfer_service.gtest.xml" "--package-name" "g1_ass1_pkg" "--output-file" "/home/broodjesemih/ass_ros2_ws/build/g1_ass1_pkg/ament_cmake_gtest/test_cijfer_service.txt" "--command" "/home/broodjesemih/ass_ros2_ws/build/g1_ass1_pkg/test_cijfer_service" "--gtest_output=xml:/home/broodjesemih/ass_ros2_ws/build/g1_ass1_pkg/test_results/g1_ass1_pkg/test_cijfer_service.gtest.xml"\n'}
[0.077441] (g1_ass1_pkg) StdoutLine: {'line': b'2: Working Directory: /home/broodjesemih/ass_ros2_ws/build/g1_ass1_pkg\n'}
[0.077472] (g1_ass1_pkg) StdoutLine: {'line': b'2: Test timeout computed to be: 60\n'}
[0.099980] (-) TimerEvent: {}
[0.115548] (g1_ass1_pkg) StdoutLine: {'line': b"2: -- run_test.py: invoking following command in '/home/broodjesemih/ass_ros2_ws/build/g1_ass1_pkg':\n"}
[0.115662] (g1_ass1_pkg) StdoutLine: {'line': b'2:  - /home/broodjesemih/ass_ros2_ws/build/g1_ass1_pkg/test_cijfer_service --gtest_output=xml:/home/broodjesemih/ass_ros2_ws/build/g1_ass1_pkg/test_results/g1_ass1_pkg/test_cijfer_service.gtest.xml\n'}
[0.122521] (g1_ass1_pkg) StdoutLine: {'line': b'2: [==========] Running 5 tests from 1 test suite.\n'}
[0.122634] (g1_ass1_pkg) StdoutLine: {'line': b'2: [----------] Global test environment set-up.\n'}
[0.122678] (g1_ass1_pkg) StdoutLine: {'line': b'2: [----------] 5 tests from TestCijferService\n'}
[0.126440] (g1_ass1_pkg) StdoutLine: {'line': b'2: [ RUN      ] TestCijferService.test_average_calculation\n'}
[0.200199] (-) TimerEvent: {}
[0.300587] (-) TimerEvent: {}
[0.401060] (-) TimerEvent: {}
[0.501463] (-) TimerEvent: {}
[0.601840] (-) TimerEvent: {}
[0.702228] (-) TimerEvent: {}
[0.802656] (-) TimerEvent: {}
[0.903028] (-) TimerEvent: {}
[1.003492] (-) TimerEvent: {}
[1.103969] (-) TimerEvent: {}
[1.204349] (-) TimerEvent: {}
[1.304648] (-) TimerEvent: {}
[1.405050] (-) TimerEvent: {}
[1.505456] (-) TimerEvent: {}
[1.605853] (-) TimerEvent: {}
[1.706316] (-) TimerEvent: {}
[1.806609] (-) TimerEvent: {}
[1.907043] (-) TimerEvent: {}
[2.007521] (-) TimerEvent: {}
[2.107969] (-) TimerEvent: {}
[2.208422] (-) TimerEvent: {}
[2.308864] (-) TimerEvent: {}
[2.409655] (-) TimerEvent: {}
[2.510171] (-) TimerEvent: {}
[2.610592] (-) TimerEvent: {}
[2.711101] (-) TimerEvent: {}
[2.811494] (-) TimerEvent: {}
[2.911932] (-) TimerEvent: {}
[3.012421] (-) TimerEvent: {}
[3.112952] (-) TimerEvent: {}
[3.213413] (-) TimerEvent: {}
[3.313858] (-) TimerEvent: {}
[3.414189] (-) TimerEvent: {}
[3.514644] (-) TimerEvent: {}
[3.615125] (-) TimerEvent: {}
[3.715514] (-) TimerEvent: {}
[3.815894] (-) TimerEvent: {}
[3.916312] (-) TimerEvent: {}
[4.016685] (-) TimerEvent: {}
[4.117140] (-) TimerEvent: {}
[4.217412] (-) TimerEvent: {}
[4.317679] (-) TimerEvent: {}
[4.418323] (-) TimerEvent: {}
[4.518760] (-) TimerEvent: {}
[4.619331] (-) TimerEvent: {}
[4.719917] (-) TimerEvent: {}
[4.820374] (-) TimerEvent: {}
[4.920975] (-) TimerEvent: {}
[5.021549] (-) TimerEvent: {}
[5.122271] (-) TimerEvent: {}
[5.133779] (g1_ass1_pkg) StdoutLine: {'line': b'2: /home/broodjesemih/ass_ros2_ws/src/g1_ass1_pkg/test/test_cijfer_service.cpp:25: Failure\n'}
[5.134551] (g1_ass1_pkg) StdoutLine: {'line': b'2: Value of: client->wait_for_service(5s)\n'}
[5.134761] (g1_ass1_pkg) StdoutLine: {'line': b'2:   Actual: false\n'}
[5.134949] (g1_ass1_pkg) StdoutLine: {'line': b'2: Expected: true\n'}
[5.135163] (g1_ass1_pkg) StdoutLine: {'line': b'2: \n'}
[5.137937] (g1_ass1_pkg) StdoutLine: {'line': b'2: [  FAILED  ] TestCijferService.test_average_calculation (5011 ms)\n'}
[5.138199] (g1_ass1_pkg) StdoutLine: {'line': b'2: [ RUN      ] TestCijferService.test_wessel_bonus\n'}
[5.222382] (-) TimerEvent: {}
[5.322885] (-) TimerEvent: {}
[5.423461] (-) TimerEvent: {}
[5.524007] (-) TimerEvent: {}
[5.624543] (-) TimerEvent: {}
[5.725004] (-) TimerEvent: {}
[5.825584] (-) TimerEvent: {}
[5.925993] (-) TimerEvent: {}
[6.026419] (-) TimerEvent: {}
[6.126814] (-) TimerEvent: {}
[6.227384] (-) TimerEvent: {}
[6.327853] (-) TimerEvent: {}
[6.428282] (-) TimerEvent: {}
[6.528814] (-) TimerEvent: {}
[6.629185] (-) TimerEvent: {}
[6.729640] (-) TimerEvent: {}
[6.830095] (-) TimerEvent: {}
[6.930513] (-) TimerEvent: {}
[7.030937] (-) TimerEvent: {}
[7.131549] (-) TimerEvent: {}
[7.231788] (-) TimerEvent: {}
[7.332145] (-) TimerEvent: {}
[7.432514] (-) TimerEvent: {}
[7.532934] (-) TimerEvent: {}
[7.633329] (-) TimerEvent: {}
[7.733705] (-) TimerEvent: {}
[7.834132] (-) TimerEvent: {}
[7.934524] (-) TimerEvent: {}
[8.035046] (-) TimerEvent: {}
[8.135524] (-) TimerEvent: {}
[8.236012] (-) TimerEvent: {}
[8.336491] (-) TimerEvent: {}
[8.437005] (-) TimerEvent: {}
[8.537439] (-) TimerEvent: {}
[8.637866] (-) TimerEvent: {}
[8.738275] (-) TimerEvent: {}
[8.838745] (-) TimerEvent: {}
[8.939102] (-) TimerEvent: {}
[9.039384] (-) TimerEvent: {}
[9.139836] (-) TimerEvent: {}
[9.240290] (-) TimerEvent: {}
[9.340723] (-) TimerEvent: {}
[9.441084] (-) TimerEvent: {}
[9.541500] (-) TimerEvent: {}
[9.641922] (-) TimerEvent: {}
[9.742388] (-) TimerEvent: {}
[9.842793] (-) TimerEvent: {}
[9.943225] (-) TimerEvent: {}
[10.043571] (-) TimerEvent: {}
[10.141709] (g1_ass1_pkg) StdoutLine: {'line': b'2: /home/broodjesemih/ass_ros2_ws/src/g1_ass1_pkg/test/test_cijfer_service.cpp:47: Failure\n'}
[10.141985] (g1_ass1_pkg) StdoutLine: {'line': b'2: Value of: client->wait_for_service(5s)\n'}
[10.142298] (g1_ass1_pkg) StdoutLine: {'line': b'2:   Actual: false\n'}
[10.142581] (g1_ass1_pkg) StdoutLine: {'line': b'2: Expected: true\n'}
[10.142752] (g1_ass1_pkg) StdoutLine: {'line': b'2: \n'}
[10.143665] (-) TimerEvent: {}
[10.144242] (g1_ass1_pkg) StdoutLine: {'line': b'2: [  FAILED  ] TestCijferService.test_wessel_bonus (5006 ms)\n'}
[10.144476] (g1_ass1_pkg) StdoutLine: {'line': b'2: [ RUN      ] TestCijferService.test_max_clamp\n'}
[10.243949] (-) TimerEvent: {}
[10.344510] (-) TimerEvent: {}
[10.445055] (-) TimerEvent: {}
[10.545444] (-) TimerEvent: {}
[10.645999] (-) TimerEvent: {}
[10.746743] (-) TimerEvent: {}
[10.847247] (-) TimerEvent: {}
[10.947645] (-) TimerEvent: {}
[11.048141] (-) TimerEvent: {}
[11.148539] (-) TimerEvent: {}
[11.249057] (-) TimerEvent: {}
[11.349453] (-) TimerEvent: {}
[11.449765] (-) TimerEvent: {}
[11.550245] (-) TimerEvent: {}
[11.650757] (-) TimerEvent: {}
[11.751303] (-) TimerEvent: {}
[11.851896] (-) TimerEvent: {}
[11.952366] (-) TimerEvent: {}
[12.052885] (-) TimerEvent: {}
[12.153422] (-) TimerEvent: {}
[12.253944] (-) TimerEvent: {}
[12.354173] (-) TimerEvent: {}
[12.454594] (-) TimerEvent: {}
[12.554982] (-) TimerEvent: {}
[12.655431] (-) TimerEvent: {}
[12.755799] (-) TimerEvent: {}
[12.856159] (-) TimerEvent: {}
[12.956629] (-) TimerEvent: {}
[13.057030] (-) TimerEvent: {}
[13.157424] (-) TimerEvent: {}
[13.257804] (-) TimerEvent: {}
[13.358359] (-) TimerEvent: {}
[13.458847] (-) TimerEvent: {}
[13.559265] (-) TimerEvent: {}
[13.659765] (-) TimerEvent: {}
[13.760187] (-) TimerEvent: {}
[13.860635] (-) TimerEvent: {}
[13.961041] (-) TimerEvent: {}
[14.061399] (-) TimerEvent: {}
[14.161793] (-) TimerEvent: {}
[14.262245] (-) TimerEvent: {}
[14.362710] (-) TimerEvent: {}
[14.463160] (-) TimerEvent: {}
[14.563656] (-) TimerEvent: {}
[14.664109] (-) TimerEvent: {}
[14.764544] (-) TimerEvent: {}
[14.864971] (-) TimerEvent: {}
[14.965415] (-) TimerEvent: {}
[15.065760] (-) TimerEvent: {}
[15.149833] (g1_ass1_pkg) StdoutLine: {'line': b'2: /home/broodjesemih/ass_ros2_ws/src/g1_ass1_pkg/test/test_cijfer_service.cpp:68: Failure\n'}
[15.150401] (g1_ass1_pkg) StdoutLine: {'line': b'2: Value of: client->wait_for_service(5s)\n'}
[15.150566] (g1_ass1_pkg) StdoutLine: {'line': b'2:   Actual: false\n'}
[15.150687] (g1_ass1_pkg) StdoutLine: {'line': b'2: Expected: true\n'}
[15.150798] (g1_ass1_pkg) StdoutLine: {'line': b'2: \n'}
[15.153941] (g1_ass1_pkg) StdoutLine: {'line': b'2: [  FAILED  ] TestCijferService.test_max_clamp (5009 ms)\n'}
[15.154281] (g1_ass1_pkg) StdoutLine: {'line': b'2: [ RUN      ] TestCijferService.test_min_clamp\n'}
[15.165925] (-) TimerEvent: {}
[15.266494] (-) TimerEvent: {}
[15.366909] (-) TimerEvent: {}
[15.467472] (-) TimerEvent: {}
[15.568024] (-) TimerEvent: {}
[15.668615] (-) TimerEvent: {}
[15.769031] (-) TimerEvent: {}
[15.869662] (-) TimerEvent: {}
[15.970311] (-) TimerEvent: {}
[16.070810] (-) TimerEvent: {}
[16.171530] (-) TimerEvent: {}
[16.272025] (-) TimerEvent: {}
[16.372610] (-) TimerEvent: {}
[16.473143] (-) TimerEvent: {}
[16.573822] (-) TimerEvent: {}
[16.674430] (-) TimerEvent: {}
[16.774944] (-) TimerEvent: {}
[16.875510] (-) TimerEvent: {}
[16.976222] (-) TimerEvent: {}
[17.076730] (-) TimerEvent: {}
[17.177285] (-) TimerEvent: {}
[17.277677] (-) TimerEvent: {}
[17.378121] (-) TimerEvent: {}
[17.478661] (-) TimerEvent: {}
[17.579098] (-) TimerEvent: {}
[17.679555] (-) TimerEvent: {}
[17.779976] (-) TimerEvent: {}
[17.880330] (-) TimerEvent: {}
[17.980776] (-) TimerEvent: {}
[18.081246] (-) TimerEvent: {}
[18.181787] (-) TimerEvent: {}
[18.282295] (-) TimerEvent: {}
[18.382745] (-) TimerEvent: {}
[18.483310] (-) TimerEvent: {}
[18.583722] (-) TimerEvent: {}
[18.684176] (-) TimerEvent: {}
[18.784625] (-) TimerEvent: {}
[18.885152] (-) TimerEvent: {}
[18.985739] (-) TimerEvent: {}
[19.086334] (-) TimerEvent: {}
[19.186840] (-) TimerEvent: {}
[19.287409] (-) TimerEvent: {}
[19.387836] (-) TimerEvent: {}
[19.488434] (-) TimerEvent: {}
[19.589000] (-) TimerEvent: {}
[19.689535] (-) TimerEvent: {}
[19.789923] (-) TimerEvent: {}
[19.890241] (-) TimerEvent: {}
[19.990718] (-) TimerEvent: {}
[20.091158] (-) TimerEvent: {}
[20.160171] (g1_ass1_pkg) StdoutLine: {'line': b'2: /home/broodjesemih/ass_ros2_ws/src/g1_ass1_pkg/test/test_cijfer_service.cpp:89: Failure\n'}
[20.160544] (g1_ass1_pkg) StdoutLine: {'line': b'2: Value of: client->wait_for_service(5s)\n'}
[20.160772] (g1_ass1_pkg) StdoutLine: {'line': b'2:   Actual: false\n'}
[20.160960] (g1_ass1_pkg) StdoutLine: {'line': b'2: Expected: true\n'}
[20.161158] (g1_ass1_pkg) StdoutLine: {'line': b'2: \n'}
[20.163496] (g1_ass1_pkg) StdoutLine: {'line': b'2: [  FAILED  ] TestCijferService.test_min_clamp (5009 ms)\n'}
[20.163784] (g1_ass1_pkg) StdoutLine: {'line': b'2: [ RUN      ] TestCijferService.test_empty_cijfers\n'}
[20.191433] (-) TimerEvent: {}
[20.291957] (-) TimerEvent: {}
[20.392377] (-) TimerEvent: {}
[20.492824] (-) TimerEvent: {}
[20.593411] (-) TimerEvent: {}
[20.693895] (-) TimerEvent: {}
[20.794255] (-) TimerEvent: {}
[20.894707] (-) TimerEvent: {}
[20.995113] (-) TimerEvent: {}
[21.095334] (-) TimerEvent: {}
[21.195671] (-) TimerEvent: {}
[21.296018] (-) TimerEvent: {}
[21.396271] (-) TimerEvent: {}
[21.496550] (-) TimerEvent: {}
[21.596860] (-) TimerEvent: {}
[21.697098] (-) TimerEvent: {}
[21.797498] (-) TimerEvent: {}
[21.897831] (-) TimerEvent: {}
[21.998136] (-) TimerEvent: {}
[22.098422] (-) TimerEvent: {}
[22.198782] (-) TimerEvent: {}
[22.299108] (-) TimerEvent: {}
[22.399400] (-) TimerEvent: {}
[22.499857] (-) TimerEvent: {}
[22.600252] (-) TimerEvent: {}
[22.700599] (-) TimerEvent: {}
[22.801101] (-) TimerEvent: {}
[22.901476] (-) TimerEvent: {}
[23.001779] (-) TimerEvent: {}
[23.102098] (-) TimerEvent: {}
[23.202521] (-) TimerEvent: {}
[23.302781] (-) TimerEvent: {}
[23.403159] (-) TimerEvent: {}
[23.503529] (-) TimerEvent: {}
[23.603920] (-) TimerEvent: {}
[23.704395] (-) TimerEvent: {}
[23.804786] (-) TimerEvent: {}
[23.905137] (-) TimerEvent: {}
[24.005459] (-) TimerEvent: {}
[24.105875] (-) TimerEvent: {}
[24.206352] (-) TimerEvent: {}
[24.306750] (-) TimerEvent: {}
[24.407208] (-) TimerEvent: {}
[24.507627] (-) TimerEvent: {}
[24.608116] (-) TimerEvent: {}
[24.708687] (-) TimerEvent: {}
[24.809207] (-) TimerEvent: {}
[24.909599] (-) TimerEvent: {}
[25.010060] (-) TimerEvent: {}
[25.110484] (-) TimerEvent: {}
[25.168705] (g1_ass1_pkg) StdoutLine: {'line': b'2: /home/broodjesemih/ass_ros2_ws/src/g1_ass1_pkg/test/test_cijfer_service.cpp:110: Failure\n'}
[25.169018] (g1_ass1_pkg) StdoutLine: {'line': b'2: Value of: client->wait_for_service(5s)\n'}
[25.169158] (g1_ass1_pkg) StdoutLine: {'line': b'2:   Actual: false\n'}
[25.169259] (g1_ass1_pkg) StdoutLine: {'line': b'2: Expected: true\n'}
[25.169359] (g1_ass1_pkg) StdoutLine: {'line': b'2: \n'}
[25.172466] (g1_ass1_pkg) StdoutLine: {'line': b'2: [  FAILED  ] TestCijferService.test_empty_cijfers (5008 ms)\n'}
[25.172682] (g1_ass1_pkg) StdoutLine: {'line': b'2: [----------] 5 tests from TestCijferService (25045 ms total)\n'}
[25.172786] (g1_ass1_pkg) StdoutLine: {'line': b'2: \n'}
[25.172876] (g1_ass1_pkg) StdoutLine: {'line': b'2: [----------] Global test environment tear-down\n'}
[25.173226] (g1_ass1_pkg) StdoutLine: {'line': b'2: [==========] 5 tests from 1 test suite ran. (25050 ms total)\n'}
[25.173440] (g1_ass1_pkg) StdoutLine: {'line': b'2: [  PASSED  ] 0 tests.\n'}
[25.173543] (g1_ass1_pkg) StdoutLine: {'line': b'2: [  FAILED  ] 5 tests, listed below:\n'}
[25.173637] (g1_ass1_pkg) StdoutLine: {'line': b'2: [  FAILED  ] TestCijferService.test_average_calculation\n'}
[25.173722] (g1_ass1_pkg) StdoutLine: {'line': b'2: [  FAILED  ] TestCijferService.test_wessel_bonus\n'}
[25.173811] (g1_ass1_pkg) StdoutLine: {'line': b'2: [  FAILED  ] TestCijferService.test_max_clamp\n'}
[25.173887] (g1_ass1_pkg) StdoutLine: {'line': b'2: [  FAILED  ] TestCijferService.test_min_clamp\n'}
[25.173963] (g1_ass1_pkg) StdoutLine: {'line': b'2: [  FAILED  ] TestCijferService.test_empty_cijfers\n'}
[25.174038] (g1_ass1_pkg) StdoutLine: {'line': b'2: \n'}
[25.174126] (g1_ass1_pkg) StdoutLine: {'line': b'2:  5 FAILED TESTS\n'}
[25.210649] (-) TimerEvent: {}
[25.278483] (g1_ass1_pkg) StdoutLine: {'line': b'2: -- run_test.py: return code 1\n'}
[25.278758] (g1_ass1_pkg) StdoutLine: {'line': b"2: -- run_test.py: inject classname prefix into gtest result file '/home/broodjesemih/ass_ros2_ws/build/g1_ass1_pkg/test_results/g1_ass1_pkg/test_cijfer_service.gtest.xml'\n"}
[25.278886] (g1_ass1_pkg) StdoutLine: {'line': b"2: -- run_test.py: verify result file '/home/broodjesemih/ass_ros2_ws/build/g1_ass1_pkg/test_results/g1_ass1_pkg/test_cijfer_service.gtest.xml'\n"}
[25.292825] (g1_ass1_pkg) StdoutLine: {'line': b' 2/10 Test  #2: test_cijfer_service ..............***Failed   25.22 sec\n'}
[25.292985] (g1_ass1_pkg) StdoutLine: {'line': b'test 3\n'}
[25.293027] (g1_ass1_pkg) StdoutLine: {'line': b'      Start  3: test_tentamen_publisher\n'}
[25.293066] (g1_ass1_pkg) StdoutLine: {'line': b'\n'}
[25.293114] (g1_ass1_pkg) StdoutLine: {'line': b'3: Test command: /usr/bin/python3 "-u" "/opt/ros/jazzy/share/ament_cmake_test/cmake/run_test.py" "/home/broodjesemih/ass_ros2_ws/build/g1_ass1_pkg/test_results/g1_ass1_pkg/test_tentamen_publisher.gtest.xml" "--package-name" "g1_ass1_pkg" "--output-file" "/home/broodjesemih/ass_ros2_ws/build/g1_ass1_pkg/ament_cmake_gtest/test_tentamen_publisher.txt" "--command" "/home/broodjesemih/ass_ros2_ws/build/g1_ass1_pkg/test_tentamen_publisher" "--gtest_output=xml:/home/broodjesemih/ass_ros2_ws/build/g1_ass1_pkg/test_results/g1_ass1_pkg/test_tentamen_publisher.gtest.xml"\n'}
[25.293156] (g1_ass1_pkg) StdoutLine: {'line': b'3: Working Directory: /home/broodjesemih/ass_ros2_ws/build/g1_ass1_pkg\n'}
[25.293193] (g1_ass1_pkg) StdoutLine: {'line': b'3: Test timeout computed to be: 60\n'}
[25.310819] (-) TimerEvent: {}
[25.333479] (g1_ass1_pkg) StdoutLine: {'line': b"3: -- run_test.py: invoking following command in '/home/broodjesemih/ass_ros2_ws/build/g1_ass1_pkg':\n"}
[25.333598] (g1_ass1_pkg) StdoutLine: {'line': b'3:  - /home/broodjesemih/ass_ros2_ws/build/g1_ass1_pkg/test_tentamen_publisher --gtest_output=xml:/home/broodjesemih/ass_ros2_ws/build/g1_ass1_pkg/test_results/g1_ass1_pkg/test_tentamen_publisher.gtest.xml\n'}
[25.342178] (g1_ass1_pkg) StdoutLine: {'line': b'3: [==========] Running 2 tests from 1 test suite.\n'}
[25.342343] (g1_ass1_pkg) StdoutLine: {'line': b'3: [----------] Global test environment set-up.\n'}
[25.342423] (g1_ass1_pkg) StdoutLine: {'line': b'3: [----------] 2 tests from TestTentamenPublisher\n'}
[25.346225] (g1_ass1_pkg) StdoutLine: {'line': b'3: [ RUN      ] TestTentamenPublisher.test_tentamen_published\n'}
[25.411108] (-) TimerEvent: {}
[25.511599] (-) TimerEvent: {}
[25.612191] (-) TimerEvent: {}
[25.712686] (-) TimerEvent: {}
[25.813439] (-) TimerEvent: {}
[25.913946] (-) TimerEvent: {}
[26.014452] (-) TimerEvent: {}
[26.114989] (-) TimerEvent: {}
[26.215403] (-) TimerEvent: {}
[26.315802] (-) TimerEvent: {}
[26.416288] (-) TimerEvent: {}
[26.516694] (-) TimerEvent: {}
[26.617037] (-) TimerEvent: {}
[26.717424] (-) TimerEvent: {}
[26.817769] (-) TimerEvent: {}
[26.918172] (-) TimerEvent: {}
[27.018467] (-) TimerEvent: {}
[27.118837] (-) TimerEvent: {}
[27.219160] (-) TimerEvent: {}
[27.319530] (-) TimerEvent: {}
[27.419961] (-) TimerEvent: {}
[27.520256] (-) TimerEvent: {}
[27.620482] (-) TimerEvent: {}
[27.720775] (-) TimerEvent: {}
[27.821247] (-) TimerEvent: {}
[27.921748] (-) TimerEvent: {}
[28.022241] (-) TimerEvent: {}
[28.122663] (-) TimerEvent: {}
[28.223140] (-) TimerEvent: {}
[28.323466] (-) TimerEvent: {}
[28.423840] (-) TimerEvent: {}
[28.524406] (-) TimerEvent: {}
[28.624735] (-) TimerEvent: {}
[28.725191] (-) TimerEvent: {}
[28.825735] (-) TimerEvent: {}
[28.926243] (-) TimerEvent: {}
[29.026495] (-) TimerEvent: {}
[29.126987] (-) TimerEvent: {}
[29.227412] (-) TimerEvent: {}
[29.327903] (-) TimerEvent: {}
[29.428343] (-) TimerEvent: {}
[29.528778] (-) TimerEvent: {}
[29.629248] (-) TimerEvent: {}
[29.729723] (-) TimerEvent: {}
[29.830119] (-) TimerEvent: {}
[29.930520] (-) TimerEvent: {}
[30.030975] (-) TimerEvent: {}
[30.131373] (-) TimerEvent: {}
[30.231776] (-) TimerEvent: {}
[30.332118] (-) TimerEvent: {}
[30.432470] (-) TimerEvent: {}
[30.532935] (-) TimerEvent: {}
[30.633430] (-) TimerEvent: {}
[30.733825] (-) TimerEvent: {}
[30.834255] (-) TimerEvent: {}
[30.934685] (-) TimerEvent: {}
[31.035058] (-) TimerEvent: {}
[31.135475] (-) TimerEvent: {}
[31.235977] (-) TimerEvent: {}
[31.336546] (-) TimerEvent: {}
[31.437010] (-) TimerEvent: {}
[31.537554] (-) TimerEvent: {}
[31.637995] (-) TimerEvent: {}
[31.738469] (-) TimerEvent: {}
[31.839029] (-) TimerEvent: {}
[31.939474] (-) TimerEvent: {}
[32.039958] (-) TimerEvent: {}
[32.140414] (-) TimerEvent: {}
[32.240929] (-) TimerEvent: {}
[32.341517] (-) TimerEvent: {}
[32.441929] (-) TimerEvent: {}
[32.542369] (-) TimerEvent: {}
[32.642783] (-) TimerEvent: {}
[32.743269] (-) TimerEvent: {}
[32.843682] (-) TimerEvent: {}
[32.944189] (-) TimerEvent: {}
[33.044582] (-) TimerEvent: {}
[33.145014] (-) TimerEvent: {}
[33.245564] (-) TimerEvent: {}
[33.345970] (-) TimerEvent: {}
[33.446533] (-) TimerEvent: {}
[33.546894] (-) TimerEvent: {}
[33.647254] (-) TimerEvent: {}
[33.747729] (-) TimerEvent: {}
[33.848182] (-) TimerEvent: {}
[33.948544] (-) TimerEvent: {}
[34.048849] (-) TimerEvent: {}
[34.149213] (-) TimerEvent: {}
[34.249568] (-) TimerEvent: {}
[34.350103] (-) TimerEvent: {}
[34.450504] (-) TimerEvent: {}
[34.550923] (-) TimerEvent: {}
[34.651366] (-) TimerEvent: {}
[34.751926] (-) TimerEvent: {}
[34.852464] (-) TimerEvent: {}
[34.952839] (-) TimerEvent: {}
[35.053275] (-) TimerEvent: {}
[35.153960] (-) TimerEvent: {}
[35.254370] (-) TimerEvent: {}
[35.354789] (-) TimerEvent: {}
[35.390994] (g1_ass1_pkg) StdoutLine: {'line': b'3: /home/broodjesemih/ass_ros2_ws/src/g1_ass1_pkg/test/test_tentamen_publisher.cpp:41: Failure\n'}
[35.391163] (g1_ass1_pkg) StdoutLine: {'line': b'3: Value of: received\n'}
[35.391220] (g1_ass1_pkg) StdoutLine: {'line': b'3:   Actual: false\n'}
[35.391271] (g1_ass1_pkg) StdoutLine: {'line': b'3: Expected: true\n'}
[35.391321] (g1_ass1_pkg) StdoutLine: {'line': b'3: No tentamen message received within timeout\n'}
[35.391367] (g1_ass1_pkg) StdoutLine: {'line': b'3: \n'}
[35.393479] (g1_ass1_pkg) StdoutLine: {'line': b'3: [  FAILED  ] TestTentamenPublisher.test_tentamen_published (10047 ms)\n'}
[35.393588] (g1_ass1_pkg) StdoutLine: {'line': b'3: [ RUN      ] TestTentamenPublisher.test_multiple_messages\n'}
[35.454939] (-) TimerEvent: {}
[35.555328] (-) TimerEvent: {}
[35.655814] (-) TimerEvent: {}
[35.756311] (-) TimerEvent: {}
[35.856711] (-) TimerEvent: {}
[35.957201] (-) TimerEvent: {}
[36.057618] (-) TimerEvent: {}
[36.158111] (-) TimerEvent: {}
[36.258456] (-) TimerEvent: {}
[36.358904] (-) TimerEvent: {}
[36.459357] (-) TimerEvent: {}
[36.559765] (-) TimerEvent: {}
[36.660203] (-) TimerEvent: {}
[36.760625] (-) TimerEvent: {}
[36.861010] (-) TimerEvent: {}
[36.961418] (-) TimerEvent: {}
[37.061870] (-) TimerEvent: {}
[37.162323] (-) TimerEvent: {}
[37.262717] (-) TimerEvent: {}
[37.363116] (-) TimerEvent: {}
[37.463632] (-) TimerEvent: {}
[37.564046] (-) TimerEvent: {}
[37.664560] (-) TimerEvent: {}
[37.765066] (-) TimerEvent: {}
[37.865471] (-) TimerEvent: {}
[37.965843] (-) TimerEvent: {}
[38.066287] (-) TimerEvent: {}
[38.166699] (-) TimerEvent: {}
[38.267227] (-) TimerEvent: {}
[38.367734] (-) TimerEvent: {}
[38.468171] (-) TimerEvent: {}
[38.568700] (-) TimerEvent: {}
[38.669180] (-) TimerEvent: {}
[38.769550] (-) TimerEvent: {}
[38.869938] (-) TimerEvent: {}
[38.970383] (-) TimerEvent: {}
[39.070764] (-) TimerEvent: {}
[39.171136] (-) TimerEvent: {}
[39.271505] (-) TimerEvent: {}
[39.371879] (-) TimerEvent: {}
[39.472360] (-) TimerEvent: {}
[39.572713] (-) TimerEvent: {}
[39.673042] (-) TimerEvent: {}
[39.773542] (-) TimerEvent: {}
[39.874100] (-) TimerEvent: {}
[39.974505] (-) TimerEvent: {}
[40.075016] (-) TimerEvent: {}
[40.175434] (-) TimerEvent: {}
[40.275864] (-) TimerEvent: {}
[40.376315] (-) TimerEvent: {}
[40.413821] (g1_ass1_pkg) StdoutLine: {'line': b'3: /home/broodjesemih/ass_ros2_ws/src/g1_ass1_pkg/test/test_tentamen_publisher.cpp:66: Failure\n'}
[40.414179] (g1_ass1_pkg) StdoutLine: {'line': b'3: Expected: (count) >= (1), actual: 0 vs 1\n'}
[40.414315] (g1_ass1_pkg) StdoutLine: {'line': b'3: Should receive at least 1 message in 5 seconds\n'}
[40.414446] (g1_ass1_pkg) StdoutLine: {'line': b'3: \n'}
[40.417257] (g1_ass1_pkg) StdoutLine: {'line': b'3: [  FAILED  ] TestTentamenPublisher.test_multiple_messages (5023 ms)\n'}
[40.417698] (g1_ass1_pkg) StdoutLine: {'line': b'3: [----------] 2 tests from TestTentamenPublisher (15070 ms total)\n'}
[40.417843] (g1_ass1_pkg) StdoutLine: {'line': b'3: \n'}
[40.417954] (g1_ass1_pkg) StdoutLine: {'line': b'3: [----------] Global test environment tear-down\n'}
[40.418152] (g1_ass1_pkg) StdoutLine: {'line': b'3: [==========] 2 tests from 1 test suite ran. (15075 ms total)\n'}
[40.418259] (g1_ass1_pkg) StdoutLine: {'line': b'3: [  PASSED  ] 0 tests.\n'}
[40.418358] (g1_ass1_pkg) StdoutLine: {'line': b'3: [  FAILED  ] 2 tests, listed below:\n'}
[40.418458] (g1_ass1_pkg) StdoutLine: {'line': b'3: [  FAILED  ] TestTentamenPublisher.test_tentamen_published\n'}
[40.418573] (g1_ass1_pkg) StdoutLine: {'line': b'3: [  FAILED  ] TestTentamenPublisher.test_multiple_messages\n'}
[40.418672] (g1_ass1_pkg) StdoutLine: {'line': b'3: \n'}
[40.418770] (g1_ass1_pkg) StdoutLine: {'line': b'3:  2 FAILED TESTS\n'}
[40.476446] (-) TimerEvent: {}
[40.524162] (g1_ass1_pkg) StdoutLine: {'line': b'3: -- run_test.py: return code 1\n'}
[40.524419] (g1_ass1_pkg) StdoutLine: {'line': b"3: -- run_test.py: inject classname prefix into gtest result file '/home/broodjesemih/ass_ros2_ws/build/g1_ass1_pkg/test_results/g1_ass1_pkg/test_tentamen_publisher.gtest.xml'\n"}
[40.524739] (g1_ass1_pkg) StdoutLine: {'line': b"3: -- run_test.py: verify result file '/home/broodjesemih/ass_ros2_ws/build/g1_ass1_pkg/test_results/g1_ass1_pkg/test_tentamen_publisher.gtest.xml'\n"}
[40.535504] (g1_ass1_pkg) StdoutLine: {'line': b' 3/10 Test  #3: test_tentamen_publisher ..........***Failed   15.24 sec\n'}
[40.535636] (g1_ass1_pkg) StdoutLine: {'line': b'test 4\n'}
[40.535679] (g1_ass1_pkg) StdoutLine: {'line': b'      Start  4: test_final_cijfer_determinator\n'}
[40.535714] (g1_ass1_pkg) StdoutLine: {'line': b'\n'}
[40.535751] (g1_ass1_pkg) StdoutLine: {'line': b'4: Test command: /usr/bin/python3 "-u" "/opt/ros/jazzy/share/ament_cmake_test/cmake/run_test.py" "/home/broodjesemih/ass_ros2_ws/build/g1_ass1_pkg/test_results/g1_ass1_pkg/test_final_cijfer_determinator.gtest.xml" "--package-name" "g1_ass1_pkg" "--output-file" "/home/broodjesemih/ass_ros2_ws/build/g1_ass1_pkg/ament_cmake_gtest/test_final_cijfer_determinator.txt" "--command" "/home/broodjesemih/ass_ros2_ws/build/g1_ass1_pkg/test_final_cijfer_determinator" "--gtest_output=xml:/home/broodjesemih/ass_ros2_ws/build/g1_ass1_pkg/test_results/g1_ass1_pkg/test_final_cijfer_determinator.gtest.xml"\n'}
[40.535795] (g1_ass1_pkg) StdoutLine: {'line': b'4: Working Directory: /home/broodjesemih/ass_ros2_ws/build/g1_ass1_pkg\n'}
[40.535829] (g1_ass1_pkg) StdoutLine: {'line': b'4: Test timeout computed to be: 60\n'}
[40.576260] (g1_ass1_pkg) StdoutLine: {'line': b"4: -- run_test.py: invoking following command in '/home/broodjesemih/ass_ros2_ws/build/g1_ass1_pkg':\n"}
[40.576430] (-) TimerEvent: {}
[40.576510] (g1_ass1_pkg) StdoutLine: {'line': b'4:  - /home/broodjesemih/ass_ros2_ws/build/g1_ass1_pkg/test_final_cijfer_determinator --gtest_output=xml:/home/broodjesemih/ass_ros2_ws/build/g1_ass1_pkg/test_results/g1_ass1_pkg/test_final_cijfer_determinator.gtest.xml\n'}
[40.586398] (g1_ass1_pkg) StdoutLine: {'line': b'4: [==========] Running 3 tests from 1 test suite.\n'}
[40.586588] (g1_ass1_pkg) StdoutLine: {'line': b'4: [----------] Global test environment set-up.\n'}
[40.586685] (g1_ass1_pkg) StdoutLine: {'line': b'4: [----------] 3 tests from TestFinalCijferDeterminator\n'}
[40.592967] (g1_ass1_pkg) StdoutLine: {'line': b'4: [ RUN      ] TestFinalCijferDeterminator.test_subscription_active\n'}
[40.676673] (-) TimerEvent: {}
[40.777184] (-) TimerEvent: {}
[40.877702] (-) TimerEvent: {}
[40.978374] (-) TimerEvent: {}
[41.079006] (-) TimerEvent: {}
[41.103781] (g1_ass1_pkg) StdoutLine: {'line': b'4: /home/broodjesemih/ass_ros2_ws/src/g1_ass1_pkg/test/test_final_cijfer_determinator.cpp:29: Failure\n'}
[41.104068] (g1_ass1_pkg) StdoutLine: {'line': b'4: Expected: (publisher->get_subscription_count()) >= (1), actual: 0 vs 1\n'}
[41.104205] (g1_ass1_pkg) StdoutLine: {'line': b'4: final_cijfer_determinator should be subscribed\n'}
[41.104308] (g1_ass1_pkg) StdoutLine: {'line': b'4: \n'}
[41.107002] (g1_ass1_pkg) StdoutLine: {'line': b'4: [  FAILED  ] TestFinalCijferDeterminator.test_subscription_active (513 ms)\n'}
[41.107217] (g1_ass1_pkg) StdoutLine: {'line': b'4: [ RUN      ] TestFinalCijferDeterminator.test_tentamen_reception\n'}
[41.179243] (-) TimerEvent: {}
[41.279746] (-) TimerEvent: {}
[41.380173] (-) TimerEvent: {}
[41.480546] (-) TimerEvent: {}
[41.580911] (-) TimerEvent: {}
[41.681289] (-) TimerEvent: {}
[41.781678] (-) TimerEvent: {}
[41.882161] (-) TimerEvent: {}
[41.982538] (-) TimerEvent: {}
[42.082914] (-) TimerEvent: {}
[42.183303] (-) TimerEvent: {}
[42.283681] (-) TimerEvent: {}
[42.384056] (-) TimerEvent: {}
[42.484414] (-) TimerEvent: {}
[42.584754] (-) TimerEvent: {}
[42.685136] (-) TimerEvent: {}
[42.785597] (-) TimerEvent: {}
[42.885989] (-) TimerEvent: {}
[42.986382] (-) TimerEvent: {}
[43.086794] (-) TimerEvent: {}
[43.187142] (-) TimerEvent: {}
[43.287506] (-) TimerEvent: {}
[43.387951] (-) TimerEvent: {}
[43.488389] (-) TimerEvent: {}
[43.588907] (-) TimerEvent: {}
[43.689365] (-) TimerEvent: {}
[43.713692] (g1_ass1_pkg) StdoutLine: {'line': b'4: /home/broodjesemih/ass_ros2_ws/src/g1_ass1_pkg/test/test_final_cijfer_determinator.cpp:70: Failure\n'}
[43.713837] (g1_ass1_pkg) StdoutLine: {'line': b'4: Value of: found\n'}
[43.713882] (g1_ass1_pkg) StdoutLine: {'line': b'4:   Actual: false\n'}
[43.713920] (g1_ass1_pkg) StdoutLine: {'line': b'4: Expected: true\n'}
[43.713956] (g1_ass1_pkg) StdoutLine: {'line': b'4: Database should contain entry for TestStudent/TestCourse\n'}
[43.713993] (g1_ass1_pkg) StdoutLine: {'line': b'4: \n'}
[43.715723] (g1_ass1_pkg) StdoutLine: {'line': b'4: [  FAILED  ] TestFinalCijferDeterminator.test_tentamen_reception (2608 ms)\n'}
[43.715819] (g1_ass1_pkg) StdoutLine: {'line': b'4: [ RUN      ] TestFinalCijferDeterminator.test_three_tentamen_threshold\n'}
[43.789497] (-) TimerEvent: {}
[43.889863] (-) TimerEvent: {}
[43.990360] (-) TimerEvent: {}
[44.090748] (-) TimerEvent: {}
[44.191234] (-) TimerEvent: {}
[44.291640] (-) TimerEvent: {}
[44.392101] (-) TimerEvent: {}
[44.492460] (-) TimerEvent: {}
[44.592877] (-) TimerEvent: {}
[44.693254] (-) TimerEvent: {}
[44.793569] (-) TimerEvent: {}
[44.894066] (-) TimerEvent: {}
[44.994580] (-) TimerEvent: {}
[45.095144] (-) TimerEvent: {}
[45.195620] (-) TimerEvent: {}
[45.296164] (-) TimerEvent: {}
[45.396591] (-) TimerEvent: {}
[45.420612] (g1_ass1_pkg) StdoutLine: {'line': b'4: [       OK ] TestFinalCijferDeterminator.test_three_tentamen_threshold (1704 ms)\n'}
[45.420835] (g1_ass1_pkg) StdoutLine: {'line': b'4: [----------] 3 tests from TestFinalCijferDeterminator (4827 ms total)\n'}
[45.420935] (g1_ass1_pkg) StdoutLine: {'line': b'4: \n'}
[45.421031] (g1_ass1_pkg) StdoutLine: {'line': b'4: [----------] Global test environment tear-down\n'}
[45.421145] (g1_ass1_pkg) StdoutLine: {'line': b'4: [==========] 3 tests from 1 test suite ran. (4834 ms total)\n'}
[45.421247] (g1_ass1_pkg) StdoutLine: {'line': b'4: [  PASSED  ] 1 test.\n'}
[45.421346] (g1_ass1_pkg) StdoutLine: {'line': b'4: [  FAILED  ] 2 tests, listed below:\n'}
[45.421445] (g1_ass1_pkg) StdoutLine: {'line': b'4: [  FAILED  ] TestFinalCijferDeterminator.test_subscription_active\n'}
[45.421544] (g1_ass1_pkg) StdoutLine: {'line': b'4: [  FAILED  ] TestFinalCijferDeterminator.test_tentamen_reception\n'}
[45.421641] (g1_ass1_pkg) StdoutLine: {'line': b'4: \n'}
[45.421739] (g1_ass1_pkg) StdoutLine: {'line': b'4:  2 FAILED TESTS\n'}
[45.496719] (-) TimerEvent: {}
[45.525444] (g1_ass1_pkg) StdoutLine: {'line': b'4: -- run_test.py: return code 1\n'}
[45.525814] (g1_ass1_pkg) StdoutLine: {'line': b"4: -- run_test.py: inject classname prefix into gtest result file '/home/broodjesemih/ass_ros2_ws/build/g1_ass1_pkg/test_results/g1_ass1_pkg/test_final_cijfer_determinator.gtest.xml'\n"}
[45.525953] (g1_ass1_pkg) StdoutLine: {'line': b"4: -- run_test.py: verify result file '/home/broodjesemih/ass_ros2_ws/build/g1_ass1_pkg/test_results/g1_ass1_pkg/test_final_cijfer_determinator.gtest.xml'\n"}
[45.534398] (g1_ass1_pkg) StdoutLine: {'line': b' 4/10 Test  #4: test_final_cijfer_determinator ...***Failed    5.00 sec\n'}
[45.534531] (g1_ass1_pkg) StdoutLine: {'line': b'test 5\n'}
[45.534574] (g1_ass1_pkg) StdoutLine: {'line': b'      Start  5: cppcheck\n'}
[45.534612] (g1_ass1_pkg) StdoutLine: {'line': b'\n'}
[45.534649] (g1_ass1_pkg) StdoutLine: {'line': b'5: Test command: /usr/bin/python3 "-u" "/opt/ros/jazzy/share/ament_cmake_test/cmake/run_test.py" "/home/broodjesemih/ass_ros2_ws/build/g1_ass1_pkg/test_results/g1_ass1_pkg/cppcheck.xunit.xml" "--package-name" "g1_ass1_pkg" "--output-file" "/home/broodjesemih/ass_ros2_ws/build/g1_ass1_pkg/ament_cppcheck/cppcheck.txt" "--command" "/opt/ros/jazzy/bin/ament_cppcheck" "--xunit-file" "/home/broodjesemih/ass_ros2_ws/build/g1_ass1_pkg/test_results/g1_ass1_pkg/cppcheck.xunit.xml"\n'}
[45.534691] (g1_ass1_pkg) StdoutLine: {'line': b'5: Working Directory: /home/broodjesemih/ass_ros2_ws/src/g1_ass1_pkg\n'}
[45.534726] (g1_ass1_pkg) StdoutLine: {'line': b'5: Test timeout computed to be: 300\n'}
[45.572497] (g1_ass1_pkg) StdoutLine: {'line': b"5: -- run_test.py: invoking following command in '/home/broodjesemih/ass_ros2_ws/src/g1_ass1_pkg':\n"}
[45.572615] (g1_ass1_pkg) StdoutLine: {'line': b'5:  - /opt/ros/jazzy/bin/ament_cppcheck --xunit-file /home/broodjesemih/ass_ros2_ws/build/g1_ass1_pkg/test_results/g1_ass1_pkg/cppcheck.xunit.xml\n'}
[45.596860] (-) TimerEvent: {}
[45.623398] (g1_ass1_pkg) StdoutLine: {'line': b'5: cppcheck 2.13.0 has known performance issues and therefore will not be used, set the AMENT_CPPCHECK_ALLOW_SLOW_VERSIONS environment variable to override this.\n'}
[45.633418] (g1_ass1_pkg) StdoutLine: {'line': b'5: -- run_test.py: return code 0\n'}
[45.633547] (g1_ass1_pkg) StdoutLine: {'line': b"5: -- run_test.py: verify result file '/home/broodjesemih/ass_ros2_ws/build/g1_ass1_pkg/test_results/g1_ass1_pkg/cppcheck.xunit.xml'\n"}
[45.639970] (g1_ass1_pkg) StdoutLine: {'line': b' 5/10 Test  #5: cppcheck .........................   Passed    0.11 sec\n'}
[45.640112] (g1_ass1_pkg) StdoutLine: {'line': b'test 6\n'}
[45.640196] (g1_ass1_pkg) StdoutLine: {'line': b'      Start  6: flake8\n'}
[45.640270] (g1_ass1_pkg) StdoutLine: {'line': b'\n'}
[45.640342] (g1_ass1_pkg) StdoutLine: {'line': b'6: Test command: /usr/bin/python3 "-u" "/opt/ros/jazzy/share/ament_cmake_test/cmake/run_test.py" "/home/broodjesemih/ass_ros2_ws/build/g1_ass1_pkg/test_results/g1_ass1_pkg/flake8.xunit.xml" "--package-name" "g1_ass1_pkg" "--output-file" "/home/broodjesemih/ass_ros2_ws/build/g1_ass1_pkg/ament_flake8/flake8.txt" "--command" "/opt/ros/jazzy/bin/ament_flake8" "--xunit-file" "/home/broodjesemih/ass_ros2_ws/build/g1_ass1_pkg/test_results/g1_ass1_pkg/flake8.xunit.xml"\n'}
[45.640466] (g1_ass1_pkg) StdoutLine: {'line': b'6: Working Directory: /home/broodjesemih/ass_ros2_ws/src/g1_ass1_pkg\n'}
[45.640539] (g1_ass1_pkg) StdoutLine: {'line': b'6: Test timeout computed to be: 60\n'}
[45.678455] (g1_ass1_pkg) StdoutLine: {'line': b"6: -- run_test.py: invoking following command in '/home/broodjesemih/ass_ros2_ws/src/g1_ass1_pkg':\n"}
[45.678610] (g1_ass1_pkg) StdoutLine: {'line': b'6:  - /opt/ros/jazzy/bin/ament_flake8 --xunit-file /home/broodjesemih/ass_ros2_ws/build/g1_ass1_pkg/test_results/g1_ass1_pkg/flake8.xunit.xml\n'}
[45.697083] (-) TimerEvent: {}
[45.797294] (-) TimerEvent: {}
[45.878243] (g1_ass1_pkg) StdoutLine: {'line': b'6: \n'}
[45.878402] (g1_ass1_pkg) StdoutLine: {'line': b'6: 2 files checked\n'}
[45.878485] (g1_ass1_pkg) StdoutLine: {'line': b'6: No problems found\n'}
[45.878592] (g1_ass1_pkg) StdoutLine: {'line': b'6: \n'}
[45.878674] (g1_ass1_pkg) StdoutLine: {'line': b'6: Checked files:\n'}
[45.878748] (g1_ass1_pkg) StdoutLine: {'line': b'6: \n'}
[45.878823] (g1_ass1_pkg) StdoutLine: {'line': b'6: * ./install/_local_setup_util_sh.py\n'}
[45.878898] (g1_ass1_pkg) StdoutLine: {'line': b'6: * ./install/_local_setup_util_ps1.py\n'}
[45.897390] (-) TimerEvent: {}
[45.898308] (g1_ass1_pkg) StdoutLine: {'line': b'6: -- run_test.py: return code 0\n'}
[45.898481] (g1_ass1_pkg) StdoutLine: {'line': b"6: -- run_test.py: verify result file '/home/broodjesemih/ass_ros2_ws/build/g1_ass1_pkg/test_results/g1_ass1_pkg/flake8.xunit.xml'\n"}
[45.905204] (g1_ass1_pkg) StdoutLine: {'line': b' 6/10 Test  #6: flake8 ...........................   Passed    0.27 sec\n'}
[45.905373] (g1_ass1_pkg) StdoutLine: {'line': b'test 7\n'}
[45.905465] (g1_ass1_pkg) StdoutLine: {'line': b'      Start  7: lint_cmake\n'}
[45.905545] (g1_ass1_pkg) StdoutLine: {'line': b'\n'}
[45.905623] (g1_ass1_pkg) StdoutLine: {'line': b'7: Test command: /usr/bin/python3 "-u" "/opt/ros/jazzy/share/ament_cmake_test/cmake/run_test.py" "/home/broodjesemih/ass_ros2_ws/build/g1_ass1_pkg/test_results/g1_ass1_pkg/lint_cmake.xunit.xml" "--package-name" "g1_ass1_pkg" "--output-file" "/home/broodjesemih/ass_ros2_ws/build/g1_ass1_pkg/ament_lint_cmake/lint_cmake.txt" "--command" "/opt/ros/jazzy/bin/ament_lint_cmake" "--xunit-file" "/home/broodjesemih/ass_ros2_ws/build/g1_ass1_pkg/test_results/g1_ass1_pkg/lint_cmake.xunit.xml"\n'}
[45.905702] (g1_ass1_pkg) StdoutLine: {'line': b'7: Working Directory: /home/broodjesemih/ass_ros2_ws/src/g1_ass1_pkg\n'}
[45.905772] (g1_ass1_pkg) StdoutLine: {'line': b'7: Test timeout computed to be: 60\n'}
[45.946275] (g1_ass1_pkg) StdoutLine: {'line': b"7: -- run_test.py: invoking following command in '/home/broodjesemih/ass_ros2_ws/src/g1_ass1_pkg':\n"}
[45.946442] (g1_ass1_pkg) StdoutLine: {'line': b'7:  - /opt/ros/jazzy/bin/ament_lint_cmake --xunit-file /home/broodjesemih/ass_ros2_ws/build/g1_ass1_pkg/test_results/g1_ass1_pkg/lint_cmake.xunit.xml\n'}
[45.995406] (g1_ass1_pkg) StdoutLine: {'line': b'7: \n'}
[45.995524] (g1_ass1_pkg) StdoutLine: {'line': b'7: No problems found\n'}
[45.997453] (-) TimerEvent: {}
[46.003292] (g1_ass1_pkg) StdoutLine: {'line': b'7: -- run_test.py: return code 0\n'}
[46.003420] (g1_ass1_pkg) StdoutLine: {'line': b"7: -- run_test.py: verify result file '/home/broodjesemih/ass_ros2_ws/build/g1_ass1_pkg/test_results/g1_ass1_pkg/lint_cmake.xunit.xml'\n"}
[46.009570] (g1_ass1_pkg) StdoutLine: {'line': b' 7/10 Test  #7: lint_cmake .......................   Passed    0.10 sec\n'}
[46.009694] (g1_ass1_pkg) StdoutLine: {'line': b'test 8\n'}
[46.009736] (g1_ass1_pkg) StdoutLine: {'line': b'      Start  8: pep257\n'}
[46.009771] (g1_ass1_pkg) StdoutLine: {'line': b'\n'}
[46.009807] (g1_ass1_pkg) StdoutLine: {'line': b'8: Test command: /usr/bin/python3 "-u" "/opt/ros/jazzy/share/ament_cmake_test/cmake/run_test.py" "/home/broodjesemih/ass_ros2_ws/build/g1_ass1_pkg/test_results/g1_ass1_pkg/pep257.xunit.xml" "--package-name" "g1_ass1_pkg" "--output-file" "/home/broodjesemih/ass_ros2_ws/build/g1_ass1_pkg/ament_pep257/pep257.txt" "--command" "/opt/ros/jazzy/bin/ament_pep257" "--xunit-file" "/home/broodjesemih/ass_ros2_ws/build/g1_ass1_pkg/test_results/g1_ass1_pkg/pep257.xunit.xml"\n'}
[46.009845] (g1_ass1_pkg) StdoutLine: {'line': b'8: Working Directory: /home/broodjesemih/ass_ros2_ws/src/g1_ass1_pkg\n'}
[46.009880] (g1_ass1_pkg) StdoutLine: {'line': b'8: Test timeout computed to be: 60\n'}
[46.047261] (g1_ass1_pkg) StdoutLine: {'line': b"8: -- run_test.py: invoking following command in '/home/broodjesemih/ass_ros2_ws/src/g1_ass1_pkg':\n"}
[46.047374] (g1_ass1_pkg) StdoutLine: {'line': b'8:  - /opt/ros/jazzy/bin/ament_pep257 --xunit-file /home/broodjesemih/ass_ros2_ws/build/g1_ass1_pkg/test_results/g1_ass1_pkg/pep257.xunit.xml\n'}
[46.097577] (-) TimerEvent: {}
[46.147774] (g1_ass1_pkg) StdoutLine: {'line': b'8: checking ./install/_local_setup_util_ps1.py\n'}
[46.147891] (g1_ass1_pkg) StdoutLine: {'line': b'8: checking ./install/_local_setup_util_sh.py\n'}
[46.147934] (g1_ass1_pkg) StdoutLine: {'line': b'8: No problems found\n'}
[46.159328] (g1_ass1_pkg) StdoutLine: {'line': b'8: -- run_test.py: return code 0\n'}
[46.159489] (g1_ass1_pkg) StdoutLine: {'line': b"8: -- run_test.py: verify result file '/home/broodjesemih/ass_ros2_ws/build/g1_ass1_pkg/test_results/g1_ass1_pkg/pep257.xunit.xml'\n"}
[46.165979] (g1_ass1_pkg) StdoutLine: {'line': b' 8/10 Test  #8: pep257 ...........................   Passed    0.16 sec\n'}
[46.166222] (g1_ass1_pkg) StdoutLine: {'line': b'test 9\n'}
[46.166295] (g1_ass1_pkg) StdoutLine: {'line': b'      Start  9: uncrustify\n'}
[46.166330] (g1_ass1_pkg) StdoutLine: {'line': b'\n'}
[46.166365] (g1_ass1_pkg) StdoutLine: {'line': b'9: Test command: /usr/bin/python3 "-u" "/opt/ros/jazzy/share/ament_cmake_test/cmake/run_test.py" "/home/broodjesemih/ass_ros2_ws/build/g1_ass1_pkg/test_results/g1_ass1_pkg/uncrustify.xunit.xml" "--package-name" "g1_ass1_pkg" "--output-file" "/home/broodjesemih/ass_ros2_ws/build/g1_ass1_pkg/ament_uncrustify/uncrustify.txt" "--command" "/opt/ros/jazzy/bin/ament_uncrustify" "--xunit-file" "/home/broodjesemih/ass_ros2_ws/build/g1_ass1_pkg/test_results/g1_ass1_pkg/uncrustify.xunit.xml"\n'}
[46.166403] (g1_ass1_pkg) StdoutLine: {'line': b'9: Working Directory: /home/broodjesemih/ass_ros2_ws/src/g1_ass1_pkg\n'}
[46.166438] (g1_ass1_pkg) StdoutLine: {'line': b'9: Test timeout computed to be: 60\n'}
[46.197766] (-) TimerEvent: {}
[46.208649] (g1_ass1_pkg) StdoutLine: {'line': b"9: -- run_test.py: invoking following command in '/home/broodjesemih/ass_ros2_ws/src/g1_ass1_pkg':\n"}
[46.208768] (g1_ass1_pkg) StdoutLine: {'line': b'9:  - /opt/ros/jazzy/bin/ament_uncrustify --xunit-file /home/broodjesemih/ass_ros2_ws/build/g1_ass1_pkg/test_results/g1_ass1_pkg/uncrustify.xunit.xml\n'}
[46.276294] (g1_ass1_pkg) StdoutLine: {'line': b"9: No code style divergence in file 'src/cijfer_calculator.cpp'\n"}
[46.276404] (g1_ass1_pkg) StdoutLine: {'line': b'9: \n'}
[46.276440] (g1_ass1_pkg) StdoutLine: {'line': b"9: No code style divergence in file 'src/final_cijfer_determinator.cpp'\n"}
[46.276477] (g1_ass1_pkg) StdoutLine: {'line': b'9: \n'}
[46.276509] (g1_ass1_pkg) StdoutLine: {'line': b"9: No code style divergence in file 'src/herkansing_cijfer_determinator.cpp'\n"}
[46.276542] (g1_ass1_pkg) StdoutLine: {'line': b'9: \n'}
[46.276574] (g1_ass1_pkg) StdoutLine: {'line': b"9: No code style divergence in file 'src/herkansing_scheduler.cpp'\n"}
[46.276605] (g1_ass1_pkg) StdoutLine: {'line': b'9: \n'}
[46.276635] (g1_ass1_pkg) StdoutLine: {'line': b"9: No code style divergence in file 'src/tentamen_result_generator.cpp'\n"}
[46.276665] (g1_ass1_pkg) StdoutLine: {'line': b'9: \n'}
[46.276695] (g1_ass1_pkg) StdoutLine: {'line': b"9: No code style divergence in file 'test/test_cijfer_calculator.cpp'\n"}
[46.276723] (g1_ass1_pkg) StdoutLine: {'line': b'9: \n'}
[46.276752] (g1_ass1_pkg) StdoutLine: {'line': b"9: No code style divergence in file 'test/test_cijfer_service.cpp'\n"}
[46.276781] (g1_ass1_pkg) StdoutLine: {'line': b'9: \n'}
[46.276811] (g1_ass1_pkg) StdoutLine: {'line': b"9: No code style divergence in file 'test/test_final_cijfer_determinator.cpp'\n"}
[46.276840] (g1_ass1_pkg) StdoutLine: {'line': b'9: \n'}
[46.276870] (g1_ass1_pkg) StdoutLine: {'line': b"9: No code style divergence in file 'test/test_tentamen_publisher.cpp'\n"}
[46.276900] (g1_ass1_pkg) StdoutLine: {'line': b'9: \n'}
[46.276928] (g1_ass1_pkg) StdoutLine: {'line': b'9: No problems found\n'}
[46.284690] (g1_ass1_pkg) StdoutLine: {'line': b'9: -- run_test.py: return code 0\n'}
[46.284858] (g1_ass1_pkg) StdoutLine: {'line': b"9: -- run_test.py: verify result file '/home/broodjesemih/ass_ros2_ws/build/g1_ass1_pkg/test_results/g1_ass1_pkg/uncrustify.xunit.xml'\n"}
[46.291739] (g1_ass1_pkg) StdoutLine: {'line': b' 9/10 Test  #9: uncrustify .......................   Passed    0.13 sec\n'}
[46.291841] (g1_ass1_pkg) StdoutLine: {'line': b'test 10\n'}
[46.291876] (g1_ass1_pkg) StdoutLine: {'line': b'      Start 10: xmllint\n'}
[46.291911] (g1_ass1_pkg) StdoutLine: {'line': b'\n'}
[46.291945] (g1_ass1_pkg) StdoutLine: {'line': b'10: Test command: /usr/bin/python3 "-u" "/opt/ros/jazzy/share/ament_cmake_test/cmake/run_test.py" "/home/broodjesemih/ass_ros2_ws/build/g1_ass1_pkg/test_results/g1_ass1_pkg/xmllint.xunit.xml" "--package-name" "g1_ass1_pkg" "--output-file" "/home/broodjesemih/ass_ros2_ws/build/g1_ass1_pkg/ament_xmllint/xmllint.txt" "--command" "/opt/ros/jazzy/bin/ament_xmllint" "--xunit-file" "/home/broodjesemih/ass_ros2_ws/build/g1_ass1_pkg/test_results/g1_ass1_pkg/xmllint.xunit.xml"\n'}
[46.291990] (g1_ass1_pkg) StdoutLine: {'line': b'10: Working Directory: /home/broodjesemih/ass_ros2_ws/src/g1_ass1_pkg\n'}
[46.292024] (g1_ass1_pkg) StdoutLine: {'line': b'10: Test timeout computed to be: 60\n'}
[46.297842] (-) TimerEvent: {}
[46.331085] (g1_ass1_pkg) StdoutLine: {'line': b"10: -- run_test.py: invoking following command in '/home/broodjesemih/ass_ros2_ws/src/g1_ass1_pkg':\n"}
[46.331208] (g1_ass1_pkg) StdoutLine: {'line': b'10:  - /opt/ros/jazzy/bin/ament_xmllint --xunit-file /home/broodjesemih/ass_ros2_ws/build/g1_ass1_pkg/test_results/g1_ass1_pkg/xmllint.xunit.xml\n'}
[46.387205] (g1_ass1_pkg) StdoutLine: {'line': b"10: File 'package.xml' is valid\n"}
[46.387330] (g1_ass1_pkg) StdoutLine: {'line': b'10: \n'}
[46.387371] (g1_ass1_pkg) StdoutLine: {'line': b"10: File 'install/g1_ass1_pkg/share/g1_ass1_pkg/package.xml' is valid\n"}
[46.387406] (g1_ass1_pkg) StdoutLine: {'line': b'10: \n'}
[46.387440] (g1_ass1_pkg) StdoutLine: {'line': b'10: No problems found\n'}
[46.396346] (g1_ass1_pkg) StdoutLine: {'line': b'10: -- run_test.py: return code 0\n'}
[46.396466] (g1_ass1_pkg) StdoutLine: {'line': b"10: -- run_test.py: verify result file '/home/broodjesemih/ass_ros2_ws/build/g1_ass1_pkg/test_results/g1_ass1_pkg/xmllint.xunit.xml'\n"}
[46.397946] (-) TimerEvent: {}
[46.402564] (g1_ass1_pkg) StdoutLine: {'line': b'10/10 Test #10: xmllint ..........................   Passed    0.11 sec\n'}
[46.402715] (g1_ass1_pkg) StdoutLine: {'line': b'\n'}
[46.402758] (g1_ass1_pkg) StdoutLine: {'line': b'70% tests passed\x1b[0;0m, \x1b[0;31m3 tests failed\x1b[0;0m out of 10\n'}
[46.402795] (g1_ass1_pkg) StdoutLine: {'line': b'\n'}
[46.402829] (g1_ass1_pkg) StdoutLine: {'line': b'Label Time Summary:\n'}
[46.402864] (g1_ass1_pkg) StdoutLine: {'line': b'cppcheck      =   0.11 sec*proc (1 test)\n'}
[46.402896] (g1_ass1_pkg) StdoutLine: {'line': b'flake8        =   0.27 sec*proc (1 test)\n'}
[46.402929] (g1_ass1_pkg) StdoutLine: {'line': b'gtest         =  45.51 sec*proc (4 tests)\n'}
[46.402961] (g1_ass1_pkg) StdoutLine: {'line': b'lint_cmake    =   0.10 sec*proc (1 test)\n'}
[46.402992] (g1_ass1_pkg) StdoutLine: {'line': b'linter        =   0.87 sec*proc (6 tests)\n'}
[46.403029] (g1_ass1_pkg) StdoutLine: {'line': b'pep257        =   0.16 sec*proc (1 test)\n'}
[46.403060] (g1_ass1_pkg) StdoutLine: {'line': b'uncrustify    =   0.13 sec*proc (1 test)\n'}
[46.403097] (g1_ass1_pkg) StdoutLine: {'line': b'xmllint       =   0.11 sec*proc (1 test)\n'}
[46.403129] (g1_ass1_pkg) StdoutLine: {'line': b'\n'}
[46.403161] (g1_ass1_pkg) StdoutLine: {'line': b'Total Test time (real) =  46.38 sec\n'}
[46.403193] (g1_ass1_pkg) StdoutLine: {'line': b'\n'}
[46.403226] (g1_ass1_pkg) StdoutLine: {'line': b'The following tests FAILED:\n'}
[46.403257] (g1_ass1_pkg) StdoutLine: {'line': b'\t\x1b[0;31m  2 - test_cijfer_service (Failed)\x1b[0;0m\n'}
[46.403293] (g1_ass1_pkg) StdoutLine: {'line': b'\t\x1b[0;31m  3 - test_tentamen_publisher (Failed)\x1b[0;0m\n'}
[46.403327] (g1_ass1_pkg) StdoutLine: {'line': b'\t\x1b[0;31m  4 - test_final_cijfer_determinator (Failed)\x1b[0;0m\n'}
[46.405211] (g1_ass1_pkg) StderrLine: {'line': b'Errors while running CTest\n'}
[46.405390] (g1_ass1_pkg) StderrLine: {'line': b'Output from these tests are in: /home/broodjesemih/ass_ros2_ws/build/g1_ass1_pkg/Testing/Temporary/LastTest.log\n'}
[46.405501] (g1_ass1_pkg) StderrLine: {'line': b'Use "--rerun-failed --output-on-failure" to re-run the failed cases verbosely.\n'}
[46.406538] (g1_ass1_pkg) CommandEnded: {'returncode': 8}
[46.407104] (g1_ass1_pkg) TestFailure: {'identifier': 'g1_ass1_pkg'}
[46.407130] (g1_ass1_pkg) JobEnded: {'identifier': 'g1_ass1_pkg', 'rc': 0}
[46.407409] (-) EventReactorShutdown: {}
