[0.009s] Invoking command in '/home/broodjesemih/ass_ros2_ws/src/g1_ass1_pkg/build/g1_ass1_pkg': CMAKE_PREFIX_PATH=${CMAKE_PREFIX_PATH}:/opt/ros/jazzy DEBUGINFOD_URLS=https://debuginfod.ubuntu.com /usr/bin/cmake --build /home/broodjesemih/ass_ros2_ws/src/g1_ass1_pkg/build/g1_ass1_pkg -- -j20 -l20
[0.029s] -- Found g1_interface_pkg: 0.1.0 (/home/broodjesemih/ass_ros2_ws/install/g1_interface_pkg/share/g1_interface_pkg/cmake)
[0.198s] -- Found rosidl_generator_c: 4.6.6 (/opt/ros/jazzy/share/rosidl_generator_c/cmake)
[0.203s] -- Found rosidl_generator_cpp: 4.6.6 (/opt/ros/jazzy/share/rosidl_generator_cpp/cmake)
[0.211s] -- Using all available rosidl_typesupport_c: rosidl_typesupport_fastrtps_c;rosidl_typesupport_introspection_c
[0.220s] -- Using all available rosidl_typesupport_cpp: rosidl_typesupport_fastrtps_cpp;rosidl_typesupport_introspection_cpp
[0.267s] -- Found rclcpp: 28.1.12 (/opt/ros/jazzy/share/rclcpp/cmake)
[0.289s] -- Found rmw_implementation_cmake: 7.3.2 (/opt/ros/jazzy/share/rmw_implementation_cmake/cmake)
[0.290s] -- Found rmw_fastrtps_cpp: 8.4.3 (/opt/ros/jazzy/share/rmw_fastrtps_cpp/cmake)
[0.345s] -- Using RMW implementation 'rmw_fastrtps_cpp' as default
[0.385s] -- Found rclcpp_action: 28.1.12 (/opt/ros/jazzy/share/rclcpp_action/cmake)
[0.391s] -- Found std_msgs: 5.3.6 (/opt/ros/jazzy/share/std_msgs/cmake)
[0.399s] -- Found rosidl_default_generators: 1.6.0 (/opt/ros/jazzy/share/rosidl_default_generators/cmake)
[0.404s] -- Found rosidl_adapter: 4.6.6 (/opt/ros/jazzy/share/rosidl_adapter/cmake)
[0.414s] -- Found ament_cmake_gtest: 2.5.4 (/opt/ros/jazzy/share/ament_cmake_gtest/cmake)
[0.421s] -- Found gtest sources under '/opt/ros/jazzy/src/gtest_vendor': C++ tests using 'Google Test' will be built
[0.425s] -- Performing Test CMAKE_HAVE_LIBC_PTHREAD
[0.505s] -- Performing Test CMAKE_HAVE_LIBC_PTHREAD - Success
[0.506s] -- Found Threads: TRUE  
[0.507s] -- Found ament_lint_auto: 0.17.3 (/opt/ros/jazzy/share/ament_lint_auto/cmake)
[0.576s] -- Added test 'cppcheck' to perform static code analysis on C / C++ code
[0.576s] -- Configured cppcheck include dirs: 
[0.576s] -- Configured cppcheck exclude dirs and/or files: 
[0.577s] -- Added test 'flake8' to check Python code syntax and style conventions
[0.577s] -- Configured 'flake8' exclude dirs and/or files: 
[0.580s] -- Added test 'lint_cmake' to check CMake code style
[0.580s] -- Added test 'pep257' to check Python code against some of the docstring style conventions in PEP 257
[0.587s] -- Added test 'uncrustify' to check C / C++ code style
[0.587s] -- Configured uncrustify additional arguments: 
[0.588s] -- Added test 'xmllint' to check XML markup files
[0.589s] -- Configuring done (0.6s)
[0.607s] -- Generating done (0.0s)
[0.614s] -- Build files have been written to: /home/broodjesemih/ass_ros2_ws/src/g1_ass1_pkg/build/g1_ass1_pkg
[0.642s] [ 12%] [32mBuilding CXX object gtest/CMakeFiles/gtest_main.dir/src/gtest_main.cc.o[0m
[0.642s] [ 12%] [32mBuilding CXX object gtest/CMakeFiles/gtest.dir/src/gtest-all.cc.o[0m
[0.647s] [ 43%] Built target final_cijfer_determinator
[0.647s] [ 50%] Built target herkansing_scheduler
[0.647s] [ 50%] Built target cijfer_calculator
[0.649s] [ 62%] Built target tentamen_result_generator
[0.652s] [ 75%] Built target herkansing_cijfer_determinator
[1.145s] [ 81%] [32m[1mLinking CXX static library libgtest_main.a[0m
[1.199s] [ 81%] Built target gtest_main
[2.882s] [ 87%] [32m[1mLinking CXX static library libgtest.a[0m
[2.940s] [ 87%] Built target gtest
[2.959s] [ 93%] [32mBuilding CXX object CMakeFiles/test_cijfer_calculator.dir/test/test_cijfer_calculator.cpp.o[0m
[3.469s] [100%] [32m[1mLinking CXX executable test_cijfer_calculator[0m
[3.489s] /usr/bin/ld: cannot find -lg1_ass1_pkg: No such file or directory
[3.519s] collect2: error: ld returned 1 exit status
[3.521s] gmake[2]: *** [CMakeFiles/test_cijfer_calculator.dir/build.make:187: test_cijfer_calculator] Error 1
[3.521s] gmake[1]: *** [CMakeFiles/Makefile2:296: CMakeFiles/test_cijfer_calculator.dir/all] Error 2
[3.521s] gmake: *** [Makefile:146: all] Error 2
[3.523s] Invoked command in '/home/broodjesemih/ass_ros2_ws/src/g1_ass1_pkg/build/g1_ass1_pkg' returned '2': CMAKE_PREFIX_PATH=${CMAKE_PREFIX_PATH}:/opt/ros/jazzy DEBUGINFOD_URLS=https://debuginfod.ubuntu.com /usr/bin/cmake --build /home/broodjesemih/ass_ros2_ws/src/g1_ass1_pkg/build/g1_ass1_pkg -- -j20 -l20
