<?xml version="1.0" encoding="UTF-8"?>
<testsuites tests="1" failures="0" disabled="0" errors="0" time="0." timestamp="2025-10-06T15:31:05.768" name="AllTests">
  <testsuite name="TestSuite" tests="1" failures="0" disabled="0" skipped="0" errors="0" time="0." timestamp="2025-10-06T15:31:05.768">
    <testcase name="test_example" file="/home/broodjesemih/ass_ros2_ws/src/g1_ass1_pkg/test/test_cijfer_calculator.cpp" line="4" status="run" result="completed" time="0." timestamp="2025-10-06T15:31:05.768" classname="g1_ass1_pkg.TestSuite" />
  </testsuite>
</testsuites>
