[0.012s] Invoking command in '/home/broodjesemih/ass_ros2_ws/src/g1_ass1_pkg/build/g1_ass1_pkg': CMAKE_PREFIX_PATH=${CMAKE_PREFIX_PATH}:/opt/ros/jazzy DEBUGINFOD_URLS=https://debuginfod.ubuntu.com /usr/bin/cmake --build /home/broodjesemih/ass_ros2_ws/src/g1_ass1_pkg/build/g1_ass1_pkg -- -j20 -l20
[0.057s] [ 12%] Built target gtest
[0.058s] [ 25%] Built target final_cijfer_determinator
[0.058s] [ 37%] Built target cijfer_calculator
[0.059s] [ 50%] Built target gtest_main
[0.061s] [ 62%] Built target tentamen_result_generator
[0.062s] [ 75%] Built target herkansing_scheduler
[0.066s] [ 87%] Built target herkansing_cijfer_determinator
[0.077s] [ 93%] [32m[1mLinking CXX executable test_cijfer_calculator[0m
[0.097s] /usr/bin/ld: cannot find -lg1_ass1_pkg: No such file or directory
[0.128s] collect2: error: ld returned 1 exit status
[0.129s] gmake[2]: *** [CMakeFiles/test_cijfer_calculator.dir/build.make:187: test_cijfer_calculator] Error 1
[0.129s] gmake[1]: *** [CMakeFiles/Makefile2:296: CMakeFiles/test_cijfer_calculator.dir/all] Error 2
[0.129s] gmake: *** [Makefile:146: all] Error 2
[0.131s] Invoked command in '/home/broodjesemih/ass_ros2_ws/src/g1_ass1_pkg/build/g1_ass1_pkg' returned '2': CMAKE_PREFIX_PATH=${CMAKE_PREFIX_PATH}:/opt/ros/jazzy DEBUGINFOD_URLS=https://debuginfod.ubuntu.com /usr/bin/cmake --build /home/broodjesemih/ass_ros2_ws/src/g1_ass1_pkg/build/g1_ass1_pkg -- -j20 -l20
