UpdateCTestConfiguration  from :/home/broodjesemih/ass_ros2_ws/build/g1_ass1_pkg/CTestConfiguration.ini
Parse Config file:/home/broodjesemih/ass_ros2_ws/build/g1_ass1_pkg/CTestConfiguration.ini
   Site: xubuntu
   Build name: (empty)
 Add coverage exclude regular expressions.
Create new tag: 20251006-1329 - Experimental
UpdateCTestConfiguration  from :/home/broodjesemih/ass_ros2_ws/build/g1_ass1_pkg/CTestConfiguration.ini
Parse Config file:/home/broodjesemih/ass_ros2_ws/build/g1_ass1_pkg/CTestConfiguration.ini
Test project /home/broodjesemih/ass_ros2_ws/build/g1_ass1_pkg
Constructing a list of tests
Done constructing a list of tests
Updating test list for fixtures
Added 0 tests to meet fixture requirements
Checking test dependency graph...
Checking test dependency graph end
test 1
      Start  1: test_cijfer_calculator

1: Test command: /usr/bin/python3 "-u" "/opt/ros/jazzy/share/ament_cmake_test/cmake/run_test.py" "/home/broodjesemih/ass_ros2_ws/build/g1_ass1_pkg/test_results/g1_ass1_pkg/test_cijfer_calculator.gtest.xml" "--package-name" "g1_ass1_pkg" "--output-file" "/home/broodjesemih/ass_ros2_ws/build/g1_ass1_pkg/ament_cmake_gtest/test_cijfer_calculator.txt" "--command" "/home/broodjesemih/ass_ros2_ws/build/g1_ass1_pkg/test_cijfer_calculator" "--gtest_output=xml:/home/broodjesemih/ass_ros2_ws/build/g1_ass1_pkg/test_results/g1_ass1_pkg/test_cijfer_calculator.gtest.xml"
1: Working Directory: /home/broodjesemih/ass_ros2_ws/build/g1_ass1_pkg
1: Test timeout computed to be: 60
1: -- run_test.py: invoking following command in '/home/broodjesemih/ass_ros2_ws/build/g1_ass1_pkg':
1:  - /home/broodjesemih/ass_ros2_ws/build/g1_ass1_pkg/test_cijfer_calculator --gtest_output=xml:/home/broodjesemih/ass_ros2_ws/build/g1_ass1_pkg/test_results/g1_ass1_pkg/test_cijfer_calculator.gtest.xml
1: [==========] Running 1 test from 1 test suite.
1: [----------] Global test environment set-up.
1: [----------] 1 test from TestSuite
1: [ RUN      ] TestSuite.test_example
1: [       OK ] TestSuite.test_example (0 ms)
1: [----------] 1 test from TestSuite (0 ms total)
1: 
1: [----------] Global test environment tear-down
1: [==========] 1 test from 1 test suite ran. (0 ms total)
1: [  PASSED  ] 1 test.
1: -- run_test.py: return code 0
1: -- run_test.py: inject classname prefix into gtest result file '/home/broodjesemih/ass_ros2_ws/build/g1_ass1_pkg/test_results/g1_ass1_pkg/test_cijfer_calculator.gtest.xml'
1: -- run_test.py: verify result file '/home/broodjesemih/ass_ros2_ws/build/g1_ass1_pkg/test_results/g1_ass1_pkg/test_cijfer_calculator.gtest.xml'
 1/10 Test  #1: test_cijfer_calculator ...........   Passed    0.05 sec
test 2
      Start  2: test_cijfer_service

2: Test command: /usr/bin/python3 "-u" "/opt/ros/jazzy/share/ament_cmake_test/cmake/run_test.py" "/home/broodjesemih/ass_ros2_ws/build/g1_ass1_pkg/test_results/g1_ass1_pkg/test_cijfer_service.gtest.xml" "--package-name" "g1_ass1_pkg" "--output-file" "/home/broodjesemih/ass_ros2_ws/build/g1_ass1_pkg/ament_cmake_gtest/test_cijfer_service.txt" "--command" "/home/broodjesemih/ass_ros2_ws/build/g1_ass1_pkg/test_cijfer_service" "--gtest_output=xml:/home/broodjesemih/ass_ros2_ws/build/g1_ass1_pkg/test_results/g1_ass1_pkg/test_cijfer_service.gtest.xml"
2: Working Directory: /home/broodjesemih/ass_ros2_ws/build/g1_ass1_pkg
2: Test timeout computed to be: 60
2: -- run_test.py: invoking following command in '/home/broodjesemih/ass_ros2_ws/build/g1_ass1_pkg':
2:  - /home/broodjesemih/ass_ros2_ws/build/g1_ass1_pkg/test_cijfer_service --gtest_output=xml:/home/broodjesemih/ass_ros2_ws/build/g1_ass1_pkg/test_results/g1_ass1_pkg/test_cijfer_service.gtest.xml
2: [==========] Running 5 tests from 1 test suite.
2: [----------] Global test environment set-up.
2: [----------] 5 tests from TestCijferService
2: [ RUN      ] TestCijferService.test_average_calculation
2: /home/broodjesemih/ass_ros2_ws/src/g1_ass1_pkg/test/test_cijfer_service.cpp:25: Failure
2: Value of: client->wait_for_service(5s)
2:   Actual: false
2: Expected: true
2: 
2: [  FAILED  ] TestCijferService.test_average_calculation (5011 ms)
2: [ RUN      ] TestCijferService.test_wessel_bonus
2: /home/broodjesemih/ass_ros2_ws/src/g1_ass1_pkg/test/test_cijfer_service.cpp:47: Failure
2: Value of: client->wait_for_service(5s)
2:   Actual: false
2: Expected: true
2: 
2: [  FAILED  ] TestCijferService.test_wessel_bonus (5006 ms)
2: [ RUN      ] TestCijferService.test_max_clamp
2: /home/broodjesemih/ass_ros2_ws/src/g1_ass1_pkg/test/test_cijfer_service.cpp:68: Failure
2: Value of: client->wait_for_service(5s)
2:   Actual: false
2: Expected: true
2: 
2: [  FAILED  ] TestCijferService.test_max_clamp (5009 ms)
2: [ RUN      ] TestCijferService.test_min_clamp
2: /home/broodjesemih/ass_ros2_ws/src/g1_ass1_pkg/test/test_cijfer_service.cpp:89: Failure
2: Value of: client->wait_for_service(5s)
2:   Actual: false
2: Expected: true
2: 
2: [  FAILED  ] TestCijferService.test_min_clamp (5009 ms)
2: [ RUN      ] TestCijferService.test_empty_cijfers
2: /home/broodjesemih/ass_ros2_ws/src/g1_ass1_pkg/test/test_cijfer_service.cpp:110: Failure
2: Value of: client->wait_for_service(5s)
2:   Actual: false
2: Expected: true
2: 
2: [  FAILED  ] TestCijferService.test_empty_cijfers (5008 ms)
2: [----------] 5 tests from TestCijferService (25045 ms total)
2: 
2: [----------] Global test environment tear-down
2: [==========] 5 tests from 1 test suite ran. (25050 ms total)
2: [  PASSED  ] 0 tests.
2: [  FAILED  ] 5 tests, listed below:
2: [  FAILED  ] TestCijferService.test_average_calculation
2: [  FAILED  ] TestCijferService.test_wessel_bonus
2: [  FAILED  ] TestCijferService.test_max_clamp
2: [  FAILED  ] TestCijferService.test_min_clamp
2: [  FAILED  ] TestCijferService.test_empty_cijfers
2: 
2:  5 FAILED TESTS
2: -- run_test.py: return code 1
2: -- run_test.py: inject classname prefix into gtest result file '/home/broodjesemih/ass_ros2_ws/build/g1_ass1_pkg/test_results/g1_ass1_pkg/test_cijfer_service.gtest.xml'
2: -- run_test.py: verify result file '/home/broodjesemih/ass_ros2_ws/build/g1_ass1_pkg/test_results/g1_ass1_pkg/test_cijfer_service.gtest.xml'
 2/10 Test  #2: test_cijfer_service ..............***Failed   25.22 sec
test 3
      Start  3: test_tentamen_publisher

3: Test command: /usr/bin/python3 "-u" "/opt/ros/jazzy/share/ament_cmake_test/cmake/run_test.py" "/home/broodjesemih/ass_ros2_ws/build/g1_ass1_pkg/test_results/g1_ass1_pkg/test_tentamen_publisher.gtest.xml" "--package-name" "g1_ass1_pkg" "--output-file" "/home/broodjesemih/ass_ros2_ws/build/g1_ass1_pkg/ament_cmake_gtest/test_tentamen_publisher.txt" "--command" "/home/broodjesemih/ass_ros2_ws/build/g1_ass1_pkg/test_tentamen_publisher" "--gtest_output=xml:/home/broodjesemih/ass_ros2_ws/build/g1_ass1_pkg/test_results/g1_ass1_pkg/test_tentamen_publisher.gtest.xml"
3: Working Directory: /home/broodjesemih/ass_ros2_ws/build/g1_ass1_pkg
3: Test timeout computed to be: 60
3: -- run_test.py: invoking following command in '/home/broodjesemih/ass_ros2_ws/build/g1_ass1_pkg':
3:  - /home/broodjesemih/ass_ros2_ws/build/g1_ass1_pkg/test_tentamen_publisher --gtest_output=xml:/home/broodjesemih/ass_ros2_ws/build/g1_ass1_pkg/test_results/g1_ass1_pkg/test_tentamen_publisher.gtest.xml
3: [==========] Running 2 tests from 1 test suite.
3: [----------] Global test environment set-up.
3: [----------] 2 tests from TestTentamenPublisher
3: [ RUN      ] TestTentamenPublisher.test_tentamen_published
3: /home/broodjesemih/ass_ros2_ws/src/g1_ass1_pkg/test/test_tentamen_publisher.cpp:41: Failure
3: Value of: received
3:   Actual: false
3: Expected: true
3: No tentamen message received within timeout
3: 
3: [  FAILED  ] TestTentamenPublisher.test_tentamen_published (10047 ms)
3: [ RUN      ] TestTentamenPublisher.test_multiple_messages
3: /home/broodjesemih/ass_ros2_ws/src/g1_ass1_pkg/test/test_tentamen_publisher.cpp:66: Failure
3: Expected: (count) >= (1), actual: 0 vs 1
3: Should receive at least 1 message in 5 seconds
3: 
3: [  FAILED  ] TestTentamenPublisher.test_multiple_messages (5023 ms)
3: [----------] 2 tests from TestTentamenPublisher (15070 ms total)
3: 
3: [----------] Global test environment tear-down
3: [==========] 2 tests from 1 test suite ran. (15075 ms total)
3: [  PASSED  ] 0 tests.
3: [  FAILED  ] 2 tests, listed below:
3: [  FAILED  ] TestTentamenPublisher.test_tentamen_published
3: [  FAILED  ] TestTentamenPublisher.test_multiple_messages
3: 
3:  2 FAILED TESTS
3: -- run_test.py: return code 1
3: -- run_test.py: inject classname prefix into gtest result file '/home/broodjesemih/ass_ros2_ws/build/g1_ass1_pkg/test_results/g1_ass1_pkg/test_tentamen_publisher.gtest.xml'
3: -- run_test.py: verify result file '/home/broodjesemih/ass_ros2_ws/build/g1_ass1_pkg/test_results/g1_ass1_pkg/test_tentamen_publisher.gtest.xml'
 3/10 Test  #3: test_tentamen_publisher ..........***Failed   15.24 sec
test 4
      Start  4: test_final_cijfer_determinator

4: Test command: /usr/bin/python3 "-u" "/opt/ros/jazzy/share/ament_cmake_test/cmake/run_test.py" "/home/broodjesemih/ass_ros2_ws/build/g1_ass1_pkg/test_results/g1_ass1_pkg/test_final_cijfer_determinator.gtest.xml" "--package-name" "g1_ass1_pkg" "--output-file" "/home/broodjesemih/ass_ros2_ws/build/g1_ass1_pkg/ament_cmake_gtest/test_final_cijfer_determinator.txt" "--command" "/home/broodjesemih/ass_ros2_ws/build/g1_ass1_pkg/test_final_cijfer_determinator" "--gtest_output=xml:/home/broodjesemih/ass_ros2_ws/build/g1_ass1_pkg/test_results/g1_ass1_pkg/test_final_cijfer_determinator.gtest.xml"
4: Working Directory: /home/broodjesemih/ass_ros2_ws/build/g1_ass1_pkg
4: Test timeout computed to be: 60
4: -- run_test.py: invoking following command in '/home/broodjesemih/ass_ros2_ws/build/g1_ass1_pkg':
4:  - /home/broodjesemih/ass_ros2_ws/build/g1_ass1_pkg/test_final_cijfer_determinator --gtest_output=xml:/home/broodjesemih/ass_ros2_ws/build/g1_ass1_pkg/test_results/g1_ass1_pkg/test_final_cijfer_determinator.gtest.xml
4: [==========] Running 3 tests from 1 test suite.
4: [----------] Global test environment set-up.
4: [----------] 3 tests from TestFinalCijferDeterminator
4: [ RUN      ] TestFinalCijferDeterminator.test_subscription_active
4: /home/broodjesemih/ass_ros2_ws/src/g1_ass1_pkg/test/test_final_cijfer_determinator.cpp:29: Failure
4: Expected: (publisher->get_subscription_count()) >= (1), actual: 0 vs 1
4: final_cijfer_determinator should be subscribed
4: 
4: [  FAILED  ] TestFinalCijferDeterminator.test_subscription_active (513 ms)
4: [ RUN      ] TestFinalCijferDeterminator.test_tentamen_reception
4: /home/broodjesemih/ass_ros2_ws/src/g1_ass1_pkg/test/test_final_cijfer_determinator.cpp:70: Failure
4: Value of: found
4:   Actual: false
4: Expected: true
4: Database should contain entry for TestStudent/TestCourse
4: 
4: [  FAILED  ] TestFinalCijferDeterminator.test_tentamen_reception (2608 ms)
4: [ RUN      ] TestFinalCijferDeterminator.test_three_tentamen_threshold
4: [       OK ] TestFinalCijferDeterminator.test_three_tentamen_threshold (1704 ms)
4: [----------] 3 tests from TestFinalCijferDeterminator (4827 ms total)
4: 
4: [----------] Global test environment tear-down
4: [==========] 3 tests from 1 test suite ran. (4834 ms total)
4: [  PASSED  ] 1 test.
4: [  FAILED  ] 2 tests, listed below:
4: [  FAILED  ] TestFinalCijferDeterminator.test_subscription_active
4: [  FAILED  ] TestFinalCijferDeterminator.test_tentamen_reception
4: 
4:  2 FAILED TESTS
4: -- run_test.py: return code 1
4: -- run_test.py: inject classname prefix into gtest result file '/home/broodjesemih/ass_ros2_ws/build/g1_ass1_pkg/test_results/g1_ass1_pkg/test_final_cijfer_determinator.gtest.xml'
4: -- run_test.py: verify result file '/home/broodjesemih/ass_ros2_ws/build/g1_ass1_pkg/test_results/g1_ass1_pkg/test_final_cijfer_determinator.gtest.xml'
 4/10 Test  #4: test_final_cijfer_determinator ...***Failed    5.00 sec
test 5
      Start  5: cppcheck

5: Test command: /usr/bin/python3 "-u" "/opt/ros/jazzy/share/ament_cmake_test/cmake/run_test.py" "/home/broodjesemih/ass_ros2_ws/build/g1_ass1_pkg/test_results/g1_ass1_pkg/cppcheck.xunit.xml" "--package-name" "g1_ass1_pkg" "--output-file" "/home/broodjesemih/ass_ros2_ws/build/g1_ass1_pkg/ament_cppcheck/cppcheck.txt" "--command" "/opt/ros/jazzy/bin/ament_cppcheck" "--xunit-file" "/home/broodjesemih/ass_ros2_ws/build/g1_ass1_pkg/test_results/g1_ass1_pkg/cppcheck.xunit.xml"
5: Working Directory: /home/broodjesemih/ass_ros2_ws/src/g1_ass1_pkg
5: Test timeout computed to be: 300
5: -- run_test.py: invoking following command in '/home/broodjesemih/ass_ros2_ws/src/g1_ass1_pkg':
5:  - /opt/ros/jazzy/bin/ament_cppcheck --xunit-file /home/broodjesemih/ass_ros2_ws/build/g1_ass1_pkg/test_results/g1_ass1_pkg/cppcheck.xunit.xml
5: cppcheck 2.13.0 has known performance issues and therefore will not be used, set the AMENT_CPPCHECK_ALLOW_SLOW_VERSIONS environment variable to override this.
5: -- run_test.py: return code 0
5: -- run_test.py: verify result file '/home/broodjesemih/ass_ros2_ws/build/g1_ass1_pkg/test_results/g1_ass1_pkg/cppcheck.xunit.xml'
 5/10 Test  #5: cppcheck .........................   Passed    0.11 sec
test 6
      Start  6: flake8

6: Test command: /usr/bin/python3 "-u" "/opt/ros/jazzy/share/ament_cmake_test/cmake/run_test.py" "/home/broodjesemih/ass_ros2_ws/build/g1_ass1_pkg/test_results/g1_ass1_pkg/flake8.xunit.xml" "--package-name" "g1_ass1_pkg" "--output-file" "/home/broodjesemih/ass_ros2_ws/build/g1_ass1_pkg/ament_flake8/flake8.txt" "--command" "/opt/ros/jazzy/bin/ament_flake8" "--xunit-file" "/home/broodjesemih/ass_ros2_ws/build/g1_ass1_pkg/test_results/g1_ass1_pkg/flake8.xunit.xml"
6: Working Directory: /home/broodjesemih/ass_ros2_ws/src/g1_ass1_pkg
6: Test timeout computed to be: 60
6: -- run_test.py: invoking following command in '/home/broodjesemih/ass_ros2_ws/src/g1_ass1_pkg':
6:  - /opt/ros/jazzy/bin/ament_flake8 --xunit-file /home/broodjesemih/ass_ros2_ws/build/g1_ass1_pkg/test_results/g1_ass1_pkg/flake8.xunit.xml
6: 
6: 2 files checked
6: No problems found
6: 
6: Checked files:
6: 
6: * ./install/_local_setup_util_sh.py
6: * ./install/_local_setup_util_ps1.py
6: -- run_test.py: return code 0
6: -- run_test.py: verify result file '/home/broodjesemih/ass_ros2_ws/build/g1_ass1_pkg/test_results/g1_ass1_pkg/flake8.xunit.xml'
 6/10 Test  #6: flake8 ...........................   Passed    0.27 sec
test 7
      Start  7: lint_cmake

7: Test command: /usr/bin/python3 "-u" "/opt/ros/jazzy/share/ament_cmake_test/cmake/run_test.py" "/home/broodjesemih/ass_ros2_ws/build/g1_ass1_pkg/test_results/g1_ass1_pkg/lint_cmake.xunit.xml" "--package-name" "g1_ass1_pkg" "--output-file" "/home/broodjesemih/ass_ros2_ws/build/g1_ass1_pkg/ament_lint_cmake/lint_cmake.txt" "--command" "/opt/ros/jazzy/bin/ament_lint_cmake" "--xunit-file" "/home/broodjesemih/ass_ros2_ws/build/g1_ass1_pkg/test_results/g1_ass1_pkg/lint_cmake.xunit.xml"
7: Working Directory: /home/broodjesemih/ass_ros2_ws/src/g1_ass1_pkg
7: Test timeout computed to be: 60
7: -- run_test.py: invoking following command in '/home/broodjesemih/ass_ros2_ws/src/g1_ass1_pkg':
7:  - /opt/ros/jazzy/bin/ament_lint_cmake --xunit-file /home/broodjesemih/ass_ros2_ws/build/g1_ass1_pkg/test_results/g1_ass1_pkg/lint_cmake.xunit.xml
7: 
7: No problems found
7: -- run_test.py: return code 0
7: -- run_test.py: verify result file '/home/broodjesemih/ass_ros2_ws/build/g1_ass1_pkg/test_results/g1_ass1_pkg/lint_cmake.xunit.xml'
 7/10 Test  #7: lint_cmake .......................   Passed    0.10 sec
test 8
      Start  8: pep257

8: Test command: /usr/bin/python3 "-u" "/opt/ros/jazzy/share/ament_cmake_test/cmake/run_test.py" "/home/broodjesemih/ass_ros2_ws/build/g1_ass1_pkg/test_results/g1_ass1_pkg/pep257.xunit.xml" "--package-name" "g1_ass1_pkg" "--output-file" "/home/broodjesemih/ass_ros2_ws/build/g1_ass1_pkg/ament_pep257/pep257.txt" "--command" "/opt/ros/jazzy/bin/ament_pep257" "--xunit-file" "/home/broodjesemih/ass_ros2_ws/build/g1_ass1_pkg/test_results/g1_ass1_pkg/pep257.xunit.xml"
8: Working Directory: /home/broodjesemih/ass_ros2_ws/src/g1_ass1_pkg
8: Test timeout computed to be: 60
8: -- run_test.py: invoking following command in '/home/broodjesemih/ass_ros2_ws/src/g1_ass1_pkg':
8:  - /opt/ros/jazzy/bin/ament_pep257 --xunit-file /home/broodjesemih/ass_ros2_ws/build/g1_ass1_pkg/test_results/g1_ass1_pkg/pep257.xunit.xml
8: checking ./install/_local_setup_util_ps1.py
8: checking ./install/_local_setup_util_sh.py
8: No problems found
8: -- run_test.py: return code 0
8: -- run_test.py: verify result file '/home/broodjesemih/ass_ros2_ws/build/g1_ass1_pkg/test_results/g1_ass1_pkg/pep257.xunit.xml'
 8/10 Test  #8: pep257 ...........................   Passed    0.16 sec
test 9
      Start  9: uncrustify

9: Test command: /usr/bin/python3 "-u" "/opt/ros/jazzy/share/ament_cmake_test/cmake/run_test.py" "/home/broodjesemih/ass_ros2_ws/build/g1_ass1_pkg/test_results/g1_ass1_pkg/uncrustify.xunit.xml" "--package-name" "g1_ass1_pkg" "--output-file" "/home/broodjesemih/ass_ros2_ws/build/g1_ass1_pkg/ament_uncrustify/uncrustify.txt" "--command" "/opt/ros/jazzy/bin/ament_uncrustify" "--xunit-file" "/home/broodjesemih/ass_ros2_ws/build/g1_ass1_pkg/test_results/g1_ass1_pkg/uncrustify.xunit.xml"
9: Working Directory: /home/broodjesemih/ass_ros2_ws/src/g1_ass1_pkg
9: Test timeout computed to be: 60
9: -- run_test.py: invoking following command in '/home/broodjesemih/ass_ros2_ws/src/g1_ass1_pkg':
9:  - /opt/ros/jazzy/bin/ament_uncrustify --xunit-file /home/broodjesemih/ass_ros2_ws/build/g1_ass1_pkg/test_results/g1_ass1_pkg/uncrustify.xunit.xml
9: No code style divergence in file 'src/cijfer_calculator.cpp'
9: 
9: No code style divergence in file 'src/final_cijfer_determinator.cpp'
9: 
9: No code style divergence in file 'src/herkansing_cijfer_determinator.cpp'
9: 
9: No code style divergence in file 'src/herkansing_scheduler.cpp'
9: 
9: No code style divergence in file 'src/tentamen_result_generator.cpp'
9: 
9: No code style divergence in file 'test/test_cijfer_calculator.cpp'
9: 
9: No code style divergence in file 'test/test_cijfer_service.cpp'
9: 
9: No code style divergence in file 'test/test_final_cijfer_determinator.cpp'
9: 
9: No code style divergence in file 'test/test_tentamen_publisher.cpp'
9: 
9: No problems found
9: -- run_test.py: return code 0
9: -- run_test.py: verify result file '/home/broodjesemih/ass_ros2_ws/build/g1_ass1_pkg/test_results/g1_ass1_pkg/uncrustify.xunit.xml'
 9/10 Test  #9: uncrustify .......................   Passed    0.13 sec
test 10
      Start 10: xmllint

10: Test command: /usr/bin/python3 "-u" "/opt/ros/jazzy/share/ament_cmake_test/cmake/run_test.py" "/home/broodjesemih/ass_ros2_ws/build/g1_ass1_pkg/test_results/g1_ass1_pkg/xmllint.xunit.xml" "--package-name" "g1_ass1_pkg" "--output-file" "/home/broodjesemih/ass_ros2_ws/build/g1_ass1_pkg/ament_xmllint/xmllint.txt" "--command" "/opt/ros/jazzy/bin/ament_xmllint" "--xunit-file" "/home/broodjesemih/ass_ros2_ws/build/g1_ass1_pkg/test_results/g1_ass1_pkg/xmllint.xunit.xml"
10: Working Directory: /home/broodjesemih/ass_ros2_ws/src/g1_ass1_pkg
10: Test timeout computed to be: 60
10: -- run_test.py: invoking following command in '/home/broodjesemih/ass_ros2_ws/src/g1_ass1_pkg':
10:  - /opt/ros/jazzy/bin/ament_xmllint --xunit-file /home/broodjesemih/ass_ros2_ws/build/g1_ass1_pkg/test_results/g1_ass1_pkg/xmllint.xunit.xml
10: File 'package.xml' is valid
10: 
10: File 'install/g1_ass1_pkg/share/g1_ass1_pkg/package.xml' is valid
10: 
10: No problems found
10: -- run_test.py: return code 0
10: -- run_test.py: verify result file '/home/broodjesemih/ass_ros2_ws/build/g1_ass1_pkg/test_results/g1_ass1_pkg/xmllint.xunit.xml'
10/10 Test #10: xmllint ..........................   Passed    0.11 sec

70% tests passed[0;0m, [0;31m3 tests failed[0;0m out of 10

Label Time Summary:
cppcheck      =   0.11 sec*proc (1 test)
flake8        =   0.27 sec*proc (1 test)
gtest         =  45.51 sec*proc (4 tests)
lint_cmake    =   0.10 sec*proc (1 test)
linter        =   0.87 sec*proc (6 tests)
pep257        =   0.16 sec*proc (1 test)
uncrustify    =   0.13 sec*proc (1 test)
xmllint       =   0.11 sec*proc (1 test)

Total Test time (real) =  46.38 sec

The following tests FAILED:
	[0;31m  2 - test_cijfer_service (Failed)[0;0m
	[0;31m  3 - test_tentamen_publisher (Failed)[0;0m
	[0;31m  4 - test_final_cijfer_determinator (Failed)[0;0m
Errors while running CTest
Output from these tests are in: /home/broodjesemih/ass_ros2_ws/build/g1_ass1_pkg/Testing/Temporary/LastTest.log
Use "--rerun-failed --output-on-failure" to re-run the failed cases verbosely.
