[0.020s] Invoking command in '/home/broodjesemih/ass_ros2_ws/build/g1_ass1_pkg': CMAKE_PREFIX_PATH=/home/broodjesemih/ass_ros2_ws/install/g1_ass1_pkg:/home/broodjesemih/ass_ros2_ws/install/g1_interface_pkg:/home/broodjesemih/minor_ws/install/robot_moveit_config:/home/broodjesemih/minor_ws/install/robot_description:/home/broodjesemih/minor_ws/install/robot_commander:/home/broodjesemih/minor_ws/install/robot_bringup:/home/broodjesemih/homework_ws/install/hw_pkg:/home/broodjesemih/homework_ws/install/broodje_interfaces:/home/broodjesemih/ros2_ws/install/templates_interfaces:/home/broodjesemih/ros2_ws/install/les_pkg:/home/broodjesemih/ros2_ws/install/my_robot_interfaces:/home/broodjesemih/les_ws-main/install/robot_moveit_config:/home/broodjesemih/les_ws-main/install/robot_description:/home/broodjesemih/les_ws-main/install/robot_commander:/home/broodjesemih/les_ws-main/install/robot_bringup:/home/broodjesemih/les_ws-main/install/les_pkg:/home/broodjesemih/les_ws-main/install/my_interfaces:/opt/ros/jazzy/opt/gz_sim_vendor:/opt/ros/jazzy/opt/gz_sensors_vendor:/opt/ros/jazzy/opt/gz_physics_vendor:/opt/ros/jazzy/opt/sdformat_vendor:/opt/ros/jazzy/opt/gz_gui_vendor:/opt/ros/jazzy/opt/gz_transport_vendor:/opt/ros/jazzy/opt/gz_rendering_vendor:/opt/ros/jazzy/opt/gz_plugin_vendor:/opt/ros/jazzy/opt/gz_fuel_tools_vendor:/opt/ros/jazzy/opt/gz_msgs_vendor:/opt/ros/jazzy/opt/gz_common_vendor:/opt/ros/jazzy/opt/gz_math_vendor:/opt/ros/jazzy/opt/gz_utils_vendor:/opt/ros/jazzy/opt/gz_tools_vendor:/opt/ros/jazzy/opt/gz_ogre_next_vendor:/opt/ros/jazzy/opt/gz_dartsim_vendor:/opt/ros/jazzy/opt/gz_cmake_vendor DEBUGINFOD_URLS=https://debuginfod.ubuntu.com /usr/bin/ctest -C Release -D ExperimentalTest --no-compress-output -V --force-new-ctest-process
[0.027s] UpdateCTestConfiguration  from :/home/broodjesemih/ass_ros2_ws/build/g1_ass1_pkg/CTestConfiguration.ini
[0.027s] Parse Config file:/home/broodjesemih/ass_ros2_ws/build/g1_ass1_pkg/CTestConfiguration.ini
[0.027s]    Site: xubuntu
[0.027s]    Build name: (empty)
[0.027s]  Add coverage exclude regular expressions.
[0.027s] Create new tag: 20251006-1329 - Experimental
[0.027s] UpdateCTestConfiguration  from :/home/broodjesemih/ass_ros2_ws/build/g1_ass1_pkg/CTestConfiguration.ini
[0.027s] Parse Config file:/home/broodjesemih/ass_ros2_ws/build/g1_ass1_pkg/CTestConfiguration.ini
[0.027s] Test project /home/broodjesemih/ass_ros2_ws/build/g1_ass1_pkg
[0.027s] Constructing a list of tests
[0.027s] Done constructing a list of tests
[0.027s] Updating test list for fixtures
[0.027s] Added 0 tests to meet fixture requirements
[0.027s] Checking test dependency graph...
[0.027s] Checking test dependency graph end
[0.028s] test 1
[0.028s]       Start  1: test_cijfer_calculator
[0.028s] 
[0.028s] 1: Test command: /usr/bin/python3 "-u" "/opt/ros/jazzy/share/ament_cmake_test/cmake/run_test.py" "/home/broodjesemih/ass_ros2_ws/build/g1_ass1_pkg/test_results/g1_ass1_pkg/test_cijfer_calculator.gtest.xml" "--package-name" "g1_ass1_pkg" "--output-file" "/home/broodjesemih/ass_ros2_ws/build/g1_ass1_pkg/ament_cmake_gtest/test_cijfer_calculator.txt" "--command" "/home/broodjesemih/ass_ros2_ws/build/g1_ass1_pkg/test_cijfer_calculator" "--gtest_output=xml:/home/broodjesemih/ass_ros2_ws/build/g1_ass1_pkg/test_results/g1_ass1_pkg/test_cijfer_calculator.gtest.xml"
[0.028s] 1: Working Directory: /home/broodjesemih/ass_ros2_ws/build/g1_ass1_pkg
[0.028s] 1: Test timeout computed to be: 60
[0.065s] 1: -- run_test.py: invoking following command in '/home/broodjesemih/ass_ros2_ws/build/g1_ass1_pkg':
[0.065s] 1:  - /home/broodjesemih/ass_ros2_ws/build/g1_ass1_pkg/test_cijfer_calculator --gtest_output=xml:/home/broodjesemih/ass_ros2_ws/build/g1_ass1_pkg/test_results/g1_ass1_pkg/test_cijfer_calculator.gtest.xml
[0.067s] 1: [==========] Running 1 test from 1 test suite.
[0.067s] 1: [----------] Global test environment set-up.
[0.067s] 1: [----------] 1 test from TestSuite
[0.067s] 1: [ RUN      ] TestSuite.test_example
[0.067s] 1: [       OK ] TestSuite.test_example (0 ms)
[0.067s] 1: [----------] 1 test from TestSuite (0 ms total)
[0.068s] 1: 
[0.068s] 1: [----------] Global test environment tear-down
[0.068s] 1: [==========] 1 test from 1 test suite ran. (0 ms total)
[0.068s] 1: [  PASSED  ] 1 test.
[0.068s] 1: -- run_test.py: return code 0
[0.068s] 1: -- run_test.py: inject classname prefix into gtest result file '/home/broodjesemih/ass_ros2_ws/build/g1_ass1_pkg/test_results/g1_ass1_pkg/test_cijfer_calculator.gtest.xml'
[0.068s] 1: -- run_test.py: verify result file '/home/broodjesemih/ass_ros2_ws/build/g1_ass1_pkg/test_results/g1_ass1_pkg/test_cijfer_calculator.gtest.xml'
[0.077s]  1/10 Test  #1: test_cijfer_calculator ...........   Passed    0.05 sec
[0.077s] test 2
[0.077s]       Start  2: test_cijfer_service
[0.077s] 
[0.077s] 2: Test command: /usr/bin/python3 "-u" "/opt/ros/jazzy/share/ament_cmake_test/cmake/run_test.py" "/home/broodjesemih/ass_ros2_ws/build/g1_ass1_pkg/test_results/g1_ass1_pkg/test_cijfer_service.gtest.xml" "--package-name" "g1_ass1_pkg" "--output-file" "/home/broodjesemih/ass_ros2_ws/build/g1_ass1_pkg/ament_cmake_gtest/test_cijfer_service.txt" "--command" "/home/broodjesemih/ass_ros2_ws/build/g1_ass1_pkg/test_cijfer_service" "--gtest_output=xml:/home/broodjesemih/ass_ros2_ws/build/g1_ass1_pkg/test_results/g1_ass1_pkg/test_cijfer_service.gtest.xml"
[0.077s] 2: Working Directory: /home/broodjesemih/ass_ros2_ws/build/g1_ass1_pkg
[0.077s] 2: Test timeout computed to be: 60
[0.115s] 2: -- run_test.py: invoking following command in '/home/broodjesemih/ass_ros2_ws/build/g1_ass1_pkg':
[0.115s] 2:  - /home/broodjesemih/ass_ros2_ws/build/g1_ass1_pkg/test_cijfer_service --gtest_output=xml:/home/broodjesemih/ass_ros2_ws/build/g1_ass1_pkg/test_results/g1_ass1_pkg/test_cijfer_service.gtest.xml
[0.122s] 2: [==========] Running 5 tests from 1 test suite.
[0.122s] 2: [----------] Global test environment set-up.
[0.122s] 2: [----------] 5 tests from TestCijferService
[0.126s] 2: [ RUN      ] TestCijferService.test_average_calculation
[5.134s] 2: /home/broodjesemih/ass_ros2_ws/src/g1_ass1_pkg/test/test_cijfer_service.cpp:25: Failure
[5.134s] 2: Value of: client->wait_for_service(5s)
[5.134s] 2:   Actual: false
[5.135s] 2: Expected: true
[5.135s] 2: 
[5.138s] 2: [  FAILED  ] TestCijferService.test_average_calculation (5011 ms)
[5.138s] 2: [ RUN      ] TestCijferService.test_wessel_bonus
[10.141s] 2: /home/broodjesemih/ass_ros2_ws/src/g1_ass1_pkg/test/test_cijfer_service.cpp:47: Failure
[10.142s] 2: Value of: client->wait_for_service(5s)
[10.142s] 2:   Actual: false
[10.142s] 2: Expected: true
[10.142s] 2: 
[10.144s] 2: [  FAILED  ] TestCijferService.test_wessel_bonus (5006 ms)
[10.144s] 2: [ RUN      ] TestCijferService.test_max_clamp
[15.150s] 2: /home/broodjesemih/ass_ros2_ws/src/g1_ass1_pkg/test/test_cijfer_service.cpp:68: Failure
[15.150s] 2: Value of: client->wait_for_service(5s)
[15.150s] 2:   Actual: false
[15.150s] 2: Expected: true
[15.150s] 2: 
[15.154s] 2: [  FAILED  ] TestCijferService.test_max_clamp (5009 ms)
[15.154s] 2: [ RUN      ] TestCijferService.test_min_clamp
[20.160s] 2: /home/broodjesemih/ass_ros2_ws/src/g1_ass1_pkg/test/test_cijfer_service.cpp:89: Failure
[20.160s] 2: Value of: client->wait_for_service(5s)
[20.160s] 2:   Actual: false
[20.161s] 2: Expected: true
[20.161s] 2: 
[20.163s] 2: [  FAILED  ] TestCijferService.test_min_clamp (5009 ms)
[20.164s] 2: [ RUN      ] TestCijferService.test_empty_cijfers
[25.169s] 2: /home/broodjesemih/ass_ros2_ws/src/g1_ass1_pkg/test/test_cijfer_service.cpp:110: Failure
[25.169s] 2: Value of: client->wait_for_service(5s)
[25.169s] 2:   Actual: false
[25.169s] 2: Expected: true
[25.169s] 2: 
[25.172s] 2: [  FAILED  ] TestCijferService.test_empty_cijfers (5008 ms)
[25.172s] 2: [----------] 5 tests from TestCijferService (25045 ms total)
[25.172s] 2: 
[25.173s] 2: [----------] Global test environment tear-down
[25.173s] 2: [==========] 5 tests from 1 test suite ran. (25050 ms total)
[25.173s] 2: [  PASSED  ] 0 tests.
[25.173s] 2: [  FAILED  ] 5 tests, listed below:
[25.173s] 2: [  FAILED  ] TestCijferService.test_average_calculation
[25.173s] 2: [  FAILED  ] TestCijferService.test_wessel_bonus
[25.173s] 2: [  FAILED  ] TestCijferService.test_max_clamp
[25.174s] 2: [  FAILED  ] TestCijferService.test_min_clamp
[25.174s] 2: [  FAILED  ] TestCijferService.test_empty_cijfers
[25.174s] 2: 
[25.174s] 2:  5 FAILED TESTS
[25.278s] 2: -- run_test.py: return code 1
[25.278s] 2: -- run_test.py: inject classname prefix into gtest result file '/home/broodjesemih/ass_ros2_ws/build/g1_ass1_pkg/test_results/g1_ass1_pkg/test_cijfer_service.gtest.xml'
[25.279s] 2: -- run_test.py: verify result file '/home/broodjesemih/ass_ros2_ws/build/g1_ass1_pkg/test_results/g1_ass1_pkg/test_cijfer_service.gtest.xml'
[25.293s]  2/10 Test  #2: test_cijfer_service ..............***Failed   25.22 sec
[25.293s] test 3
[25.293s]       Start  3: test_tentamen_publisher
[25.293s] 
[25.293s] 3: Test command: /usr/bin/python3 "-u" "/opt/ros/jazzy/share/ament_cmake_test/cmake/run_test.py" "/home/broodjesemih/ass_ros2_ws/build/g1_ass1_pkg/test_results/g1_ass1_pkg/test_tentamen_publisher.gtest.xml" "--package-name" "g1_ass1_pkg" "--output-file" "/home/broodjesemih/ass_ros2_ws/build/g1_ass1_pkg/ament_cmake_gtest/test_tentamen_publisher.txt" "--command" "/home/broodjesemih/ass_ros2_ws/build/g1_ass1_pkg/test_tentamen_publisher" "--gtest_output=xml:/home/broodjesemih/ass_ros2_ws/build/g1_ass1_pkg/test_results/g1_ass1_pkg/test_tentamen_publisher.gtest.xml"
[25.293s] 3: Working Directory: /home/broodjesemih/ass_ros2_ws/build/g1_ass1_pkg
[25.293s] 3: Test timeout computed to be: 60
[25.333s] 3: -- run_test.py: invoking following command in '/home/broodjesemih/ass_ros2_ws/build/g1_ass1_pkg':
[25.333s] 3:  - /home/broodjesemih/ass_ros2_ws/build/g1_ass1_pkg/test_tentamen_publisher --gtest_output=xml:/home/broodjesemih/ass_ros2_ws/build/g1_ass1_pkg/test_results/g1_ass1_pkg/test_tentamen_publisher.gtest.xml
[25.342s] 3: [==========] Running 2 tests from 1 test suite.
[25.342s] 3: [----------] Global test environment set-up.
[25.342s] 3: [----------] 2 tests from TestTentamenPublisher
[25.346s] 3: [ RUN      ] TestTentamenPublisher.test_tentamen_published
[35.391s] 3: /home/broodjesemih/ass_ros2_ws/src/g1_ass1_pkg/test/test_tentamen_publisher.cpp:41: Failure
[35.391s] 3: Value of: received
[35.391s] 3:   Actual: false
[35.391s] 3: Expected: true
[35.391s] 3: No tentamen message received within timeout
[35.391s] 3: 
[35.393s] 3: [  FAILED  ] TestTentamenPublisher.test_tentamen_published (10047 ms)
[35.393s] 3: [ RUN      ] TestTentamenPublisher.test_multiple_messages
[40.414s] 3: /home/broodjesemih/ass_ros2_ws/src/g1_ass1_pkg/test/test_tentamen_publisher.cpp:66: Failure
[40.414s] 3: Expected: (count) >= (1), actual: 0 vs 1
[40.414s] 3: Should receive at least 1 message in 5 seconds
[40.414s] 3: 
[40.417s] 3: [  FAILED  ] TestTentamenPublisher.test_multiple_messages (5023 ms)
[40.417s] 3: [----------] 2 tests from TestTentamenPublisher (15070 ms total)
[40.417s] 3: 
[40.418s] 3: [----------] Global test environment tear-down
[40.418s] 3: [==========] 2 tests from 1 test suite ran. (15075 ms total)
[40.418s] 3: [  PASSED  ] 0 tests.
[40.418s] 3: [  FAILED  ] 2 tests, listed below:
[40.418s] 3: [  FAILED  ] TestTentamenPublisher.test_tentamen_published
[40.418s] 3: [  FAILED  ] TestTentamenPublisher.test_multiple_messages
[40.418s] 3: 
[40.418s] 3:  2 FAILED TESTS
[40.524s] 3: -- run_test.py: return code 1
[40.524s] 3: -- run_test.py: inject classname prefix into gtest result file '/home/broodjesemih/ass_ros2_ws/build/g1_ass1_pkg/test_results/g1_ass1_pkg/test_tentamen_publisher.gtest.xml'
[40.524s] 3: -- run_test.py: verify result file '/home/broodjesemih/ass_ros2_ws/build/g1_ass1_pkg/test_results/g1_ass1_pkg/test_tentamen_publisher.gtest.xml'
[40.535s]  3/10 Test  #3: test_tentamen_publisher ..........***Failed   15.24 sec
[40.535s] test 4
[40.535s]       Start  4: test_final_cijfer_determinator
[40.535s] 
[40.535s] 4: Test command: /usr/bin/python3 "-u" "/opt/ros/jazzy/share/ament_cmake_test/cmake/run_test.py" "/home/broodjesemih/ass_ros2_ws/build/g1_ass1_pkg/test_results/g1_ass1_pkg/test_final_cijfer_determinator.gtest.xml" "--package-name" "g1_ass1_pkg" "--output-file" "/home/broodjesemih/ass_ros2_ws/build/g1_ass1_pkg/ament_cmake_gtest/test_final_cijfer_determinator.txt" "--command" "/home/broodjesemih/ass_ros2_ws/build/g1_ass1_pkg/test_final_cijfer_determinator" "--gtest_output=xml:/home/broodjesemih/ass_ros2_ws/build/g1_ass1_pkg/test_results/g1_ass1_pkg/test_final_cijfer_determinator.gtest.xml"
[40.535s] 4: Working Directory: /home/broodjesemih/ass_ros2_ws/build/g1_ass1_pkg
[40.535s] 4: Test timeout computed to be: 60
[40.576s] 4: -- run_test.py: invoking following command in '/home/broodjesemih/ass_ros2_ws/build/g1_ass1_pkg':
[40.576s] 4:  - /home/broodjesemih/ass_ros2_ws/build/g1_ass1_pkg/test_final_cijfer_determinator --gtest_output=xml:/home/broodjesemih/ass_ros2_ws/build/g1_ass1_pkg/test_results/g1_ass1_pkg/test_final_cijfer_determinator.gtest.xml
[40.586s] 4: [==========] Running 3 tests from 1 test suite.
[40.586s] 4: [----------] Global test environment set-up.
[40.586s] 4: [----------] 3 tests from TestFinalCijferDeterminator
[40.593s] 4: [ RUN      ] TestFinalCijferDeterminator.test_subscription_active
[41.104s] 4: /home/broodjesemih/ass_ros2_ws/src/g1_ass1_pkg/test/test_final_cijfer_determinator.cpp:29: Failure
[41.104s] 4: Expected: (publisher->get_subscription_count()) >= (1), actual: 0 vs 1
[41.104s] 4: final_cijfer_determinator should be subscribed
[41.104s] 4: 
[41.107s] 4: [  FAILED  ] TestFinalCijferDeterminator.test_subscription_active (513 ms)
[41.107s] 4: [ RUN      ] TestFinalCijferDeterminator.test_tentamen_reception
[43.713s] 4: /home/broodjesemih/ass_ros2_ws/src/g1_ass1_pkg/test/test_final_cijfer_determinator.cpp:70: Failure
[43.713s] 4: Value of: found
[43.713s] 4:   Actual: false
[43.714s] 4: Expected: true
[43.714s] 4: Database should contain entry for TestStudent/TestCourse
[43.714s] 4: 
[43.715s] 4: [  FAILED  ] TestFinalCijferDeterminator.test_tentamen_reception (2608 ms)
[43.715s] 4: [ RUN      ] TestFinalCijferDeterminator.test_three_tentamen_threshold
[45.420s] 4: [       OK ] TestFinalCijferDeterminator.test_three_tentamen_threshold (1704 ms)
[45.420s] 4: [----------] 3 tests from TestFinalCijferDeterminator (4827 ms total)
[45.421s] 4: 
[45.421s] 4: [----------] Global test environment tear-down
[45.421s] 4: [==========] 3 tests from 1 test suite ran. (4834 ms total)
[45.421s] 4: [  PASSED  ] 1 test.
[45.421s] 4: [  FAILED  ] 2 tests, listed below:
[45.421s] 4: [  FAILED  ] TestFinalCijferDeterminator.test_subscription_active
[45.421s] 4: [  FAILED  ] TestFinalCijferDeterminator.test_tentamen_reception
[45.421s] 4: 
[45.421s] 4:  2 FAILED TESTS
[45.525s] 4: -- run_test.py: return code 1
[45.525s] 4: -- run_test.py: inject classname prefix into gtest result file '/home/broodjesemih/ass_ros2_ws/build/g1_ass1_pkg/test_results/g1_ass1_pkg/test_final_cijfer_determinator.gtest.xml'
[45.526s] 4: -- run_test.py: verify result file '/home/broodjesemih/ass_ros2_ws/build/g1_ass1_pkg/test_results/g1_ass1_pkg/test_final_cijfer_determinator.gtest.xml'
[45.534s]  4/10 Test  #4: test_final_cijfer_determinator ...***Failed    5.00 sec
[45.534s] test 5
[45.534s]       Start  5: cppcheck
[45.534s] 
[45.534s] 5: Test command: /usr/bin/python3 "-u" "/opt/ros/jazzy/share/ament_cmake_test/cmake/run_test.py" "/home/broodjesemih/ass_ros2_ws/build/g1_ass1_pkg/test_results/g1_ass1_pkg/cppcheck.xunit.xml" "--package-name" "g1_ass1_pkg" "--output-file" "/home/broodjesemih/ass_ros2_ws/build/g1_ass1_pkg/ament_cppcheck/cppcheck.txt" "--command" "/opt/ros/jazzy/bin/ament_cppcheck" "--xunit-file" "/home/broodjesemih/ass_ros2_ws/build/g1_ass1_pkg/test_results/g1_ass1_pkg/cppcheck.xunit.xml"
[45.534s] 5: Working Directory: /home/broodjesemih/ass_ros2_ws/src/g1_ass1_pkg
[45.534s] 5: Test timeout computed to be: 300
[45.572s] 5: -- run_test.py: invoking following command in '/home/broodjesemih/ass_ros2_ws/src/g1_ass1_pkg':
[45.572s] 5:  - /opt/ros/jazzy/bin/ament_cppcheck --xunit-file /home/broodjesemih/ass_ros2_ws/build/g1_ass1_pkg/test_results/g1_ass1_pkg/cppcheck.xunit.xml
[45.623s] 5: cppcheck 2.13.0 has known performance issues and therefore will not be used, set the AMENT_CPPCHECK_ALLOW_SLOW_VERSIONS environment variable to override this.
[45.633s] 5: -- run_test.py: return code 0
[45.633s] 5: -- run_test.py: verify result file '/home/broodjesemih/ass_ros2_ws/build/g1_ass1_pkg/test_results/g1_ass1_pkg/cppcheck.xunit.xml'
[45.640s]  5/10 Test  #5: cppcheck .........................   Passed    0.11 sec
[45.640s] test 6
[45.640s]       Start  6: flake8
[45.640s] 
[45.640s] 6: Test command: /usr/bin/python3 "-u" "/opt/ros/jazzy/share/ament_cmake_test/cmake/run_test.py" "/home/broodjesemih/ass_ros2_ws/build/g1_ass1_pkg/test_results/g1_ass1_pkg/flake8.xunit.xml" "--package-name" "g1_ass1_pkg" "--output-file" "/home/broodjesemih/ass_ros2_ws/build/g1_ass1_pkg/ament_flake8/flake8.txt" "--command" "/opt/ros/jazzy/bin/ament_flake8" "--xunit-file" "/home/broodjesemih/ass_ros2_ws/build/g1_ass1_pkg/test_results/g1_ass1_pkg/flake8.xunit.xml"
[45.640s] 6: Working Directory: /home/broodjesemih/ass_ros2_ws/src/g1_ass1_pkg
[45.640s] 6: Test timeout computed to be: 60
[45.678s] 6: -- run_test.py: invoking following command in '/home/broodjesemih/ass_ros2_ws/src/g1_ass1_pkg':
[45.678s] 6:  - /opt/ros/jazzy/bin/ament_flake8 --xunit-file /home/broodjesemih/ass_ros2_ws/build/g1_ass1_pkg/test_results/g1_ass1_pkg/flake8.xunit.xml
[45.878s] 6: 
[45.878s] 6: 2 files checked
[45.878s] 6: No problems found
[45.878s] 6: 
[45.878s] 6: Checked files:
[45.878s] 6: 
[45.878s] 6: * ./install/_local_setup_util_sh.py
[45.879s] 6: * ./install/_local_setup_util_ps1.py
[45.898s] 6: -- run_test.py: return code 0
[45.898s] 6: -- run_test.py: verify result file '/home/broodjesemih/ass_ros2_ws/build/g1_ass1_pkg/test_results/g1_ass1_pkg/flake8.xunit.xml'
[45.905s]  6/10 Test  #6: flake8 ...........................   Passed    0.27 sec
[45.905s] test 7
[45.905s]       Start  7: lint_cmake
[45.905s] 
[45.905s] 7: Test command: /usr/bin/python3 "-u" "/opt/ros/jazzy/share/ament_cmake_test/cmake/run_test.py" "/home/broodjesemih/ass_ros2_ws/build/g1_ass1_pkg/test_results/g1_ass1_pkg/lint_cmake.xunit.xml" "--package-name" "g1_ass1_pkg" "--output-file" "/home/broodjesemih/ass_ros2_ws/build/g1_ass1_pkg/ament_lint_cmake/lint_cmake.txt" "--command" "/opt/ros/jazzy/bin/ament_lint_cmake" "--xunit-file" "/home/broodjesemih/ass_ros2_ws/build/g1_ass1_pkg/test_results/g1_ass1_pkg/lint_cmake.xunit.xml"
[45.905s] 7: Working Directory: /home/broodjesemih/ass_ros2_ws/src/g1_ass1_pkg
[45.905s] 7: Test timeout computed to be: 60
[45.946s] 7: -- run_test.py: invoking following command in '/home/broodjesemih/ass_ros2_ws/src/g1_ass1_pkg':
[45.946s] 7:  - /opt/ros/jazzy/bin/ament_lint_cmake --xunit-file /home/broodjesemih/ass_ros2_ws/build/g1_ass1_pkg/test_results/g1_ass1_pkg/lint_cmake.xunit.xml
[45.995s] 7: 
[45.995s] 7: No problems found
[46.003s] 7: -- run_test.py: return code 0
[46.003s] 7: -- run_test.py: verify result file '/home/broodjesemih/ass_ros2_ws/build/g1_ass1_pkg/test_results/g1_ass1_pkg/lint_cmake.xunit.xml'
[46.009s]  7/10 Test  #7: lint_cmake .......................   Passed    0.10 sec
[46.009s] test 8
[46.009s]       Start  8: pep257
[46.009s] 
[46.009s] 8: Test command: /usr/bin/python3 "-u" "/opt/ros/jazzy/share/ament_cmake_test/cmake/run_test.py" "/home/broodjesemih/ass_ros2_ws/build/g1_ass1_pkg/test_results/g1_ass1_pkg/pep257.xunit.xml" "--package-name" "g1_ass1_pkg" "--output-file" "/home/broodjesemih/ass_ros2_ws/build/g1_ass1_pkg/ament_pep257/pep257.txt" "--command" "/opt/ros/jazzy/bin/ament_pep257" "--xunit-file" "/home/broodjesemih/ass_ros2_ws/build/g1_ass1_pkg/test_results/g1_ass1_pkg/pep257.xunit.xml"
[46.009s] 8: Working Directory: /home/broodjesemih/ass_ros2_ws/src/g1_ass1_pkg
[46.009s] 8: Test timeout computed to be: 60
[46.047s] 8: -- run_test.py: invoking following command in '/home/broodjesemih/ass_ros2_ws/src/g1_ass1_pkg':
[46.047s] 8:  - /opt/ros/jazzy/bin/ament_pep257 --xunit-file /home/broodjesemih/ass_ros2_ws/build/g1_ass1_pkg/test_results/g1_ass1_pkg/pep257.xunit.xml
[46.147s] 8: checking ./install/_local_setup_util_ps1.py
[46.147s] 8: checking ./install/_local_setup_util_sh.py
[46.148s] 8: No problems found
[46.159s] 8: -- run_test.py: return code 0
[46.159s] 8: -- run_test.py: verify result file '/home/broodjesemih/ass_ros2_ws/build/g1_ass1_pkg/test_results/g1_ass1_pkg/pep257.xunit.xml'
[46.166s]  8/10 Test  #8: pep257 ...........................   Passed    0.16 sec
[46.166s] test 9
[46.166s]       Start  9: uncrustify
[46.166s] 
[46.166s] 9: Test command: /usr/bin/python3 "-u" "/opt/ros/jazzy/share/ament_cmake_test/cmake/run_test.py" "/home/broodjesemih/ass_ros2_ws/build/g1_ass1_pkg/test_results/g1_ass1_pkg/uncrustify.xunit.xml" "--package-name" "g1_ass1_pkg" "--output-file" "/home/broodjesemih/ass_ros2_ws/build/g1_ass1_pkg/ament_uncrustify/uncrustify.txt" "--command" "/opt/ros/jazzy/bin/ament_uncrustify" "--xunit-file" "/home/broodjesemih/ass_ros2_ws/build/g1_ass1_pkg/test_results/g1_ass1_pkg/uncrustify.xunit.xml"
[46.166s] 9: Working Directory: /home/broodjesemih/ass_ros2_ws/src/g1_ass1_pkg
[46.166s] 9: Test timeout computed to be: 60
[46.208s] 9: -- run_test.py: invoking following command in '/home/broodjesemih/ass_ros2_ws/src/g1_ass1_pkg':
[46.208s] 9:  - /opt/ros/jazzy/bin/ament_uncrustify --xunit-file /home/broodjesemih/ass_ros2_ws/build/g1_ass1_pkg/test_results/g1_ass1_pkg/uncrustify.xunit.xml
[46.276s] 9: No code style divergence in file 'src/cijfer_calculator.cpp'
[46.276s] 9: 
[46.276s] 9: No code style divergence in file 'src/final_cijfer_determinator.cpp'
[46.276s] 9: 
[46.276s] 9: No code style divergence in file 'src/herkansing_cijfer_determinator.cpp'
[46.276s] 9: 
[46.276s] 9: No code style divergence in file 'src/herkansing_scheduler.cpp'
[46.276s] 9: 
[46.276s] 9: No code style divergence in file 'src/tentamen_result_generator.cpp'
[46.276s] 9: 
[46.276s] 9: No code style divergence in file 'test/test_cijfer_calculator.cpp'
[46.276s] 9: 
[46.276s] 9: No code style divergence in file 'test/test_cijfer_service.cpp'
[46.276s] 9: 
[46.276s] 9: No code style divergence in file 'test/test_final_cijfer_determinator.cpp'
[46.276s] 9: 
[46.276s] 9: No code style divergence in file 'test/test_tentamen_publisher.cpp'
[46.276s] 9: 
[46.277s] 9: No problems found
[46.284s] 9: -- run_test.py: return code 0
[46.284s] 9: -- run_test.py: verify result file '/home/broodjesemih/ass_ros2_ws/build/g1_ass1_pkg/test_results/g1_ass1_pkg/uncrustify.xunit.xml'
[46.291s]  9/10 Test  #9: uncrustify .......................   Passed    0.13 sec
[46.291s] test 10
[46.291s]       Start 10: xmllint
[46.292s] 
[46.292s] 10: Test command: /usr/bin/python3 "-u" "/opt/ros/jazzy/share/ament_cmake_test/cmake/run_test.py" "/home/broodjesemih/ass_ros2_ws/build/g1_ass1_pkg/test_results/g1_ass1_pkg/xmllint.xunit.xml" "--package-name" "g1_ass1_pkg" "--output-file" "/home/broodjesemih/ass_ros2_ws/build/g1_ass1_pkg/ament_xmllint/xmllint.txt" "--command" "/opt/ros/jazzy/bin/ament_xmllint" "--xunit-file" "/home/broodjesemih/ass_ros2_ws/build/g1_ass1_pkg/test_results/g1_ass1_pkg/xmllint.xunit.xml"
[46.292s] 10: Working Directory: /home/broodjesemih/ass_ros2_ws/src/g1_ass1_pkg
[46.292s] 10: Test timeout computed to be: 60
[46.331s] 10: -- run_test.py: invoking following command in '/home/broodjesemih/ass_ros2_ws/src/g1_ass1_pkg':
[46.331s] 10:  - /opt/ros/jazzy/bin/ament_xmllint --xunit-file /home/broodjesemih/ass_ros2_ws/build/g1_ass1_pkg/test_results/g1_ass1_pkg/xmllint.xunit.xml
[46.387s] 10: File 'package.xml' is valid
[46.387s] 10: 
[46.387s] 10: File 'install/g1_ass1_pkg/share/g1_ass1_pkg/package.xml' is valid
[46.387s] 10: 
[46.387s] 10: No problems found
[46.396s] 10: -- run_test.py: return code 0
[46.396s] 10: -- run_test.py: verify result file '/home/broodjesemih/ass_ros2_ws/build/g1_ass1_pkg/test_results/g1_ass1_pkg/xmllint.xunit.xml'
[46.402s] 10/10 Test #10: xmllint ..........................   Passed    0.11 sec
[46.402s] 
[46.402s] 70% tests passed[0;0m, [0;31m3 tests failed[0;0m out of 10
[46.402s] 
[46.402s] Label Time Summary:
[46.402s] cppcheck      =   0.11 sec*proc (1 test)
[46.402s] flake8        =   0.27 sec*proc (1 test)
[46.403s] gtest         =  45.51 sec*proc (4 tests)
[46.403s] lint_cmake    =   0.10 sec*proc (1 test)
[46.403s] linter        =   0.87 sec*proc (6 tests)
[46.403s] pep257        =   0.16 sec*proc (1 test)
[46.403s] uncrustify    =   0.13 sec*proc (1 test)
[46.403s] xmllint       =   0.11 sec*proc (1 test)
[46.403s] 
[46.403s] Total Test time (real) =  46.38 sec
[46.403s] 
[46.403s] The following tests FAILED:
[46.403s] 	[0;31m  2 - test_cijfer_service (Failed)[0;0m
[46.403s] 	[0;31m  3 - test_tentamen_publisher (Failed)[0;0m
[46.403s] 	[0;31m  4 - test_final_cijfer_determinator (Failed)[0;0m
[46.405s] Errors while running CTest
[46.405s] Output from these tests are in: /home/broodjesemih/ass_ros2_ws/build/g1_ass1_pkg/Testing/Temporary/LastTest.log
[46.405s] Use "--rerun-failed --output-on-failure" to re-run the failed cases verbosely.
[46.406s] Invoked command in '/home/broodjesemih/ass_ros2_ws/build/g1_ass1_pkg' returned '8': CMAKE_PREFIX_PATH=/home/broodjesemih/ass_ros2_ws/install/g1_ass1_pkg:/home/broodjesemih/ass_ros2_ws/install/g1_interface_pkg:/home/broodjesemih/minor_ws/install/robot_moveit_config:/home/broodjesemih/minor_ws/install/robot_description:/home/broodjesemih/minor_ws/install/robot_commander:/home/broodjesemih/minor_ws/install/robot_bringup:/home/broodjesemih/homework_ws/install/hw_pkg:/home/broodjesemih/homework_ws/install/broodje_interfaces:/home/broodjesemih/ros2_ws/install/templates_interfaces:/home/broodjesemih/ros2_ws/install/les_pkg:/home/broodjesemih/ros2_ws/install/my_robot_interfaces:/home/broodjesemih/les_ws-main/install/robot_moveit_config:/home/broodjesemih/les_ws-main/install/robot_description:/home/broodjesemih/les_ws-main/install/robot_commander:/home/broodjesemih/les_ws-main/install/robot_bringup:/home/broodjesemih/les_ws-main/install/les_pkg:/home/broodjesemih/les_ws-main/install/my_interfaces:/opt/ros/jazzy/opt/gz_sim_vendor:/opt/ros/jazzy/opt/gz_sensors_vendor:/opt/ros/jazzy/opt/gz_physics_vendor:/opt/ros/jazzy/opt/sdformat_vendor:/opt/ros/jazzy/opt/gz_gui_vendor:/opt/ros/jazzy/opt/gz_transport_vendor:/opt/ros/jazzy/opt/gz_rendering_vendor:/opt/ros/jazzy/opt/gz_plugin_vendor:/opt/ros/jazzy/opt/gz_fuel_tools_vendor:/opt/ros/jazzy/opt/gz_msgs_vendor:/opt/ros/jazzy/opt/gz_common_vendor:/opt/ros/jazzy/opt/gz_math_vendor:/opt/ros/jazzy/opt/gz_utils_vendor:/opt/ros/jazzy/opt/gz_tools_vendor:/opt/ros/jazzy/opt/gz_ogre_next_vendor:/opt/ros/jazzy/opt/gz_dartsim_vendor:/opt/ros/jazzy/opt/gz_cmake_vendor DEBUGINFOD_URLS=https://debuginfod.ubuntu.com /usr/bin/ctest -C Release -D ExperimentalTest --no-compress-output -V --force-new-ctest-process
