<?xml version="1.0" encoding="UTF-8"?>
<Site BuildName="(empty)"
	BuildStamp="20251006-1331-Experimental"
	Name="xubuntu"
	Generator="ctest-3.28.3"
	CompilerName="/usr/bin/c++"
	CompilerVersion="13.3.0"
	OSName="Linux"
	Hostname="xubuntu"
	OSRelease="6.14.0-33-generic"
	OSVersion="#33~24.04.1-Ubuntu SMP PREEMPT_DYNAMIC Fri Sep 19 17:02:30 UTC 2"
	OSPlatform="x86_64"
	Is64Bits="1"
	VendorString="GenuineIntel"
	VendorID="Intel Corporation"
	FamilyID="6"
	ModelID="154"
	ProcessorCacheSize="24576"
	NumberOfLogicalCPU="20"
	NumberOfPhysicalCPU="14"
	TotalVirtualMemory="4095"
	TotalPhysicalMemory="15610"
	LogicalProcessorsPerPhysical="1"
	ProcessorClockFrequency="3316.34"
	>
	<Testing>
		<StartDateTime>Oct 06 15:31 CEST</StartDateTime>
		<StartTestTime>1759757465</StartTestTime>
		<TestList>
			<Test>./test_cijfer_calculator</Test>
			<Test>./test_cijfer_service</Test>
			<Test>./test_tentamen_publisher</Test>
			<Test>./test_final_cijfer_determinator</Test>
			<Test>./cppcheck</Test>
			<Test>./flake8</Test>
			<Test>./lint_cmake</Test>
			<Test>./pep257</Test>
			<Test>./uncrustify</Test>
			<Test>./xmllint</Test>
		</TestList>
		<Test Status="passed">
			<Name>test_cijfer_calculator</Name>
			<Path>.</Path>
			<FullName>./test_cijfer_calculator</FullName>
			<FullCommandLine>/usr/bin/python3 "-u" "/opt/ros/jazzy/share/ament_cmake_test/cmake/run_test.py" "/home/broodjesemih/ass_ros2_ws/build/g1_ass1_pkg/test_results/g1_ass1_pkg/test_cijfer_calculator.gtest.xml" "--package-name" "g1_ass1_pkg" "--output-file" "/home/broodjesemih/ass_ros2_ws/build/g1_ass1_pkg/ament_cmake_gtest/test_cijfer_calculator.txt" "--command" "/home/broodjesemih/ass_ros2_ws/build/g1_ass1_pkg/test_cijfer_calculator" "--gtest_output=xml:/home/broodjesemih/ass_ros2_ws/build/g1_ass1_pkg/test_results/g1_ass1_pkg/test_cijfer_calculator.gtest.xml"</FullCommandLine>
			<Results>
				<NamedMeasurement type="numeric/double" name="Execution Time">
					<Value>0.0457569</Value>
				</NamedMeasurement>
				<NamedMeasurement type="numeric/double" name="Processors">
					<Value>1</Value>
				</NamedMeasurement>
				<NamedMeasurement type="text/string" name="Completion Status">
					<Value>Completed</Value>
				</NamedMeasurement>
				<NamedMeasurement type="text/string" name="Command Line">
					<Value>/usr/bin/python3 "-u" "/opt/ros/jazzy/share/ament_cmake_test/cmake/run_test.py" "/home/broodjesemih/ass_ros2_ws/build/g1_ass1_pkg/test_results/g1_ass1_pkg/test_cijfer_calculator.gtest.xml" "--package-name" "g1_ass1_pkg" "--output-file" "/home/broodjesemih/ass_ros2_ws/build/g1_ass1_pkg/ament_cmake_gtest/test_cijfer_calculator.txt" "--command" "/home/broodjesemih/ass_ros2_ws/build/g1_ass1_pkg/test_cijfer_calculator" "--gtest_output=xml:/home/broodjesemih/ass_ros2_ws/build/g1_ass1_pkg/test_results/g1_ass1_pkg/test_cijfer_calculator.gtest.xml"</Value>
				</NamedMeasurement>
				<NamedMeasurement type="text/string" name="Environment">
					<Value>#CTEST_RESOURCE_GROUP_COUNT=</Value>
				</NamedMeasurement>
				<Measurement>
					<Value>-- run_test.py: invoking following command in '/home/broodjesemih/ass_ros2_ws/build/g1_ass1_pkg':
 - /home/broodjesemih/ass_ros2_ws/build/g1_ass1_pkg/test_cijfer_calculator --gtest_output=xml:/home/broodjesemih/ass_ros2_ws/build/g1_ass1_pkg/test_results/g1_ass1_pkg/test_cijfer_calculator.gtest.xml
[==========] Running 1 test from 1 test suite.
[----------] Global test environment set-up.
[----------] 1 test from TestSuite
[ RUN      ] TestSuite.test_example
[       OK ] TestSuite.test_example (0 ms)
[----------] 1 test from TestSuite (0 ms total)

[----------] Global test environment tear-down
[==========] 1 test from 1 test suite ran. (0 ms total)
[  PASSED  ] 1 test.
-- run_test.py: return code 0
-- run_test.py: inject classname prefix into gtest result file '/home/broodjesemih/ass_ros2_ws/build/g1_ass1_pkg/test_results/g1_ass1_pkg/test_cijfer_calculator.gtest.xml'
-- run_test.py: verify result file '/home/broodjesemih/ass_ros2_ws/build/g1_ass1_pkg/test_results/g1_ass1_pkg/test_cijfer_calculator.gtest.xml'
</Value>
				</Measurement>
			</Results>
			<Labels>
				<Label>gtest</Label>
			</Labels>
		</Test>
		<Test Status="passed">
			<Name>test_cijfer_service</Name>
			<Path>.</Path>
			<FullName>./test_cijfer_service</FullName>
			<FullCommandLine>/usr/bin/python3 "-u" "/opt/ros/jazzy/share/ament_cmake_test/cmake/run_test.py" "/home/broodjesemih/ass_ros2_ws/build/g1_ass1_pkg/test_results/g1_ass1_pkg/test_cijfer_service.gtest.xml" "--package-name" "g1_ass1_pkg" "--output-file" "/home/broodjesemih/ass_ros2_ws/build/g1_ass1_pkg/ament_cmake_gtest/test_cijfer_service.txt" "--command" "/home/broodjesemih/ass_ros2_ws/build/g1_ass1_pkg/test_cijfer_service" "--gtest_output=xml:/home/broodjesemih/ass_ros2_ws/build/g1_ass1_pkg/test_results/g1_ass1_pkg/test_cijfer_service.gtest.xml"</FullCommandLine>
			<Results>
				<NamedMeasurement type="numeric/double" name="Execution Time">
					<Value>1.66692</Value>
				</NamedMeasurement>
				<NamedMeasurement type="numeric/double" name="Processors">
					<Value>1</Value>
				</NamedMeasurement>
				<NamedMeasurement type="text/string" name="Completion Status">
					<Value>Completed</Value>
				</NamedMeasurement>
				<NamedMeasurement type="text/string" name="Command Line">
					<Value>/usr/bin/python3 "-u" "/opt/ros/jazzy/share/ament_cmake_test/cmake/run_test.py" "/home/broodjesemih/ass_ros2_ws/build/g1_ass1_pkg/test_results/g1_ass1_pkg/test_cijfer_service.gtest.xml" "--package-name" "g1_ass1_pkg" "--output-file" "/home/broodjesemih/ass_ros2_ws/build/g1_ass1_pkg/ament_cmake_gtest/test_cijfer_service.txt" "--command" "/home/broodjesemih/ass_ros2_ws/build/g1_ass1_pkg/test_cijfer_service" "--gtest_output=xml:/home/broodjesemih/ass_ros2_ws/build/g1_ass1_pkg/test_results/g1_ass1_pkg/test_cijfer_service.gtest.xml"</Value>
				</NamedMeasurement>
				<NamedMeasurement type="text/string" name="Environment">
					<Value>#CTEST_RESOURCE_GROUP_COUNT=</Value>
				</NamedMeasurement>
				<Measurement>
					<Value>-- run_test.py: invoking following command in '/home/broodjesemih/ass_ros2_ws/build/g1_ass1_pkg':
 - /home/broodjesemih/ass_ros2_ws/build/g1_ass1_pkg/test_cijfer_service --gtest_output=xml:/home/broodjesemih/ass_ros2_ws/build/g1_ass1_pkg/test_results/g1_ass1_pkg/test_cijfer_service.gtest.xml
[==========] Running 5 tests from 1 test suite.
[----------] Global test environment set-up.
[----------] 5 tests from TestCijferService
[ RUN      ] TestCijferService.test_average_calculation
[       OK ] TestCijferService.test_average_calculation (532 ms)
[ RUN      ] TestCijferService.test_wessel_bonus
[       OK ] TestCijferService.test_wessel_bonus (197 ms)
[ RUN      ] TestCijferService.test_max_clamp
[       OK ] TestCijferService.test_max_clamp (115 ms)
[ RUN      ] TestCijferService.test_min_clamp
[       OK ] TestCijferService.test_min_clamp (201 ms)
[ RUN      ] TestCijferService.test_empty_cijfers
[       OK ] TestCijferService.test_empty_cijfers (455 ms)
[----------] 5 tests from TestCijferService (1502 ms total)

[----------] Global test environment tear-down
[==========] 5 tests from 1 test suite ran. (1507 ms total)
[  PASSED  ] 5 tests.
-- run_test.py: return code 0
-- run_test.py: inject classname prefix into gtest result file '/home/broodjesemih/ass_ros2_ws/build/g1_ass1_pkg/test_results/g1_ass1_pkg/test_cijfer_service.gtest.xml'
-- run_test.py: verify result file '/home/broodjesemih/ass_ros2_ws/build/g1_ass1_pkg/test_results/g1_ass1_pkg/test_cijfer_service.gtest.xml'
</Value>
				</Measurement>
			</Results>
			<Labels>
				<Label>gtest</Label>
			</Labels>
		</Test>
		<Test Status="passed">
			<Name>test_tentamen_publisher</Name>
			<Path>.</Path>
			<FullName>./test_tentamen_publisher</FullName>
			<FullCommandLine>/usr/bin/python3 "-u" "/opt/ros/jazzy/share/ament_cmake_test/cmake/run_test.py" "/home/broodjesemih/ass_ros2_ws/build/g1_ass1_pkg/test_results/g1_ass1_pkg/test_tentamen_publisher.gtest.xml" "--package-name" "g1_ass1_pkg" "--output-file" "/home/broodjesemih/ass_ros2_ws/build/g1_ass1_pkg/ament_cmake_gtest/test_tentamen_publisher.txt" "--command" "/home/broodjesemih/ass_ros2_ws/build/g1_ass1_pkg/test_tentamen_publisher" "--gtest_output=xml:/home/broodjesemih/ass_ros2_ws/build/g1_ass1_pkg/test_results/g1_ass1_pkg/test_tentamen_publisher.gtest.xml"</FullCommandLine>
			<Results>
				<NamedMeasurement type="numeric/double" name="Execution Time">
					<Value>5.80766</Value>
				</NamedMeasurement>
				<NamedMeasurement type="numeric/double" name="Processors">
					<Value>1</Value>
				</NamedMeasurement>
				<NamedMeasurement type="text/string" name="Completion Status">
					<Value>Completed</Value>
				</NamedMeasurement>
				<NamedMeasurement type="text/string" name="Command Line">
					<Value>/usr/bin/python3 "-u" "/opt/ros/jazzy/share/ament_cmake_test/cmake/run_test.py" "/home/broodjesemih/ass_ros2_ws/build/g1_ass1_pkg/test_results/g1_ass1_pkg/test_tentamen_publisher.gtest.xml" "--package-name" "g1_ass1_pkg" "--output-file" "/home/broodjesemih/ass_ros2_ws/build/g1_ass1_pkg/ament_cmake_gtest/test_tentamen_publisher.txt" "--command" "/home/broodjesemih/ass_ros2_ws/build/g1_ass1_pkg/test_tentamen_publisher" "--gtest_output=xml:/home/broodjesemih/ass_ros2_ws/build/g1_ass1_pkg/test_results/g1_ass1_pkg/test_tentamen_publisher.gtest.xml"</Value>
				</NamedMeasurement>
				<NamedMeasurement type="text/string" name="Environment">
					<Value>#CTEST_RESOURCE_GROUP_COUNT=</Value>
				</NamedMeasurement>
				<Measurement>
					<Value>-- run_test.py: invoking following command in '/home/broodjesemih/ass_ros2_ws/build/g1_ass1_pkg':
 - /home/broodjesemih/ass_ros2_ws/build/g1_ass1_pkg/test_tentamen_publisher --gtest_output=xml:/home/broodjesemih/ass_ros2_ws/build/g1_ass1_pkg/test_results/g1_ass1_pkg/test_tentamen_publisher.gtest.xml
[==========] Running 2 tests from 1 test suite.
[----------] Global test environment set-up.
[----------] 2 tests from TestTentamenPublisher
[ RUN      ] TestTentamenPublisher.test_tentamen_published
[       OK ] TestTentamenPublisher.test_tentamen_published (615 ms)
[ RUN      ] TestTentamenPublisher.test_multiple_messages
[       OK ] TestTentamenPublisher.test_multiple_messages (5025 ms)
[----------] 2 tests from TestTentamenPublisher (5640 ms total)

[----------] Global test environment tear-down
[==========] 2 tests from 1 test suite ran. (5644 ms total)
[  PASSED  ] 2 tests.
-- run_test.py: return code 0
-- run_test.py: inject classname prefix into gtest result file '/home/broodjesemih/ass_ros2_ws/build/g1_ass1_pkg/test_results/g1_ass1_pkg/test_tentamen_publisher.gtest.xml'
-- run_test.py: verify result file '/home/broodjesemih/ass_ros2_ws/build/g1_ass1_pkg/test_results/g1_ass1_pkg/test_tentamen_publisher.gtest.xml'
</Value>
				</Measurement>
			</Results>
			<Labels>
				<Label>gtest</Label>
			</Labels>
		</Test>
		<Test Status="passed">
			<Name>test_final_cijfer_determinator</Name>
			<Path>.</Path>
			<FullName>./test_final_cijfer_determinator</FullName>
			<FullCommandLine>/usr/bin/python3 "-u" "/opt/ros/jazzy/share/ament_cmake_test/cmake/run_test.py" "/home/broodjesemih/ass_ros2_ws/build/g1_ass1_pkg/test_results/g1_ass1_pkg/test_final_cijfer_determinator.gtest.xml" "--package-name" "g1_ass1_pkg" "--output-file" "/home/broodjesemih/ass_ros2_ws/build/g1_ass1_pkg/ament_cmake_gtest/test_final_cijfer_determinator.txt" "--command" "/home/broodjesemih/ass_ros2_ws/build/g1_ass1_pkg/test_final_cijfer_determinator" "--gtest_output=xml:/home/broodjesemih/ass_ros2_ws/build/g1_ass1_pkg/test_results/g1_ass1_pkg/test_final_cijfer_determinator.gtest.xml"</FullCommandLine>
			<Results>
				<NamedMeasurement type="numeric/double" name="Execution Time">
					<Value>5.00836</Value>
				</NamedMeasurement>
				<NamedMeasurement type="numeric/double" name="Processors">
					<Value>1</Value>
				</NamedMeasurement>
				<NamedMeasurement type="text/string" name="Completion Status">
					<Value>Completed</Value>
				</NamedMeasurement>
				<NamedMeasurement type="text/string" name="Command Line">
					<Value>/usr/bin/python3 "-u" "/opt/ros/jazzy/share/ament_cmake_test/cmake/run_test.py" "/home/broodjesemih/ass_ros2_ws/build/g1_ass1_pkg/test_results/g1_ass1_pkg/test_final_cijfer_determinator.gtest.xml" "--package-name" "g1_ass1_pkg" "--output-file" "/home/broodjesemih/ass_ros2_ws/build/g1_ass1_pkg/ament_cmake_gtest/test_final_cijfer_determinator.txt" "--command" "/home/broodjesemih/ass_ros2_ws/build/g1_ass1_pkg/test_final_cijfer_determinator" "--gtest_output=xml:/home/broodjesemih/ass_ros2_ws/build/g1_ass1_pkg/test_results/g1_ass1_pkg/test_final_cijfer_determinator.gtest.xml"</Value>
				</NamedMeasurement>
				<NamedMeasurement type="text/string" name="Environment">
					<Value>#CTEST_RESOURCE_GROUP_COUNT=</Value>
				</NamedMeasurement>
				<Measurement>
					<Value>-- run_test.py: invoking following command in '/home/broodjesemih/ass_ros2_ws/build/g1_ass1_pkg':
 - /home/broodjesemih/ass_ros2_ws/build/g1_ass1_pkg/test_final_cijfer_determinator --gtest_output=xml:/home/broodjesemih/ass_ros2_ws/build/g1_ass1_pkg/test_results/g1_ass1_pkg/test_final_cijfer_determinator.gtest.xml
[==========] Running 3 tests from 1 test suite.
[----------] Global test environment set-up.
[----------] 3 tests from TestFinalCijferDeterminator
[ RUN      ] TestFinalCijferDeterminator.test_subscription_active
[       OK ] TestFinalCijferDeterminator.test_subscription_active (512 ms)
[ RUN      ] TestFinalCijferDeterminator.test_tentamen_reception
[       OK ] TestFinalCijferDeterminator.test_tentamen_reception (2612 ms)
[ RUN      ] TestFinalCijferDeterminator.test_three_tentamen_threshold
[       OK ] TestFinalCijferDeterminator.test_three_tentamen_threshold (1710 ms)
[----------] 3 tests from TestFinalCijferDeterminator (4835 ms total)

[----------] Global test environment tear-down
[==========] 3 tests from 1 test suite ran. (4842 ms total)
[  PASSED  ] 3 tests.
-- run_test.py: return code 0
-- run_test.py: inject classname prefix into gtest result file '/home/broodjesemih/ass_ros2_ws/build/g1_ass1_pkg/test_results/g1_ass1_pkg/test_final_cijfer_determinator.gtest.xml'
-- run_test.py: verify result file '/home/broodjesemih/ass_ros2_ws/build/g1_ass1_pkg/test_results/g1_ass1_pkg/test_final_cijfer_determinator.gtest.xml'
</Value>
				</Measurement>
			</Results>
			<Labels>
				<Label>gtest</Label>
			</Labels>
		</Test>
		<Test Status="passed">
			<Name>cppcheck</Name>
			<Path>.</Path>
			<FullName>./cppcheck</FullName>
			<FullCommandLine>/usr/bin/python3 "-u" "/opt/ros/jazzy/share/ament_cmake_test/cmake/run_test.py" "/home/broodjesemih/ass_ros2_ws/build/g1_ass1_pkg/test_results/g1_ass1_pkg/cppcheck.xunit.xml" "--package-name" "g1_ass1_pkg" "--output-file" "/home/broodjesemih/ass_ros2_ws/build/g1_ass1_pkg/ament_cppcheck/cppcheck.txt" "--command" "/opt/ros/jazzy/bin/ament_cppcheck" "--xunit-file" "/home/broodjesemih/ass_ros2_ws/build/g1_ass1_pkg/test_results/g1_ass1_pkg/cppcheck.xunit.xml"</FullCommandLine>
			<Results>
				<NamedMeasurement type="numeric/double" name="Execution Time">
					<Value>0.108304</Value>
				</NamedMeasurement>
				<NamedMeasurement type="numeric/double" name="Processors">
					<Value>1</Value>
				</NamedMeasurement>
				<NamedMeasurement type="text/string" name="Completion Status">
					<Value>Completed</Value>
				</NamedMeasurement>
				<NamedMeasurement type="text/string" name="Command Line">
					<Value>/usr/bin/python3 "-u" "/opt/ros/jazzy/share/ament_cmake_test/cmake/run_test.py" "/home/broodjesemih/ass_ros2_ws/build/g1_ass1_pkg/test_results/g1_ass1_pkg/cppcheck.xunit.xml" "--package-name" "g1_ass1_pkg" "--output-file" "/home/broodjesemih/ass_ros2_ws/build/g1_ass1_pkg/ament_cppcheck/cppcheck.txt" "--command" "/opt/ros/jazzy/bin/ament_cppcheck" "--xunit-file" "/home/broodjesemih/ass_ros2_ws/build/g1_ass1_pkg/test_results/g1_ass1_pkg/cppcheck.xunit.xml"</Value>
				</NamedMeasurement>
				<NamedMeasurement type="text/string" name="Environment">
					<Value>#CTEST_RESOURCE_GROUP_COUNT=</Value>
				</NamedMeasurement>
				<Measurement>
					<Value>-- run_test.py: invoking following command in '/home/broodjesemih/ass_ros2_ws/src/g1_ass1_pkg':
 - /opt/ros/jazzy/bin/ament_cppcheck --xunit-file /home/broodjesemih/ass_ros2_ws/build/g1_ass1_pkg/test_results/g1_ass1_pkg/cppcheck.xunit.xml
cppcheck 2.13.0 has known performance issues and therefore will not be used, set the AMENT_CPPCHECK_ALLOW_SLOW_VERSIONS environment variable to override this.
-- run_test.py: return code 0
-- run_test.py: verify result file '/home/broodjesemih/ass_ros2_ws/build/g1_ass1_pkg/test_results/g1_ass1_pkg/cppcheck.xunit.xml'
</Value>
				</Measurement>
			</Results>
			<Labels>
				<Label>cppcheck</Label>
				<Label>linter</Label>
			</Labels>
		</Test>
		<Test Status="passed">
			<Name>flake8</Name>
			<Path>.</Path>
			<FullName>./flake8</FullName>
			<FullCommandLine>/usr/bin/python3 "-u" "/opt/ros/jazzy/share/ament_cmake_test/cmake/run_test.py" "/home/broodjesemih/ass_ros2_ws/build/g1_ass1_pkg/test_results/g1_ass1_pkg/flake8.xunit.xml" "--package-name" "g1_ass1_pkg" "--output-file" "/home/broodjesemih/ass_ros2_ws/build/g1_ass1_pkg/ament_flake8/flake8.txt" "--command" "/opt/ros/jazzy/bin/ament_flake8" "--xunit-file" "/home/broodjesemih/ass_ros2_ws/build/g1_ass1_pkg/test_results/g1_ass1_pkg/flake8.xunit.xml"</FullCommandLine>
			<Results>
				<NamedMeasurement type="numeric/double" name="Execution Time">
					<Value>0.260319</Value>
				</NamedMeasurement>
				<NamedMeasurement type="numeric/double" name="Processors">
					<Value>1</Value>
				</NamedMeasurement>
				<NamedMeasurement type="text/string" name="Completion Status">
					<Value>Completed</Value>
				</NamedMeasurement>
				<NamedMeasurement type="text/string" name="Command Line">
					<Value>/usr/bin/python3 "-u" "/opt/ros/jazzy/share/ament_cmake_test/cmake/run_test.py" "/home/broodjesemih/ass_ros2_ws/build/g1_ass1_pkg/test_results/g1_ass1_pkg/flake8.xunit.xml" "--package-name" "g1_ass1_pkg" "--output-file" "/home/broodjesemih/ass_ros2_ws/build/g1_ass1_pkg/ament_flake8/flake8.txt" "--command" "/opt/ros/jazzy/bin/ament_flake8" "--xunit-file" "/home/broodjesemih/ass_ros2_ws/build/g1_ass1_pkg/test_results/g1_ass1_pkg/flake8.xunit.xml"</Value>
				</NamedMeasurement>
				<NamedMeasurement type="text/string" name="Environment">
					<Value>#CTEST_RESOURCE_GROUP_COUNT=</Value>
				</NamedMeasurement>
				<Measurement>
					<Value>-- run_test.py: invoking following command in '/home/broodjesemih/ass_ros2_ws/src/g1_ass1_pkg':
 - /opt/ros/jazzy/bin/ament_flake8 --xunit-file /home/broodjesemih/ass_ros2_ws/build/g1_ass1_pkg/test_results/g1_ass1_pkg/flake8.xunit.xml

2 files checked
No problems found

Checked files:

* ./install/_local_setup_util_sh.py
* ./install/_local_setup_util_ps1.py
-- run_test.py: return code 0
-- run_test.py: verify result file '/home/broodjesemih/ass_ros2_ws/build/g1_ass1_pkg/test_results/g1_ass1_pkg/flake8.xunit.xml'
</Value>
				</Measurement>
			</Results>
			<Labels>
				<Label>flake8</Label>
				<Label>linter</Label>
			</Labels>
		</Test>
		<Test Status="passed">
			<Name>lint_cmake</Name>
			<Path>.</Path>
			<FullName>./lint_cmake</FullName>
			<FullCommandLine>/usr/bin/python3 "-u" "/opt/ros/jazzy/share/ament_cmake_test/cmake/run_test.py" "/home/broodjesemih/ass_ros2_ws/build/g1_ass1_pkg/test_results/g1_ass1_pkg/lint_cmake.xunit.xml" "--package-name" "g1_ass1_pkg" "--output-file" "/home/broodjesemih/ass_ros2_ws/build/g1_ass1_pkg/ament_lint_cmake/lint_cmake.txt" "--command" "/opt/ros/jazzy/bin/ament_lint_cmake" "--xunit-file" "/home/broodjesemih/ass_ros2_ws/build/g1_ass1_pkg/test_results/g1_ass1_pkg/lint_cmake.xunit.xml"</FullCommandLine>
			<Results>
				<NamedMeasurement type="numeric/double" name="Execution Time">
					<Value>0.105308</Value>
				</NamedMeasurement>
				<NamedMeasurement type="numeric/double" name="Processors">
					<Value>1</Value>
				</NamedMeasurement>
				<NamedMeasurement type="text/string" name="Completion Status">
					<Value>Completed</Value>
				</NamedMeasurement>
				<NamedMeasurement type="text/string" name="Command Line">
					<Value>/usr/bin/python3 "-u" "/opt/ros/jazzy/share/ament_cmake_test/cmake/run_test.py" "/home/broodjesemih/ass_ros2_ws/build/g1_ass1_pkg/test_results/g1_ass1_pkg/lint_cmake.xunit.xml" "--package-name" "g1_ass1_pkg" "--output-file" "/home/broodjesemih/ass_ros2_ws/build/g1_ass1_pkg/ament_lint_cmake/lint_cmake.txt" "--command" "/opt/ros/jazzy/bin/ament_lint_cmake" "--xunit-file" "/home/broodjesemih/ass_ros2_ws/build/g1_ass1_pkg/test_results/g1_ass1_pkg/lint_cmake.xunit.xml"</Value>
				</NamedMeasurement>
				<NamedMeasurement type="text/string" name="Environment">
					<Value>#CTEST_RESOURCE_GROUP_COUNT=</Value>
				</NamedMeasurement>
				<Measurement>
					<Value>-- run_test.py: invoking following command in '/home/broodjesemih/ass_ros2_ws/src/g1_ass1_pkg':
 - /opt/ros/jazzy/bin/ament_lint_cmake --xunit-file /home/broodjesemih/ass_ros2_ws/build/g1_ass1_pkg/test_results/g1_ass1_pkg/lint_cmake.xunit.xml

No problems found
-- run_test.py: return code 0
-- run_test.py: verify result file '/home/broodjesemih/ass_ros2_ws/build/g1_ass1_pkg/test_results/g1_ass1_pkg/lint_cmake.xunit.xml'
</Value>
				</Measurement>
			</Results>
			<Labels>
				<Label>lint_cmake</Label>
				<Label>linter</Label>
			</Labels>
		</Test>
		<Test Status="passed">
			<Name>pep257</Name>
			<Path>.</Path>
			<FullName>./pep257</FullName>
			<FullCommandLine>/usr/bin/python3 "-u" "/opt/ros/jazzy/share/ament_cmake_test/cmake/run_test.py" "/home/broodjesemih/ass_ros2_ws/build/g1_ass1_pkg/test_results/g1_ass1_pkg/pep257.xunit.xml" "--package-name" "g1_ass1_pkg" "--output-file" "/home/broodjesemih/ass_ros2_ws/build/g1_ass1_pkg/ament_pep257/pep257.txt" "--command" "/opt/ros/jazzy/bin/ament_pep257" "--xunit-file" "/home/broodjesemih/ass_ros2_ws/build/g1_ass1_pkg/test_results/g1_ass1_pkg/pep257.xunit.xml"</FullCommandLine>
			<Results>
				<NamedMeasurement type="numeric/double" name="Execution Time">
					<Value>0.158592</Value>
				</NamedMeasurement>
				<NamedMeasurement type="numeric/double" name="Processors">
					<Value>1</Value>
				</NamedMeasurement>
				<NamedMeasurement type="text/string" name="Completion Status">
					<Value>Completed</Value>
				</NamedMeasurement>
				<NamedMeasurement type="text/string" name="Command Line">
					<Value>/usr/bin/python3 "-u" "/opt/ros/jazzy/share/ament_cmake_test/cmake/run_test.py" "/home/broodjesemih/ass_ros2_ws/build/g1_ass1_pkg/test_results/g1_ass1_pkg/pep257.xunit.xml" "--package-name" "g1_ass1_pkg" "--output-file" "/home/broodjesemih/ass_ros2_ws/build/g1_ass1_pkg/ament_pep257/pep257.txt" "--command" "/opt/ros/jazzy/bin/ament_pep257" "--xunit-file" "/home/broodjesemih/ass_ros2_ws/build/g1_ass1_pkg/test_results/g1_ass1_pkg/pep257.xunit.xml"</Value>
				</NamedMeasurement>
				<NamedMeasurement type="text/string" name="Environment">
					<Value>#CTEST_RESOURCE_GROUP_COUNT=</Value>
				</NamedMeasurement>
				<Measurement>
					<Value>-- run_test.py: invoking following command in '/home/broodjesemih/ass_ros2_ws/src/g1_ass1_pkg':
 - /opt/ros/jazzy/bin/ament_pep257 --xunit-file /home/broodjesemih/ass_ros2_ws/build/g1_ass1_pkg/test_results/g1_ass1_pkg/pep257.xunit.xml
checking ./install/_local_setup_util_ps1.py
checking ./install/_local_setup_util_sh.py
No problems found
-- run_test.py: return code 0
-- run_test.py: verify result file '/home/broodjesemih/ass_ros2_ws/build/g1_ass1_pkg/test_results/g1_ass1_pkg/pep257.xunit.xml'
</Value>
				</Measurement>
			</Results>
			<Labels>
				<Label>linter</Label>
				<Label>pep257</Label>
			</Labels>
		</Test>
		<Test Status="passed">
			<Name>uncrustify</Name>
			<Path>.</Path>
			<FullName>./uncrustify</FullName>
			<FullCommandLine>/usr/bin/python3 "-u" "/opt/ros/jazzy/share/ament_cmake_test/cmake/run_test.py" "/home/broodjesemih/ass_ros2_ws/build/g1_ass1_pkg/test_results/g1_ass1_pkg/uncrustify.xunit.xml" "--package-name" "g1_ass1_pkg" "--output-file" "/home/broodjesemih/ass_ros2_ws/build/g1_ass1_pkg/ament_uncrustify/uncrustify.txt" "--command" "/opt/ros/jazzy/bin/ament_uncrustify" "--xunit-file" "/home/broodjesemih/ass_ros2_ws/build/g1_ass1_pkg/test_results/g1_ass1_pkg/uncrustify.xunit.xml"</FullCommandLine>
			<Results>
				<NamedMeasurement type="numeric/double" name="Execution Time">
					<Value>0.128145</Value>
				</NamedMeasurement>
				<NamedMeasurement type="numeric/double" name="Processors">
					<Value>1</Value>
				</NamedMeasurement>
				<NamedMeasurement type="text/string" name="Completion Status">
					<Value>Completed</Value>
				</NamedMeasurement>
				<NamedMeasurement type="text/string" name="Command Line">
					<Value>/usr/bin/python3 "-u" "/opt/ros/jazzy/share/ament_cmake_test/cmake/run_test.py" "/home/broodjesemih/ass_ros2_ws/build/g1_ass1_pkg/test_results/g1_ass1_pkg/uncrustify.xunit.xml" "--package-name" "g1_ass1_pkg" "--output-file" "/home/broodjesemih/ass_ros2_ws/build/g1_ass1_pkg/ament_uncrustify/uncrustify.txt" "--command" "/opt/ros/jazzy/bin/ament_uncrustify" "--xunit-file" "/home/broodjesemih/ass_ros2_ws/build/g1_ass1_pkg/test_results/g1_ass1_pkg/uncrustify.xunit.xml"</Value>
				</NamedMeasurement>
				<NamedMeasurement type="text/string" name="Environment">
					<Value>#CTEST_RESOURCE_GROUP_COUNT=</Value>
				</NamedMeasurement>
				<Measurement>
					<Value>-- run_test.py: invoking following command in '/home/broodjesemih/ass_ros2_ws/src/g1_ass1_pkg':
 - /opt/ros/jazzy/bin/ament_uncrustify --xunit-file /home/broodjesemih/ass_ros2_ws/build/g1_ass1_pkg/test_results/g1_ass1_pkg/uncrustify.xunit.xml
No code style divergence in file 'src/cijfer_calculator.cpp'

No code style divergence in file 'src/final_cijfer_determinator.cpp'

No code style divergence in file 'src/herkansing_cijfer_determinator.cpp'

No code style divergence in file 'src/herkansing_scheduler.cpp'

No code style divergence in file 'src/tentamen_result_generator.cpp'

No code style divergence in file 'test/test_cijfer_calculator.cpp'

No code style divergence in file 'test/test_cijfer_service.cpp'

No code style divergence in file 'test/test_final_cijfer_determinator.cpp'

No code style divergence in file 'test/test_tentamen_publisher.cpp'

No problems found
-- run_test.py: return code 0
-- run_test.py: verify result file '/home/broodjesemih/ass_ros2_ws/build/g1_ass1_pkg/test_results/g1_ass1_pkg/uncrustify.xunit.xml'
</Value>
				</Measurement>
			</Results>
			<Labels>
				<Label>linter</Label>
				<Label>uncrustify</Label>
			</Labels>
		</Test>
		<Test Status="passed">
			<Name>xmllint</Name>
			<Path>.</Path>
			<FullName>./xmllint</FullName>
			<FullCommandLine>/usr/bin/python3 "-u" "/opt/ros/jazzy/share/ament_cmake_test/cmake/run_test.py" "/home/broodjesemih/ass_ros2_ws/build/g1_ass1_pkg/test_results/g1_ass1_pkg/xmllint.xunit.xml" "--package-name" "g1_ass1_pkg" "--output-file" "/home/broodjesemih/ass_ros2_ws/build/g1_ass1_pkg/ament_xmllint/xmllint.txt" "--command" "/opt/ros/jazzy/bin/ament_xmllint" "--xunit-file" "/home/broodjesemih/ass_ros2_ws/build/g1_ass1_pkg/test_results/g1_ass1_pkg/xmllint.xunit.xml"</FullCommandLine>
			<Results>
				<NamedMeasurement type="numeric/double" name="Execution Time">
					<Value>0.102772</Value>
				</NamedMeasurement>
				<NamedMeasurement type="numeric/double" name="Processors">
					<Value>1</Value>
				</NamedMeasurement>
				<NamedMeasurement type="text/string" name="Completion Status">
					<Value>Completed</Value>
				</NamedMeasurement>
				<NamedMeasurement type="text/string" name="Command Line">
					<Value>/usr/bin/python3 "-u" "/opt/ros/jazzy/share/ament_cmake_test/cmake/run_test.py" "/home/broodjesemih/ass_ros2_ws/build/g1_ass1_pkg/test_results/g1_ass1_pkg/xmllint.xunit.xml" "--package-name" "g1_ass1_pkg" "--output-file" "/home/broodjesemih/ass_ros2_ws/build/g1_ass1_pkg/ament_xmllint/xmllint.txt" "--command" "/opt/ros/jazzy/bin/ament_xmllint" "--xunit-file" "/home/broodjesemih/ass_ros2_ws/build/g1_ass1_pkg/test_results/g1_ass1_pkg/xmllint.xunit.xml"</Value>
				</NamedMeasurement>
				<NamedMeasurement type="text/string" name="Environment">
					<Value>#CTEST_RESOURCE_GROUP_COUNT=</Value>
				</NamedMeasurement>
				<Measurement>
					<Value>-- run_test.py: invoking following command in '/home/broodjesemih/ass_ros2_ws/src/g1_ass1_pkg':
 - /opt/ros/jazzy/bin/ament_xmllint --xunit-file /home/broodjesemih/ass_ros2_ws/build/g1_ass1_pkg/test_results/g1_ass1_pkg/xmllint.xunit.xml
File 'package.xml' is valid

File 'install/g1_ass1_pkg/share/g1_ass1_pkg/package.xml' is valid

No problems found
-- run_test.py: return code 0
-- run_test.py: verify result file '/home/broodjesemih/ass_ros2_ws/build/g1_ass1_pkg/test_results/g1_ass1_pkg/xmllint.xunit.xml'
</Value>
				</Measurement>
			</Results>
			<Labels>
				<Label>linter</Label>
				<Label>xmllint</Label>
			</Labels>
		</Test>
		<EndDateTime>Oct 06 15:31 CEST</EndDateTime>
		<EndTestTime>1759757479</EndTestTime>
		<ElapsedMinutes>0</ElapsedMinutes>
	</Testing>
</Site>
